16.11.2023 21:34:45   [Delete]   Key = Y   Payload = 0   success
16.11.2023 21:34:46   [Delete]   Key = A   Payload = 0   success
16.11.2023 21:34:47   [Delete]   Key = R   Payload = 0   success
16.11.2023 21:34:48   [Delete]   Key = 0   Payload = 0   success
16.11.2023 21:34:49   [Delete]   Key = C   Payload = 0   success
16.11.2023 21:34:50   [Delete]   Key = H   Payload = 0   success
16.11.2023 21:34:51   [Delete]   Key = L   Payload = 0   success
16.11.2023 21:34:52   [Delete]   Key = 8   Payload = 0   success
16.11.2023 21:34:53   [Delete]   Key = <   Payload = 0   success
16.11.2023 21:34:54   [Delete]   Key = >   Payload = 0   success
16.11.2023 21:34:55   [Delete]   Key = 5   Payload = 0   error
16.11.2023 21:34:56   [Delete]   Key = ]   Payload = 0   error
16.11.2023 21:34:57   [Delete]   Key = O   Payload = 0   error
16.11.2023 21:34:58   [Delete]   Key = K   Payload = 0   error
16.11.2023 21:34:59   [Delete]   Key = ;   Payload = 0   error
16.11.2023 21:35:00   [Delete]   Key = Y   Payload = 0   error
16.11.2023 21:35:01   [Delete]   Key = ]   Payload = 0   error
16.11.2023 21:35:02   [Delete]   Key = Z   Payload = 0   error
18.11.2023 14:00:08   [Delete]   Key = Y   Payload = 0   success
18.11.2023 14:00:09   [Delete]   Key = A   Payload = 0   success
18.11.2023 14:00:10   [Delete]   Key = R   Payload = 0   success
18.11.2023 14:00:11   [Delete]   Key = 0   Payload = 0   success
18.11.2023 14:00:12   [Delete]   Key = C   Payload = 0   success
18.11.2023 14:00:13   [Delete]   Key = H   Payload = 0   success
18.11.2023 14:00:14   [Delete]   Key = L   Payload = 0   success
18.11.2023 14:00:15   [Delete]   Key = 8   Payload = 0   success
18.11.2023 14:00:16   [Delete]   Key = <   Payload = 0   success
18.11.2023 14:00:17   [Delete]   Key = >   Payload = 0   success
18.11.2023 14:00:18   [Delete]   Key = 5   Payload = 0   success
18.11.2023 14:00:19   [Delete]   Key = ]   Payload = 0   success
18.11.2023 14:00:20   [Delete]   Key = O   Payload = 0   success
18.11.2023 14:00:21   [Delete]   Key = K   Payload = 0   success
18.11.2023 14:00:22   [Delete]   Key = ;   Payload = 0   success
18.11.2023 14:00:23   [Delete]   Key = Y   Payload = 0   success
18.11.2023 14:00:24   [Delete]   Key = ]   Payload = 0   success
18.11.2023 14:00:25   [Delete]   Key = Z   Payload = 0   success
18.11.2023 14:00:26   [Delete]   Key = K   Payload = 0   success
18.11.2023 14:00:27   [Delete]   Key = T   Payload = 0   success
18.11.2023 14:00:28   [Delete]   Key = Y   Payload = 0   success
18.11.2023 14:00:29   [Delete]   Key = 4   Payload = 0   success
18.11.2023 14:00:30   [Delete]   Key = 2   Payload = 0   success
18.11.2023 14:00:31   [Delete]   Key = 3   Payload = 0   success
18.11.2023 14:00:32   [Delete]   Key = Z   Payload = 0   success
18.11.2023 14:00:33   [Delete]   Key = P   Payload = 0   success
18.11.2023 14:00:34   [Delete]   Key = E   Payload = 0   success
18.11.2023 14:00:35   [Delete]   Key = @   Payload = 0   success
18.11.2023 14:00:36   [Delete]   Key = B   Payload = 0   success
18.11.2023 14:00:37   [Delete]   Key = ]   Payload = 0   success
18.11.2023 14:00:38   [Delete]   Key = _   Payload = 0   success
