16.11.2023 21:33:22   [Insert]   Key = Y   Payload = 0   success
16.11.2023 21:33:23   [Insert]   Key = A   Payload = 0   success
16.11.2023 21:33:24   [Insert]   Key = R   Payload = 0   success
16.11.2023 21:33:25   [Insert]   Key = 0   Payload = 0   success
16.11.2023 21:33:26   [Insert]   Key = C   Payload = 0   success
16.11.2023 21:33:27   [Insert]   Key = H   Payload = 0   success
16.11.2023 21:33:28   [Insert]   Key = L   Payload = 0   success
16.11.2023 21:33:29   [Insert]   Key = 8   Payload = 0   success
16.11.2023 21:33:30   [Insert]   Key = <   Payload = 0   success
16.11.2023 21:33:31   [Insert]   Key = >   Payload = 0   success
16.11.2023 21:33:32   [Insert]   Key = 5   Payload = 0   error
16.11.2023 21:33:33   [Insert]   Key = ]   Payload = 0   error
16.11.2023 21:33:34   [Insert]   Key = O   Payload = 0   error
16.11.2023 21:33:35   [Insert]   Key = K   Payload = 0   error
16.11.2023 21:33:36   [Insert]   Key = ;   Payload = 0   error
16.11.2023 21:33:37   [Insert]   Key = Y   Payload = 0   error
16.11.2023 21:33:38   [Insert]   Key = ]   Payload = 0   error
18.11.2023 10:07:07   [Insert]   Key = Y   Payload = 0   success
18.11.2023 10:07:08   [Insert]   Key = A   Payload = 0   success
18.11.2023 10:07:09   [Insert]   Key = R   Payload = 0   success
18.11.2023 10:07:10   [Insert]   Key = 0   Payload = 0   success
18.11.2023 10:07:11   [Insert]   Key = C   Payload = 0   success
18.11.2023 10:07:12   [Insert]   Key = H   Payload = 0   success
18.11.2023 10:07:13   [Insert]   Key = L   Payload = 0   success
18.11.2023 10:07:14   [Insert]   Key = 8   Payload = 0   success
18.11.2023 10:07:15   [Insert]   Key = <   Payload = 0   success
18.11.2023 10:07:16   [Insert]   Key = >   Payload = 0   success
18.11.2023 10:07:17   [Insert]   Key = 5   Payload = 0   success
18.11.2023 10:07:18   [Insert]   Key = ]   Payload = 0   success
18.11.2023 10:07:19   [Insert]   Key = O   Payload = 0   success
18.11.2023 10:07:20   [Insert]   Key = K   Payload = 0   success
18.11.2023 10:07:21   [Insert]   Key = ;   Payload = 0   success
18.11.2023 10:07:22   [Insert]   Key = Y   Payload = 0   success
18.11.2023 10:07:23   [Insert]   Key = ]   Payload = 0   success
18.11.2023 10:07:24   [Insert]   Key = Z   Payload = 0   success
18.11.2023 10:07:25   [Insert]   Key = K   Payload = 0   success
18.11.2023 10:07:26   [Insert]   Key = T   Payload = 0   success
18.11.2023 10:07:27   [Insert]   Key = Y   Payload = 0   success
18.11.2023 10:07:28   [Insert]   Key = 4   Payload = 0   success
18.11.2023 10:07:29   [Insert]   Key = 2   Payload = 0   success
18.11.2023 10:07:30   [Insert]   Key = 3   Payload = 0   success
18.11.2023 10:07:31   [Insert]   Key = Z   Payload = 0   success
18.11.2023 10:07:32   [Insert]   Key = P   Payload = 0   success
18.11.2023 10:07:33   [Insert]   Key = E   Payload = 0   success
18.11.2023 10:07:34   [Insert]   Key = @   Payload = 0   success
18.11.2023 10:07:35   [Insert]   Key = B   Payload = 0   success
18.11.2023 10:07:36   [Insert]   Key = ]   Payload = 0   success
18.11.2023 10:07:37   [Insert]   Key = _   Payload = 0   success
18.11.2023 10:07:38   [Insert]   Key = J   Payload = 0   success
18.11.2023 10:07:39   [Insert]   Key = E   Payload = 0   success
18.11.2023 10:07:40   [Insert]   Key = V   Payload = 0   success
18.11.2023 10:07:41   [Insert]   Key = C   Payload = 0   success
18.11.2023 10:07:42   [Insert]   Key = <   Payload = 0   success
18.11.2023 10:07:43   [Insert]   Key = A   Payload = 0   success
18.11.2023 10:07:44   [Insert]   Key = a   Payload = 0   success
18.11.2023 10:07:45   [Insert]   Key = S   Payload = 0   success
18.11.2023 10:07:46   [Insert]   Key = \   Payload = 0   success
18.11.2023 10:07:47   [Insert]   Key = 3   Payload = 0   success
18.11.2023 10:07:48   [Insert]   Key = ;   Payload = 0   success
18.11.2023 10:07:49   [Insert]   Key = F   Payload = 0   success
18.11.2023 10:07:50   [Insert]   Key = Q   Payload = 0   success
18.11.2023 10:07:51   [Insert]   Key = G   Payload = 0   success
18.11.2023 10:07:52   [Insert]   Key = >   Payload = 0   success
18.11.2023 10:07:53   [Insert]   Key = Y   Payload = 0   success
18.11.2023 10:07:54   [Insert]   Key = ;   Payload = 0   success
18.11.2023 10:07:55   [Insert]   Key = 3   Payload = 0   success
18.11.2023 10:07:56   [Insert]   Key = B   Payload = 0   success
18.11.2023 10:07:57   [Insert]   Key = _   Payload = 0   success
18.11.2023 10:07:58   [Insert]   Key = \   Payload = 0   success
18.11.2023 10:07:59   [Insert]   Key = <   Payload = 0   success
18.11.2023 10:08:00   [Insert]   Key = 7   Payload = 0   success
18.11.2023 10:08:01   [Insert]   Key = U   Payload = 0   success
18.11.2023 10:08:02   [Insert]   Key = 9   Payload = 0   success
18.11.2023 10:08:03   [Insert]   Key = G   Payload = 0   success
18.11.2023 10:08:04   [Insert]   Key = Y   Payload = 0   success
18.11.2023 10:08:05   [Insert]   Key = M   Payload = 0   success
18.11.2023 10:08:06   [Insert]   Key = L   Payload = 0   success
18.11.2023 10:08:07   [Insert]   Key = @   Payload = 0   success
18.11.2023 10:08:08   [Insert]   Key = S   Payload = 0   success
18.11.2023 10:08:09   [Insert]   Key = X   Payload = 0   success
18.11.2023 10:08:10   [Insert]   Key = Z   Payload = 0   success
18.11.2023 10:08:11   [Insert]   Key = V   Payload = 0   success
18.11.2023 10:08:12   [Insert]   Key = 6   Payload = 0   success
18.11.2023 10:08:13   [Insert]   Key = X   Payload = 0   success
18.11.2023 10:08:15   [Insert]   Key = Z   Payload = 0   success
18.11.2023 10:08:16   [Insert]   Key = >   Payload = 0   success
18.11.2023 10:08:17   [Insert]   Key = `   Payload = 0   success
18.11.2023 10:08:18   [Insert]   Key = ^   Payload = 0   success
18.11.2023 10:08:19   [Insert]   Key = 5   Payload = 0   success
18.11.2023 10:08:20   [Insert]   Key = X   Payload = 0   success
18.11.2023 10:08:21   [Insert]   Key = M   Payload = 0   success
18.11.2023 10:08:22   [Insert]   Key = D   Payload = 0   success
18.11.2023 10:08:23   [Insert]   Key = 0   Payload = 0   success
18.11.2023 10:08:24   [Insert]   Key = 6   Payload = 0   success
18.11.2023 10:08:25   [Insert]   Key = 1   Payload = 0   success
18.11.2023 10:08:26   [Insert]   Key = [   Payload = 0   success
18.11.2023 10:08:27   [Insert]   Key = `   Payload = 0   success
18.11.2023 10:08:28   [Insert]   Key = M   Payload = 0   success
18.11.2023 10:08:29   [Insert]   Key = G   Payload = 0   success
18.11.2023 10:08:30   [Insert]   Key = R   Payload = 0   success
18.11.2023 10:08:31   [Insert]   Key = 4   Payload = 0   success
18.11.2023 10:08:32   [Insert]   Key = 6   Payload = 0   success
18.11.2023 10:08:33   [Insert]   Key = X   Payload = 0   success
18.11.2023 10:08:34   [Insert]   Key = @   Payload = 0   success
18.11.2023 10:08:35   [Insert]   Key = J   Payload = 0   success
18.11.2023 10:08:36   [Insert]   Key = O   Payload = 0   success
18.11.2023 10:08:37   [Insert]   Key = 8   Payload = 0   success
18.11.2023 10:08:38   [Insert]   Key = \   Payload = 0   success
18.11.2023 10:08:39   [Insert]   Key = W   Payload = 0   success
18.11.2023 10:08:40   [Insert]   Key = J   Payload = 0   success
18.11.2023 10:08:41   [Insert]   Key = G   Payload = 0   success
18.11.2023 10:08:42   [Insert]   Key = U   Payload = 0   success
18.11.2023 10:08:43   [Insert]   Key = V   Payload = 0   success
18.11.2023 10:08:44   [Insert]   Key = B   Payload = 0   success
18.11.2023 10:08:45   [Insert]   Key = P   Payload = 0   success
18.11.2023 10:08:46   [Insert]   Key = M   Payload = 0   success
18.11.2023 10:08:47   [Insert]   Key = Y   Payload = 0   success
18.11.2023 10:08:48   [Insert]   Key = Q   Payload = 0   success
18.11.2023 10:08:49   [Insert]   Key = ?   Payload = 0   success
18.11.2023 10:08:50   [Insert]   Key = W   Payload = 0   success
18.11.2023 10:08:51   [Insert]   Key = 8   Payload = 0   success
18.11.2023 10:08:52   [Insert]   Key = 4   Payload = 0   success
18.11.2023 10:08:53   [Insert]   Key = N   Payload = 0   success
18.11.2023 10:08:54   [Insert]   Key = K   Payload = 0   success
18.11.2023 10:08:55   [Insert]   Key = 6   Payload = 0   success
18.11.2023 10:08:56   [Insert]   Key = G   Payload = 0   success
18.11.2023 10:08:57   [Insert]   Key = T   Payload = 0   success
18.11.2023 10:08:58   [Insert]   Key = E   Payload = 0   success
18.11.2023 10:08:59   [Insert]   Key = ]   Payload = 0   success
18.11.2023 10:09:00   [Insert]   Key = H   Payload = 0   success
18.11.2023 10:09:01   [Insert]   Key = F   Payload = 0   success
18.11.2023 10:09:02   [Insert]   Key = D   Payload = 0   success
18.11.2023 10:09:03   [Insert]   Key = M   Payload = 0   success
18.11.2023 10:09:04   [Insert]   Key = K   Payload = 0   success
18.11.2023 10:09:05   [Insert]   Key = G   Payload = 0   success
18.11.2023 10:09:06   [Insert]   Key = _   Payload = 0   success
18.11.2023 10:09:07   [Insert]   Key = <   Payload = 0   success
18.11.2023 10:09:08   [Insert]   Key = T   Payload = 0   success
18.11.2023 10:09:09   [Insert]   Key = X   Payload = 0   success
18.11.2023 10:09:10   [Insert]   Key = ;   Payload = 0   success
18.11.2023 10:09:11   [Insert]   Key = T   Payload = 0   success
18.11.2023 10:09:12   [Insert]   Key = 5   Payload = 0   success
18.11.2023 10:09:14   [Insert]   Key = A   Payload = 0   success
18.11.2023 10:09:18   [Insert]   Key = 5   Payload = 0   success
18.11.2023 10:09:19   [Insert]   Key = H   Payload = 0   success
18.11.2023 10:11:21   [Insert]   Key = Y   Payload = 0   success
18.11.2023 10:11:22   [Insert]   Key = A   Payload = 0   success
18.11.2023 10:11:23   [Insert]   Key = R   Payload = 0   success
18.11.2023 10:11:24   [Insert]   Key = 0   Payload = 0   success
18.11.2023 10:11:25   [Insert]   Key = C   Payload = 0   success
18.11.2023 10:11:26   [Insert]   Key = H   Payload = 0   success
18.11.2023 10:11:27   [Insert]   Key = L   Payload = 0   success
18.11.2023 10:11:28   [Insert]   Key = 8   Payload = 0   success
18.11.2023 10:11:29   [Insert]   Key = <   Payload = 0   success
18.11.2023 10:11:30   [Insert]   Key = >   Payload = 0   success
18.11.2023 10:11:31   [Insert]   Key = 5   Payload = 0   success
18.11.2023 10:11:32   [Insert]   Key = ]   Payload = 0   success
18.11.2023 10:11:33   [Insert]   Key = O   Payload = 0   success
18.11.2023 10:11:34   [Insert]   Key = K   Payload = 0   success
18.11.2023 10:11:35   [Insert]   Key = ;   Payload = 0   success
18.11.2023 10:11:36   [Insert]   Key = Y   Payload = 0   success
18.11.2023 10:11:37   [Insert]   Key = ]   Payload = 0   success
18.11.2023 10:11:38   [Insert]   Key = Z   Payload = 0   success
18.11.2023 10:11:39   [Insert]   Key = K   Payload = 0   success
18.11.2023 10:11:40   [Insert]   Key = T   Payload = 0   success
18.11.2023 10:11:41   [Insert]   Key = Y   Payload = 0   success
18.11.2023 10:11:42   [Insert]   Key = 4   Payload = 0   success
18.11.2023 10:11:43   [Insert]   Key = 2   Payload = 0   success
18.11.2023 10:11:44   [Insert]   Key = 3   Payload = 0   success
18.11.2023 10:11:45   [Insert]   Key = Z   Payload = 0   success
18.11.2023 10:11:46   [Insert]   Key = P   Payload = 0   success
18.11.2023 10:11:47   [Insert]   Key = E   Payload = 0   success
18.11.2023 10:11:48   [Insert]   Key = @   Payload = 0   success
18.11.2023 10:11:49   [Insert]   Key = B   Payload = 0   success
18.11.2023 10:11:50   [Insert]   Key = ]   Payload = 0   success
18.11.2023 10:11:51   [Insert]   Key = _   Payload = 0   success
18.11.2023 10:11:52   [Insert]   Key = J   Payload = 0   success
18.11.2023 10:11:53   [Insert]   Key = E   Payload = 0   success
18.11.2023 10:11:55   [Insert]   Key = V   Payload = 0   success
18.11.2023 10:11:56   [Insert]   Key = C   Payload = 0   success
18.11.2023 10:11:57   [Insert]   Key = <   Payload = 0   success
18.11.2023 10:11:58   [Insert]   Key = A   Payload = 0   success
18.11.2023 10:11:59   [Insert]   Key = a   Payload = 0   success
18.11.2023 10:12:00   [Insert]   Key = S   Payload = 0   success
18.11.2023 10:12:01   [Insert]   Key = \   Payload = 0   success
18.11.2023 10:12:02   [Insert]   Key = 3   Payload = 0   success
18.11.2023 12:53:39   [Insert]   Key = Y   Payload = 0   success
18.11.2023 12:53:40   [Insert]   Key = A   Payload = 0   success
18.11.2023 12:53:41   [Insert]   Key = R   Payload = 0   success
18.11.2023 12:53:42   [Insert]   Key = 0   Payload = 0   success
18.11.2023 12:53:43   [Insert]   Key = C   Payload = 0   success
18.11.2023 12:53:44   [Insert]   Key = H   Payload = 0   success
18.11.2023 12:53:45   [Insert]   Key = L   Payload = 0   success
18.11.2023 12:53:46   [Insert]   Key = 8   Payload = 0   success
18.11.2023 12:53:47   [Insert]   Key = <   Payload = 0   success
18.11.2023 12:53:48   [Insert]   Key = >   Payload = 0   success
18.11.2023 12:53:49   [Insert]   Key = 5   Payload = 0   success
18.11.2023 12:53:50   [Insert]   Key = ]   Payload = 0   success
18.11.2023 12:53:51   [Insert]   Key = O   Payload = 0   success
18.11.2023 12:53:52   [Insert]   Key = K   Payload = 0   success
18.11.2023 12:53:53   [Insert]   Key = ;   Payload = 0   success
18.11.2023 12:53:54   [Insert]   Key = Y   Payload = 0   success
18.11.2023 12:53:55   [Insert]   Key = ]   Payload = 0   success
18.11.2023 12:53:56   [Insert]   Key = Z   Payload = 0   success
18.11.2023 12:53:57   [Insert]   Key = K   Payload = 0   success
18.11.2023 12:53:58   [Insert]   Key = T   Payload = 0   success
18.11.2023 12:53:59   [Insert]   Key = Y   Payload = 0   success
18.11.2023 12:54:00   [Insert]   Key = 4   Payload = 0   success
18.11.2023 12:54:01   [Insert]   Key = 2   Payload = 0   success
18.11.2023 12:54:02   [Insert]   Key = 3   Payload = 0   success
18.11.2023 12:54:03   [Insert]   Key = Z   Payload = 0   success
18.11.2023 12:54:04   [Insert]   Key = P   Payload = 0   success
18.11.2023 12:54:05   [Insert]   Key = E   Payload = 0   success
18.11.2023 12:54:06   [Insert]   Key = @   Payload = 0   success
18.11.2023 12:54:07   [Insert]   Key = B   Payload = 0   success
18.11.2023 12:54:08   [Insert]   Key = ]   Payload = 0   success
18.11.2023 12:54:09   [Insert]   Key = _   Payload = 0   success
18.11.2023 12:54:10   [Insert]   Key = J   Payload = 0   success
18.11.2023 12:54:11   [Insert]   Key = E   Payload = 0   success
18.11.2023 12:54:12   [Insert]   Key = V   Payload = 0   success
18.11.2023 12:54:13   [Insert]   Key = C   Payload = 0   success
18.11.2023 12:54:14   [Insert]   Key = <   Payload = 0   success
18.11.2023 12:54:15   [Insert]   Key = A   Payload = 0   success
18.11.2023 12:54:16   [Insert]   Key = a   Payload = 0   success
18.11.2023 12:54:17   [Insert]   Key = S   Payload = 0   success
18.11.2023 12:54:18   [Insert]   Key = \   Payload = 0   success
18.11.2023 12:54:19   [Insert]   Key = 3   Payload = 0   success
18.11.2023 12:54:20   [Insert]   Key = ;   Payload = 0   success
18.11.2023 12:54:21   [Insert]   Key = F   Payload = 0   success
18.11.2023 12:54:22   [Insert]   Key = Q   Payload = 0   success
18.11.2023 12:54:23   [Insert]   Key = G   Payload = 0   success
18.11.2023 12:54:24   [Insert]   Key = >   Payload = 0   success
18.11.2023 12:54:25   [Insert]   Key = Y   Payload = 0   success
18.11.2023 12:54:26   [Insert]   Key = ;   Payload = 0   success
18.11.2023 12:54:27   [Insert]   Key = 3   Payload = 0   success
18.11.2023 12:54:28   [Insert]   Key = B   Payload = 0   success
18.11.2023 12:54:29   [Insert]   Key = _   Payload = 0   success
18.11.2023 12:54:30   [Insert]   Key = \   Payload = 0   success
18.11.2023 12:54:31   [Insert]   Key = <   Payload = 0   success
18.11.2023 12:54:32   [Insert]   Key = 7   Payload = 0   success
18.11.2023 12:54:33   [Insert]   Key = U   Payload = 0   success
18.11.2023 12:54:34   [Insert]   Key = 9   Payload = 0   success
18.11.2023 12:54:35   [Insert]   Key = G   Payload = 0   success
18.11.2023 12:54:36   [Insert]   Key = Y   Payload = 0   success
18.11.2023 12:54:37   [Insert]   Key = M   Payload = 0   success
18.11.2023 12:54:38   [Insert]   Key = L   Payload = 0   success
18.11.2023 12:54:39   [Insert]   Key = @   Payload = 0   success
18.11.2023 12:54:40   [Insert]   Key = S   Payload = 0   success
18.11.2023 12:54:41   [Insert]   Key = X   Payload = 0   success
18.11.2023 12:54:42   [Insert]   Key = Z   Payload = 0   success
18.11.2023 12:54:43   [Insert]   Key = V   Payload = 0   success
18.11.2023 12:54:45   [Insert]   Key = 6   Payload = 0   success
18.11.2023 12:54:46   [Insert]   Key = X   Payload = 0   success
18.11.2023 12:54:47   [Insert]   Key = Z   Payload = 0   success
18.11.2023 12:54:48   [Insert]   Key = >   Payload = 0   success
18.11.2023 12:54:49   [Insert]   Key = `   Payload = 0   success
18.11.2023 12:54:50   [Insert]   Key = ^   Payload = 0   success
18.11.2023 12:54:51   [Insert]   Key = 5   Payload = 0   success
18.11.2023 12:54:52   [Insert]   Key = X   Payload = 0   success
18.11.2023 12:54:53   [Insert]   Key = M   Payload = 0   success
18.11.2023 12:54:54   [Insert]   Key = D   Payload = 0   success
18.11.2023 12:54:55   [Insert]   Key = 0   Payload = 0   success
18.11.2023 12:54:56   [Insert]   Key = 6   Payload = 0   success
18.11.2023 12:54:57   [Insert]   Key = 1   Payload = 0   success
18.11.2023 12:54:58   [Insert]   Key = [   Payload = 0   success
18.11.2023 12:54:59   [Insert]   Key = `   Payload = 0   success
18.11.2023 12:55:00   [Insert]   Key = M   Payload = 0   success
18.11.2023 12:55:01   [Insert]   Key = G   Payload = 0   success
18.11.2023 12:55:02   [Insert]   Key = R   Payload = 0   success
18.11.2023 12:55:03   [Insert]   Key = 4   Payload = 0   success
18.11.2023 12:55:04   [Insert]   Key = 6   Payload = 0   success
18.11.2023 12:55:05   [Insert]   Key = X   Payload = 0   success
18.11.2023 12:55:06   [Insert]   Key = @   Payload = 0   success
18.11.2023 12:55:07   [Insert]   Key = J   Payload = 0   success
18.11.2023 12:55:08   [Insert]   Key = O   Payload = 0   success
18.11.2023 12:55:09   [Insert]   Key = 8   Payload = 0   success
18.11.2023 12:55:10   [Insert]   Key = \   Payload = 0   success
18.11.2023 12:55:11   [Insert]   Key = W   Payload = 0   success
18.11.2023 12:55:12   [Insert]   Key = J   Payload = 0   success
18.11.2023 12:55:13   [Insert]   Key = G   Payload = 0   success
18.11.2023 12:55:14   [Insert]   Key = U   Payload = 0   success
18.11.2023 12:55:15   [Insert]   Key = V   Payload = 0   success
18.11.2023 12:55:16   [Insert]   Key = B   Payload = 0   success
18.11.2023 12:55:17   [Insert]   Key = P   Payload = 0   success
18.11.2023 12:55:18   [Insert]   Key = M   Payload = 0   success
18.11.2023 12:55:19   [Insert]   Key = Y   Payload = 0   success
18.11.2023 12:55:20   [Insert]   Key = Q   Payload = 0   success
18.11.2023 12:55:21   [Insert]   Key = ?   Payload = 0   success
18.11.2023 12:55:22   [Insert]   Key = W   Payload = 0   success
18.11.2023 12:55:23   [Insert]   Key = 8   Payload = 0   success
18.11.2023 12:55:24   [Insert]   Key = 4   Payload = 0   success
18.11.2023 12:55:25   [Insert]   Key = N   Payload = 0   success
18.11.2023 12:55:26   [Insert]   Key = K   Payload = 0   success
18.11.2023 12:55:27   [Insert]   Key = 6   Payload = 0   success
18.11.2023 12:55:28   [Insert]   Key = G   Payload = 0   success
18.11.2023 12:55:29   [Insert]   Key = T   Payload = 0   success
18.11.2023 12:55:30   [Insert]   Key = E   Payload = 0   success
18.11.2023 12:55:31   [Insert]   Key = ]   Payload = 0   success
18.11.2023 12:55:32   [Insert]   Key = H   Payload = 0   success
18.11.2023 12:55:33   [Insert]   Key = F   Payload = 0   success
18.11.2023 12:55:34   [Insert]   Key = D   Payload = 0   success
18.11.2023 12:55:35   [Insert]   Key = M   Payload = 0   success
18.11.2023 12:55:36   [Insert]   Key = K   Payload = 0   success
18.11.2023 12:55:37   [Insert]   Key = G   Payload = 0   success
18.11.2023 12:55:38   [Insert]   Key = _   Payload = 0   success
18.11.2023 12:55:39   [Insert]   Key = <   Payload = 0   success
18.11.2023 12:55:40   [Insert]   Key = T   Payload = 0   success
18.11.2023 12:55:41   [Insert]   Key = X   Payload = 0   success
18.11.2023 12:55:42   [Insert]   Key = ;   Payload = 0   success
18.11.2023 12:55:43   [Insert]   Key = T   Payload = 0   success
18.11.2023 12:55:44   [Insert]   Key = 5   Payload = 0   success
18.11.2023 12:55:45   [Insert]   Key = A   Payload = 0   success
18.11.2023 12:55:46   [Insert]   Key = 5   Payload = 0   success
18.11.2023 12:55:47   [Insert]   Key = H   Payload = 0   success
18.11.2023 12:55:48   [Insert]   Key = O   Payload = 0   success
18.11.2023 12:55:49   [Insert]   Key = 2   Payload = 0   success
18.11.2023 12:55:50   [Insert]   Key = 0   Payload = 0   success
18.11.2023 12:55:51   [Insert]   Key = 0   Payload = 0   success
18.11.2023 12:55:52   [Insert]   Key = Y   Payload = 0   success
18.11.2023 12:55:53   [Insert]   Key = H   Payload = 0   success
18.11.2023 12:55:54   [Insert]   Key = @   Payload = 0   success
18.11.2023 12:55:55   [Insert]   Key = N   Payload = 0   success
18.11.2023 12:55:56   [Insert]   Key = 7   Payload = 0   success
18.11.2023 12:55:57   [Insert]   Key = Y   Payload = 0   success
18.11.2023 12:55:58   [Insert]   Key = 7   Payload = 0   success
18.11.2023 12:55:59   [Insert]   Key = U   Payload = 0   success
18.11.2023 12:56:00   [Insert]   Key = 7   Payload = 0   success
18.11.2023 12:56:01   [Insert]   Key = U   Payload = 0   success
18.11.2023 12:56:02   [Insert]   Key = 3   Payload = 0   success
18.11.2023 12:56:03   [Insert]   Key = Q   Payload = 0   success
18.11.2023 12:56:04   [Insert]   Key = ]   Payload = 0   success
18.11.2023 12:56:05   [Insert]   Key = 9   Payload = 0   success
18.11.2023 12:56:06   [Insert]   Key = 9   Payload = 0   success
18.11.2023 12:56:07   [Insert]   Key = 8   Payload = 0   success
18.11.2023 12:56:08   [Insert]   Key = E   Payload = 0   success
18.11.2023 12:56:09   [Insert]   Key = V   Payload = 0   success
18.11.2023 12:56:10   [Insert]   Key = F   Payload = 0   success
18.11.2023 12:56:12   [Insert]   Key = ^   Payload = 0   success
18.11.2023 12:56:13   [Insert]   Key = 6   Payload = 0   success
18.11.2023 12:56:14   [Insert]   Key = N   Payload = 0   success
18.11.2023 12:56:15   [Insert]   Key = =   Payload = 0   success
18.11.2023 12:56:16   [Insert]   Key = B   Payload = 0   success
18.11.2023 12:58:17   [Insert]   Key = Y   Payload = 0   success
18.11.2023 12:58:18   [Insert]   Key = A   Payload = 0   success
18.11.2023 12:58:19   [Insert]   Key = R   Payload = 0   success
18.11.2023 12:58:20   [Insert]   Key = 0   Payload = 0   success
18.11.2023 12:58:22   [Insert]   Key = C   Payload = 0   success
18.11.2023 12:58:23   [Insert]   Key = H   Payload = 0   success
18.11.2023 12:58:24   [Insert]   Key = L   Payload = 0   success
18.11.2023 12:58:25   [Insert]   Key = 8   Payload = 0   success
18.11.2023 12:58:26   [Insert]   Key = <   Payload = 0   success
18.11.2023 12:58:27   [Insert]   Key = >   Payload = 0   success
18.11.2023 12:58:28   [Insert]   Key = 5   Payload = 0   success
18.11.2023 12:58:29   [Insert]   Key = ]   Payload = 0   success
18.11.2023 12:58:30   [Insert]   Key = O   Payload = 0   success
18.11.2023 12:58:31   [Insert]   Key = K   Payload = 0   success
18.11.2023 12:58:32   [Insert]   Key = ;   Payload = 0   success
18.11.2023 12:58:33   [Insert]   Key = Y   Payload = 0   success
18.11.2023 12:58:34   [Insert]   Key = ]   Payload = 0   success
18.11.2023 12:58:35   [Insert]   Key = Z   Payload = 0   success
18.11.2023 12:58:36   [Insert]   Key = K   Payload = 0   success
18.11.2023 12:58:37   [Insert]   Key = T   Payload = 0   success
18.11.2023 13:59:52   [Insert]   Key = Y   Payload = 0   success
18.11.2023 13:59:53   [Insert]   Key = A   Payload = 0   success
18.11.2023 13:59:54   [Insert]   Key = R   Payload = 0   success
18.11.2023 13:59:55   [Insert]   Key = 0   Payload = 0   success
18.11.2023 13:59:56   [Insert]   Key = C   Payload = 0   success
18.11.2023 13:59:57   [Insert]   Key = H   Payload = 0   success
18.11.2023 13:59:58   [Insert]   Key = L   Payload = 0   success
18.11.2023 13:59:59   [Insert]   Key = 8   Payload = 0   success
18.11.2023 14:00:00   [Insert]   Key = <   Payload = 0   success
18.11.2023 14:00:01   [Insert]   Key = >   Payload = 0   success
18.11.2023 14:00:02   [Insert]   Key = 5   Payload = 0   success
18.11.2023 14:00:03   [Insert]   Key = ]   Payload = 0   success
18.11.2023 14:00:04   [Insert]   Key = O   Payload = 0   success
18.11.2023 14:00:05   [Insert]   Key = K   Payload = 0   success
18.11.2023 14:00:06   [Insert]   Key = ;   Payload = 0   success
18.11.2023 14:00:07   [Insert]   Key = Y   Payload = 0   success
18.11.2023 14:00:08   [Insert]   Key = ]   Payload = 0   success
18.11.2023 14:00:09   [Insert]   Key = Z   Payload = 0   success
18.11.2023 14:00:10   [Insert]   Key = K   Payload = 0   success
18.11.2023 14:00:11   [Insert]   Key = T   Payload = 0   success
18.11.2023 14:00:12   [Insert]   Key = Y   Payload = 0   success
18.11.2023 14:00:13   [Insert]   Key = 4   Payload = 0   success
18.11.2023 14:00:14   [Insert]   Key = 2   Payload = 0   success
18.11.2023 14:00:15   [Insert]   Key = 3   Payload = 0   success
18.11.2023 14:00:16   [Insert]   Key = Z   Payload = 0   success
18.11.2023 14:00:17   [Insert]   Key = P   Payload = 0   success
18.11.2023 14:00:18   [Insert]   Key = E   Payload = 0   success
18.11.2023 14:00:19   [Insert]   Key = @   Payload = 0   success
18.11.2023 14:00:20   [Insert]   Key = B   Payload = 0   success
18.11.2023 14:00:21   [Insert]   Key = ]   Payload = 0   success
18.11.2023 14:00:22   [Insert]   Key = _   Payload = 0   success
18.11.2023 14:00:23   [Insert]   Key = J   Payload = 0   success
18.11.2023 14:00:24   [Insert]   Key = E   Payload = 0   success
18.11.2023 14:00:25   [Insert]   Key = V   Payload = 0   success
18.11.2023 14:00:26   [Insert]   Key = C   Payload = 0   success
18.11.2023 14:00:27   [Insert]   Key = <   Payload = 0   success
18.11.2023 14:00:28   [Insert]   Key = A   Payload = 0   success
18.11.2023 14:00:29   [Insert]   Key = a   Payload = 0   success
18.11.2023 14:00:30   [Insert]   Key = S   Payload = 0   success
18.11.2023 14:00:31   [Insert]   Key = \   Payload = 0   success
18.11.2023 14:00:32   [Insert]   Key = 3   Payload = 0   success
18.11.2023 14:00:33   [Insert]   Key = ;   Payload = 0   success
18.11.2023 14:00:34   [Insert]   Key = F   Payload = 0   success
18.11.2023 14:00:35   [Insert]   Key = Q   Payload = 0   success
18.11.2023 14:00:36   [Insert]   Key = G   Payload = 0   success
18.11.2023 14:00:37   [Insert]   Key = >   Payload = 0   success
18.11.2023 14:00:38   [Insert]   Key = Y   Payload = 0   success
18.11.2023 14:00:39   [Insert]   Key = ;   Payload = 0   success
18.11.2023 14:00:40   [Insert]   Key = 3   Payload = 0   success
18.11.2023 14:00:41   [Insert]   Key = B   Payload = 0   success
18.11.2023 14:00:42   [Insert]   Key = _   Payload = 0   success
18.11.2023 14:00:43   [Insert]   Key = \   Payload = 0   success
18.11.2023 14:00:44   [Insert]   Key = <   Payload = 0   success
18.11.2023 14:00:45   [Insert]   Key = 7   Payload = 0   success
18.11.2023 14:00:46   [Insert]   Key = U   Payload = 0   success
18.11.2023 14:00:48   [Insert]   Key = 9   Payload = 0   success
18.11.2023 14:00:49   [Insert]   Key = G   Payload = 0   success
18.11.2023 14:00:50   [Insert]   Key = Y   Payload = 0   success
18.11.2023 14:00:51   [Insert]   Key = M   Payload = 0   success
18.11.2023 14:00:52   [Insert]   Key = L   Payload = 0   success
18.11.2023 14:00:53   [Insert]   Key = @   Payload = 0   success
18.11.2023 14:00:54   [Insert]   Key = S   Payload = 0   success
18.11.2023 14:00:55   [Insert]   Key = X   Payload = 0   success
18.11.2023 14:00:56   [Insert]   Key = Z   Payload = 0   success
18.11.2023 14:00:57   [Insert]   Key = V   Payload = 0   success
18.11.2023 14:00:58   [Insert]   Key = 6   Payload = 0   success
18.11.2023 14:00:59   [Insert]   Key = X   Payload = 0   success
18.11.2023 14:01:00   [Insert]   Key = Z   Payload = 0   success
18.11.2023 14:01:01   [Insert]   Key = >   Payload = 0   success
18.11.2023 14:01:02   [Insert]   Key = `   Payload = 0   success
18.11.2023 14:01:03   [Insert]   Key = ^   Payload = 0   success
18.11.2023 14:01:04   [Insert]   Key = 5   Payload = 0   success
18.11.2023 14:01:05   [Insert]   Key = X   Payload = 0   success
18.11.2023 14:01:06   [Insert]   Key = M   Payload = 0   success
18.11.2023 14:01:07   [Insert]   Key = D   Payload = 0   success
18.11.2023 14:01:08   [Insert]   Key = 0   Payload = 0   success
18.11.2023 14:01:09   [Insert]   Key = 6   Payload = 0   success
18.11.2023 14:01:10   [Insert]   Key = 1   Payload = 0   success
18.11.2023 14:01:11   [Insert]   Key = [   Payload = 0   success
18.11.2023 14:01:12   [Insert]   Key = `   Payload = 0   success
18.11.2023 14:01:13   [Insert]   Key = M   Payload = 0   success
18.11.2023 14:01:14   [Insert]   Key = G   Payload = 0   success
18.11.2023 14:01:15   [Insert]   Key = R   Payload = 0   success
18.11.2023 14:01:16   [Insert]   Key = 4   Payload = 0   success
18.11.2023 14:01:17   [Insert]   Key = 6   Payload = 0   success
18.11.2023 14:01:18   [Insert]   Key = X   Payload = 0   success
18.11.2023 14:01:19   [Insert]   Key = @   Payload = 0   success
18.11.2023 14:01:20   [Insert]   Key = J   Payload = 0   success
18.11.2023 14:01:21   [Insert]   Key = O   Payload = 0   success
18.11.2023 14:01:22   [Insert]   Key = 8   Payload = 0   success
18.11.2023 14:01:23   [Insert]   Key = \   Payload = 0   success
18.11.2023 14:01:24   [Insert]   Key = W   Payload = 0   success
18.11.2023 14:01:25   [Insert]   Key = J   Payload = 0   success
18.11.2023 14:01:26   [Insert]   Key = G   Payload = 0   success
18.11.2023 14:01:27   [Insert]   Key = U   Payload = 0   success
18.11.2023 14:01:28   [Insert]   Key = V   Payload = 0   success
18.11.2023 14:01:29   [Insert]   Key = B   Payload = 0   success
18.11.2023 14:01:30   [Insert]   Key = P   Payload = 0   success
18.11.2023 14:01:31   [Insert]   Key = M   Payload = 0   success
18.11.2023 14:01:32   [Insert]   Key = Y   Payload = 0   success
18.11.2023 14:01:33   [Insert]   Key = Q   Payload = 0   success
18.11.2023 14:01:34   [Insert]   Key = ?   Payload = 0   success
18.11.2023 14:01:35   [Insert]   Key = W   Payload = 0   success
18.11.2023 14:01:36   [Insert]   Key = 8   Payload = 0   success
18.11.2023 14:01:37   [Insert]   Key = 4   Payload = 0   success
18.11.2023 14:01:38   [Insert]   Key = N   Payload = 0   success
18.11.2023 14:01:39   [Insert]   Key = K   Payload = 0   success
18.11.2023 14:01:40   [Insert]   Key = 6   Payload = 0   success
18.11.2023 14:01:41   [Insert]   Key = G   Payload = 0   success
18.11.2023 14:01:42   [Insert]   Key = T   Payload = 0   success
18.11.2023 14:01:43   [Insert]   Key = E   Payload = 0   success
18.11.2023 14:01:44   [Insert]   Key = ]   Payload = 0   success
18.11.2023 14:01:45   [Insert]   Key = H   Payload = 0   success
18.11.2023 14:01:46   [Insert]   Key = F   Payload = 0   success
18.11.2023 14:01:47   [Insert]   Key = D   Payload = 0   success
18.11.2023 14:01:48   [Insert]   Key = M   Payload = 0   success
18.11.2023 14:01:49   [Insert]   Key = K   Payload = 0   success
18.11.2023 14:01:50   [Insert]   Key = G   Payload = 0   success
18.11.2023 14:01:51   [Insert]   Key = _   Payload = 0   success
18.11.2023 14:01:52   [Insert]   Key = <   Payload = 0   success
18.11.2023 14:01:53   [Insert]   Key = T   Payload = 0   success
18.11.2023 14:01:54   [Insert]   Key = X   Payload = 0   success
18.11.2023 14:01:55   [Insert]   Key = ;   Payload = 0   success
18.11.2023 14:01:56   [Insert]   Key = T   Payload = 0   success
18.11.2023 14:01:57   [Insert]   Key = 5   Payload = 0   success
18.11.2023 14:01:58   [Insert]   Key = A   Payload = 0   success
18.11.2023 14:01:59   [Insert]   Key = 5   Payload = 0   success
18.11.2023 14:02:00   [Insert]   Key = H   Payload = 0   success
18.11.2023 14:02:01   [Insert]   Key = O   Payload = 0   success
18.11.2023 14:02:02   [Insert]   Key = 2   Payload = 0   success
18.11.2023 14:02:03   [Insert]   Key = 0   Payload = 0   success
18.11.2023 14:02:04   [Insert]   Key = 0   Payload = 0   success
18.11.2023 14:02:05   [Insert]   Key = Y   Payload = 0   success
18.11.2023 14:02:06   [Insert]   Key = H   Payload = 0   success
18.11.2023 14:02:07   [Insert]   Key = @   Payload = 0   success
18.11.2023 14:02:08   [Insert]   Key = N   Payload = 0   success
18.11.2023 14:02:09   [Insert]   Key = 7   Payload = 0   success
18.11.2023 14:02:10   [Insert]   Key = Y   Payload = 0   success
18.11.2023 14:02:11   [Insert]   Key = 7   Payload = 0   success
18.11.2023 14:02:12   [Insert]   Key = U   Payload = 0   success
18.11.2023 14:02:13   [Insert]   Key = 7   Payload = 0   success
18.11.2023 14:02:14   [Insert]   Key = U   Payload = 0   success
18.11.2023 14:02:15   [Insert]   Key = 3   Payload = 0   success
18.11.2023 14:02:16   [Insert]   Key = Q   Payload = 0   success
18.11.2023 14:02:17   [Insert]   Key = ]   Payload = 0   success
18.11.2023 14:02:18   [Insert]   Key = 9   Payload = 0   success
18.11.2023 14:02:19   [Insert]   Key = 9   Payload = 0   success
18.11.2023 14:02:20   [Insert]   Key = 8   Payload = 0   success
18.11.2023 14:02:21   [Insert]   Key = E   Payload = 0   success
18.11.2023 14:02:22   [Insert]   Key = V   Payload = 0   success
18.11.2023 14:02:23   [Insert]   Key = F   Payload = 0   success
18.11.2023 14:02:24   [Insert]   Key = ^   Payload = 0   success
18.11.2023 14:02:25   [Insert]   Key = 6   Payload = 0   success
18.11.2023 14:02:26   [Insert]   Key = N   Payload = 0   success
18.11.2023 14:02:27   [Insert]   Key = =   Payload = 0   success
18.11.2023 14:02:28   [Insert]   Key = B   Payload = 0   success
18.11.2023 14:02:29   [Insert]   Key = 0   Payload = 0   success
18.11.2023 14:02:30   [Insert]   Key = Y   Payload = 0   success
18.11.2023 14:02:31   [Insert]   Key = <   Payload = 0   success
18.11.2023 14:02:32   [Insert]   Key = 5   Payload = 0   success
18.11.2023 14:02:33   [Insert]   Key = :   Payload = 0   success
18.11.2023 14:02:34   [Insert]   Key = 9   Payload = 0   success
18.11.2023 14:02:35   [Insert]   Key = H   Payload = 0   success
18.11.2023 14:02:36   [Insert]   Key = U   Payload = 0   success
18.11.2023 14:02:37   [Insert]   Key = `   Payload = 0   success
18.11.2023 14:02:38   [Insert]   Key = Q   Payload = 0   success
18.11.2023 14:02:39   [Insert]   Key = ]   Payload = 0   success
18.11.2023 14:02:40   [Insert]   Key = Y   Payload = 0   success
18.11.2023 14:02:41   [Insert]   Key = 2   Payload = 0   success
18.11.2023 14:02:42   [Insert]   Key = 0   Payload = 0   success
18.11.2023 14:02:43   [Insert]   Key = Y   Payload = 0   success
18.11.2023 14:02:44   [Insert]   Key = T   Payload = 0   success
18.11.2023 14:02:45   [Insert]   Key = H   Payload = 0   success
18.11.2023 14:02:46   [Insert]   Key = D   Payload = 0   success
18.11.2023 14:02:47   [Insert]   Key = ^   Payload = 0   success
18.11.2023 14:02:48   [Insert]   Key = E   Payload = 0   success
18.11.2023 14:02:49   [Insert]   Key = `   Payload = 0   success
18.11.2023 14:02:50   [Insert]   Key = a   Payload = 0   success
18.11.2023 14:02:51   [Insert]   Key = B   Payload = 0   success
18.11.2023 14:02:52   [Insert]   Key = R   Payload = 0   success
18.11.2023 14:02:53   [Insert]   Key = O   Payload = 0   success
18.11.2023 14:02:54   [Insert]   Key = R   Payload = 0   success
18.11.2023 14:02:55   [Insert]   Key = 3   Payload = 0   success
18.11.2023 14:02:56   [Insert]   Key = a   Payload = 0   success
18.11.2023 14:02:58   [Insert]   Key = B   Payload = 0   success
18.11.2023 14:02:59   [Insert]   Key = V   Payload = 0   success
18.11.2023 14:03:00   [Insert]   Key = 0   Payload = 0   success
18.11.2023 14:03:01   [Insert]   Key = V   Payload = 0   success
18.11.2023 14:03:02   [Insert]   Key = K   Payload = 0   success
18.11.2023 14:03:03   [Insert]   Key = A   Payload = 0   success
18.11.2023 14:03:04   [Insert]   Key = L   Payload = 0   success
18.11.2023 14:03:05   [Insert]   Key = [   Payload = 0   success
18.11.2023 14:03:06   [Insert]   Key = `   Payload = 0   success
18.11.2023 14:03:07   [Insert]   Key = Q   Payload = 0   success
18.11.2023 14:03:08   [Insert]   Key = 7   Payload = 0   success
18.11.2023 14:03:09   [Insert]   Key = E   Payload = 0   success
18.11.2023 14:03:10   [Insert]   Key = :   Payload = 0   success
18.11.2023 14:03:11   [Insert]   Key = A   Payload = 0   success
18.11.2023 14:03:12   [Insert]   Key = =   Payload = 0   success
18.11.2023 14:03:13   [Insert]   Key = >   Payload = 0   success
18.11.2023 14:03:14   [Insert]   Key = 9   Payload = 0   success
18.11.2023 14:03:15   [Insert]   Key = @   Payload = 0   success
18.11.2023 14:03:16   [Insert]   Key = S   Payload = 0   success
18.11.2023 14:03:17   [Insert]   Key = 1   Payload = 0   success
18.11.2023 14:03:18   [Insert]   Key = 0   Payload = 0   success
18.11.2023 14:03:19   [Insert]   Key = a   Payload = 0   success
18.11.2023 14:03:20   [Insert]   Key = C   Payload = 0   success
18.11.2023 14:03:21   [Insert]   Key = 6   Payload = 0   success
18.11.2023 14:03:22   [Insert]   Key = `   Payload = 0   success
18.11.2023 14:03:23   [Insert]   Key = 3   Payload = 0   success
18.11.2023 14:03:24   [Insert]   Key = H   Payload = 0   success
18.11.2023 14:03:25   [Insert]   Key = 8   Payload = 0   success
18.11.2023 14:03:26   [Insert]   Key = \   Payload = 0   success
18.11.2023 14:03:27   [Insert]   Key = 9   Payload = 0   success
18.11.2023 14:03:28   [Insert]   Key = W   Payload = 0   success
18.11.2023 14:03:29   [Insert]   Key = 2   Payload = 0   success
18.11.2023 14:03:30   [Insert]   Key = ]   Payload = 0   success
18.11.2023 14:03:31   [Insert]   Key = S   Payload = 0   success
18.11.2023 14:03:32   [Insert]   Key = [   Payload = 0   success
18.11.2023 14:03:33   [Insert]   Key = [   Payload = 0   success
18.11.2023 14:03:34   [Insert]   Key = G   Payload = 0   success
18.11.2023 14:03:35   [Insert]   Key = U   Payload = 0   success
18.11.2023 14:03:36   [Insert]   Key = >   Payload = 0   success
18.11.2023 14:03:37   [Insert]   Key = 3   Payload = 0   success
18.11.2023 14:03:38   [Insert]   Key = `   Payload = 0   success
18.11.2023 14:03:39   [Insert]   Key = 0   Payload = 0   success
18.11.2023 14:03:40   [Insert]   Key = 8   Payload = 0   success
18.11.2023 14:03:41   [Insert]   Key = B   Payload = 0   success
18.11.2023 14:03:42   [Insert]   Key = N   Payload = 0   success
18.11.2023 14:03:43   [Insert]   Key = ^   Payload = 0   success
18.11.2023 14:03:44   [Insert]   Key = `   Payload = 0   success
18.11.2023 14:03:45   [Insert]   Key = O   Payload = 0   success
18.11.2023 14:03:46   [Insert]   Key = W   Payload = 0   success
18.11.2023 14:03:47   [Insert]   Key = `   Payload = 0   success
18.11.2023 14:03:48   [Insert]   Key = 9   Payload = 0   success
18.11.2023 14:03:49   [Insert]   Key = 7   Payload = 0   success
18.11.2023 14:03:50   [Insert]   Key = F   Payload = 0   success
18.11.2023 14:03:51   [Insert]   Key = F   Payload = 0   success
18.11.2023 14:03:52   [Insert]   Key = V   Payload = 0   success
18.11.2023 14:03:53   [Insert]   Key = Z   Payload = 0   success
18.11.2023 14:03:54   [Insert]   Key = V   Payload = 0   success
18.11.2023 14:03:55   [Insert]   Key = M   Payload = 0   success
18.11.2023 14:03:56   [Insert]   Key = X   Payload = 0   success
18.11.2023 14:03:57   [Insert]   Key = 7   Payload = 0   success
18.11.2023 14:03:58   [Insert]   Key = 8   Payload = 0   success
18.11.2023 14:03:59   [Insert]   Key = Y   Payload = 0   success
18.11.2023 14:04:00   [Insert]   Key = ?   Payload = 0   success
18.11.2023 14:04:01   [Insert]   Key = V   Payload = 0   success
18.11.2023 14:04:02   [Insert]   Key = 6   Payload = 0   success
18.11.2023 14:04:03   [Insert]   Key = ;   Payload = 0   success
18.11.2023 14:04:04   [Insert]   Key = 2   Payload = 0   success
18.11.2023 14:04:05   [Insert]   Key = R   Payload = 0   success
18.11.2023 14:04:06   [Insert]   Key = F   Payload = 0   success
18.11.2023 14:04:07   [Insert]   Key = 5   Payload = 0   success
18.11.2023 14:04:08   [Insert]   Key = L   Payload = 0   success
18.11.2023 14:04:09   [Insert]   Key = ^   Payload = 0   success
18.11.2023 14:04:10   [Insert]   Key = <   Payload = 0   success
18.11.2023 14:04:11   [Insert]   Key = T   Payload = 0   success
18.11.2023 14:04:12   [Insert]   Key = I   Payload = 0   success
18.11.2023 14:04:13   [Insert]   Key = Q   Payload = 0   success
18.11.2023 14:04:14   [Insert]   Key = C   Payload = 0   success
18.11.2023 14:04:15   [Insert]   Key = Z   Payload = 0   success
18.11.2023 14:04:16   [Insert]   Key = \   Payload = 0   success
18.11.2023 14:04:17   [Insert]   Key = @   Payload = 0   success
18.11.2023 14:04:18   [Insert]   Key = O   Payload = 0   success
18.11.2023 14:04:19   [Insert]   Key = `   Payload = 0   success
18.11.2023 14:04:20   [Insert]   Key = F   Payload = 0   success
18.11.2023 14:04:21   [Insert]   Key = 1   Payload = 0   success
18.11.2023 14:04:22   [Insert]   Key = E   Payload = 0   success
18.11.2023 14:04:23   [Insert]   Key = a   Payload = 0   success
18.11.2023 14:04:24   [Insert]   Key = 7   Payload = 0   success
18.11.2023 14:04:25   [Insert]   Key = J   Payload = 0   success
18.11.2023 14:04:26   [Insert]   Key = Z   Payload = 0   success
18.11.2023 14:04:27   [Insert]   Key = W   Payload = 0   success
18.11.2023 14:04:28   [Insert]   Key = I   Payload = 0   success
18.11.2023 14:04:29   [Insert]   Key = <   Payload = 0   success
18.11.2023 14:04:30   [Insert]   Key = 0   Payload = 0   success
18.11.2023 14:04:31   [Insert]   Key = :   Payload = 0   success
18.11.2023 14:04:32   [Insert]   Key = 3   Payload = 0   success
18.11.2023 14:04:33   [Insert]   Key = C   Payload = 0   success
18.11.2023 14:04:34   [Insert]   Key = ;   Payload = 0   success
18.11.2023 14:04:35   [Insert]   Key = V   Payload = 0   success
18.11.2023 14:04:36   [Insert]   Key = 1   Payload = 0   success
18.11.2023 14:04:37   [Insert]   Key = W   Payload = 0   success
18.11.2023 14:04:38   [Insert]   Key = 5   Payload = 0   success
18.11.2023 14:04:39   [Insert]   Key = G   Payload = 0   success
18.11.2023 14:04:40   [Insert]   Key = 2   Payload = 0   success
18.11.2023 14:04:41   [Insert]   Key = S   Payload = 0   success
18.11.2023 14:04:42   [Insert]   Key = P   Payload = 0   success
18.11.2023 14:04:43   [Insert]   Key = S   Payload = 0   success
18.11.2023 14:04:44   [Insert]   Key = V   Payload = 0   success
18.11.2023 14:04:45   [Insert]   Key = J   Payload = 0   success
18.11.2023 14:04:46   [Insert]   Key = A   Payload = 0   success
18.11.2023 14:04:47   [Insert]   Key = 7   Payload = 0   success
18.11.2023 14:04:48   [Insert]   Key = P   Payload = 0   success
18.11.2023 14:04:50   [Insert]   Key = P   Payload = 0   success
18.11.2023 14:04:51   [Insert]   Key = C   Payload = 0   success
18.11.2023 14:04:52   [Insert]   Key = 4   Payload = 0   success
18.11.2023 14:04:53   [Insert]   Key = E   Payload = 0   success
18.11.2023 14:04:54   [Insert]   Key = W   Payload = 0   success
18.11.2023 14:04:55   [Insert]   Key = J   Payload = 0   success
18.11.2023 14:04:56   [Insert]   Key = M   Payload = 0   success
18.11.2023 14:04:57   [Insert]   Key = B   Payload = 0   success
18.11.2023 14:04:58   [Insert]   Key = Z   Payload = 0   success
18.11.2023 14:04:59   [Insert]   Key = I   Payload = 0   success
18.11.2023 14:05:00   [Insert]   Key = 5   Payload = 0   success
18.11.2023 14:05:01   [Insert]   Key = R   Payload = 0   success
18.11.2023 14:05:02   [Insert]   Key = a   Payload = 0   success
18.11.2023 14:05:03   [Insert]   Key = Y   Payload = 0   success
18.11.2023 14:05:04   [Insert]   Key = <   Payload = 0   success
18.11.2023 14:05:05   [Insert]   Key = ]   Payload = 0   success
18.11.2023 14:05:06   [Insert]   Key = :   Payload = 0   success
18.11.2023 14:05:07   [Insert]   Key = B   Payload = 0   success
18.11.2023 14:05:08   [Insert]   Key = 3   Payload = 0   success
18.11.2023 14:05:09   [Insert]   Key = W   Payload = 0   success
18.11.2023 14:05:10   [Insert]   Key = G   Payload = 0   success
18.11.2023 14:05:11   [Insert]   Key = M   Payload = 0   success
18.11.2023 14:05:12   [Insert]   Key = ^   Payload = 0   success
18.11.2023 14:05:13   [Insert]   Key = U   Payload = 0   success
18.11.2023 14:05:14   [Insert]   Key = M   Payload = 0   success
18.11.2023 14:05:15   [Insert]   Key = a   Payload = 0   success
18.11.2023 14:05:16   [Insert]   Key = U   Payload = 0   success
18.11.2023 14:05:17   [Insert]   Key = @   Payload = 0   success
18.11.2023 14:05:18   [Insert]   Key = a   Payload = 0   success
18.11.2023 14:05:19   [Insert]   Key = [   Payload = 0   success
18.11.2023 14:05:20   [Insert]   Key = ]   Payload = 0   success
18.11.2023 14:05:21   [Insert]   Key = _   Payload = 0   success
18.11.2023 14:05:22   [Insert]   Key = @   Payload = 0   success
18.11.2023 14:05:23   [Insert]   Key = T   Payload = 0   success
18.11.2023 14:05:24   [Insert]   Key = 5   Payload = 0   success
18.11.2023 14:05:25   [Insert]   Key = V   Payload = 0   success
18.11.2023 14:05:26   [Insert]   Key = P   Payload = 0   success
18.11.2023 14:05:27   [Insert]   Key = 5   Payload = 0   success
18.11.2023 14:05:28   [Insert]   Key = R   Payload = 0   success
18.11.2023 14:05:29   [Insert]   Key = >   Payload = 0   success
18.11.2023 14:05:30   [Insert]   Key = 1   Payload = 0   success
18.11.2023 14:05:31   [Insert]   Key = @   Payload = 0   success
18.11.2023 14:05:32   [Insert]   Key = E   Payload = 0   success
18.11.2023 14:05:33   [Insert]   Key = T   Payload = 0   success
18.11.2023 14:05:34   [Insert]   Key = =   Payload = 0   success
18.11.2023 14:05:35   [Insert]   Key = =   Payload = 0   success
18.11.2023 14:05:36   [Insert]   Key = 5   Payload = 0   success
18.11.2023 14:05:37   [Insert]   Key = S   Payload = 0   success
18.11.2023 14:05:38   [Insert]   Key = 3   Payload = 0   success
18.11.2023 14:05:39   [Insert]   Key = <   Payload = 0   success
18.11.2023 14:05:40   [Insert]   Key = 8   Payload = 0   success
18.11.2023 14:05:41   [Insert]   Key = P   Payload = 0   success
18.11.2023 14:05:42   [Insert]   Key = ]   Payload = 0   success
18.11.2023 14:05:43   [Insert]   Key = =   Payload = 0   success
18.11.2023 14:05:44   [Insert]   Key = 6   Payload = 0   success
18.11.2023 14:05:45   [Insert]   Key = E   Payload = 0   success
18.11.2023 14:05:46   [Insert]   Key = 8   Payload = 0   success
18.11.2023 14:05:48   [Insert]   Key = ^   Payload = 0   success
18.11.2023 14:05:49   [Insert]   Key = P   Payload = 0   success
18.11.2023 14:05:50   [Insert]   Key = O   Payload = 0   success
18.11.2023 14:05:51   [Insert]   Key = \   Payload = 0   success
18.11.2023 14:05:52   [Insert]   Key = ^   Payload = 0   success
18.11.2023 14:05:53   [Insert]   Key = F   Payload = 0   success
18.11.2023 14:05:54   [Insert]   Key = M   Payload = 0   success
18.11.2023 14:05:55   [Insert]   Key = ;   Payload = 0   success
18.11.2023 14:05:56   [Insert]   Key = S   Payload = 0   success
18.11.2023 14:05:57   [Insert]   Key = 0   Payload = 0   success
18.11.2023 14:05:58   [Insert]   Key = G   Payload = 0   success
18.11.2023 14:05:59   [Insert]   Key = @   Payload = 0   success
18.11.2023 14:06:00   [Insert]   Key = \   Payload = 0   success
18.11.2023 14:06:01   [Insert]   Key = 9   Payload = 0   success
18.11.2023 14:06:02   [Insert]   Key = Z   Payload = 0   success
18.11.2023 14:06:03   [Insert]   Key = W   Payload = 0   success
18.11.2023 14:06:04   [Insert]   Key = 3   Payload = 0   success
18.11.2023 14:06:05   [Insert]   Key = H   Payload = 0   success
18.11.2023 14:06:06   [Insert]   Key = 4   Payload = 0   success
18.11.2023 14:06:07   [Insert]   Key = :   Payload = 0   success
18.11.2023 14:06:08   [Insert]   Key = ]   Payload = 0   success
18.11.2023 14:06:09   [Insert]   Key = a   Payload = 0   success
18.11.2023 14:06:10   [Insert]   Key = T   Payload = 0   success
18.11.2023 14:06:11   [Insert]   Key = =   Payload = 0   success
18.11.2023 14:06:12   [Insert]   Key = H   Payload = 0   success
18.11.2023 14:06:13   [Insert]   Key = F   Payload = 0   success
18.11.2023 14:06:14   [Insert]   Key = B   Payload = 0   success
18.11.2023 14:06:15   [Insert]   Key = B   Payload = 0   success
18.11.2023 14:06:16   [Insert]   Key = U   Payload = 0   success
18.11.2023 14:06:17   [Insert]   Key = 5   Payload = 0   success
18.11.2023 14:06:18   [Insert]   Key = 8   Payload = 0   success
18.11.2023 14:06:19   [Insert]   Key = Y   Payload = 0   success
18.11.2023 14:06:20   [Insert]   Key = 2   Payload = 0   success
18.11.2023 14:06:21   [Insert]   Key = I   Payload = 0   success
18.11.2023 14:06:22   [Insert]   Key = K   Payload = 0   success
18.11.2023 14:06:23   [Insert]   Key = >   Payload = 0   success
18.11.2023 14:06:24   [Insert]   Key = >   Payload = 0   success
18.11.2023 14:06:25   [Insert]   Key = H   Payload = 0   success
18.11.2023 14:06:26   [Insert]   Key = R   Payload = 0   success
18.11.2023 14:06:27   [Insert]   Key = H   Payload = 0   success
18.11.2023 14:06:28   [Insert]   Key = F   Payload = 0   success
18.11.2023 14:06:30   [Insert]   Key = 9   Payload = 0   success
18.11.2023 14:06:31   [Insert]   Key = Q   Payload = 0   success
18.11.2023 14:06:32   [Insert]   Key = D   Payload = 0   success
18.11.2023 14:06:33   [Insert]   Key = U   Payload = 0   success
18.11.2023 14:06:34   [Insert]   Key = _   Payload = 0   success
18.11.2023 14:06:35   [Insert]   Key = B   Payload = 0   success
18.11.2023 14:06:36   [Insert]   Key = K   Payload = 0   success
18.11.2023 14:06:37   [Insert]   Key = G   Payload = 0   success
18.11.2023 14:06:38   [Insert]   Key = D   Payload = 0   success
18.11.2023 14:06:39   [Insert]   Key = =   Payload = 0   success
18.11.2023 14:06:40   [Insert]   Key = B   Payload = 0   success
18.11.2023 14:06:41   [Insert]   Key = Z   Payload = 0   success
18.11.2023 14:06:42   [Insert]   Key = S   Payload = 0   success
18.11.2023 14:06:43   [Insert]   Key = 2   Payload = 0   success
18.11.2023 14:06:44   [Insert]   Key = N   Payload = 0   success
18.11.2023 14:06:45   [Insert]   Key = =   Payload = 0   success
18.11.2023 14:06:46   [Insert]   Key = K   Payload = 0   success
18.11.2023 14:06:47   [Insert]   Key = 2   Payload = 0   success
18.11.2023 14:06:48   [Insert]   Key = a   Payload = 0   success
18.11.2023 14:06:49   [Insert]   Key = K   Payload = 0   success
18.11.2023 14:06:50   [Insert]   Key = I   Payload = 0   success
18.11.2023 14:06:51   [Insert]   Key = [   Payload = 0   success
18.11.2023 14:06:52   [Insert]   Key = H   Payload = 0   success
18.11.2023 14:06:53   [Insert]   Key = G   Payload = 0   success
18.11.2023 14:06:54   [Insert]   Key = F   Payload = 0   success
18.11.2023 14:06:55   [Insert]   Key = ;   Payload = 0   success
18.11.2023 14:06:56   [Insert]   Key = O   Payload = 0   success
18.11.2023 14:06:57   [Insert]   Key = 3   Payload = 0   success
18.11.2023 14:06:58   [Insert]   Key = P   Payload = 0   success
18.11.2023 14:06:59   [Insert]   Key = 5   Payload = 0   success
18.11.2023 14:07:00   [Insert]   Key = [   Payload = 0   success
18.11.2023 14:07:01   [Insert]   Key = I   Payload = 0   success
18.11.2023 14:07:02   [Insert]   Key = O   Payload = 0   success
18.11.2023 14:07:03   [Insert]   Key = Z   Payload = 0   success
18.11.2023 14:07:04   [Insert]   Key = Z   Payload = 0   success
18.11.2023 14:07:05   [Insert]   Key = F   Payload = 0   success
18.11.2023 14:07:06   [Insert]   Key = T   Payload = 0   success
18.11.2023 14:07:07   [Insert]   Key = >   Payload = 0   success
18.11.2023 14:07:08   [Insert]   Key = 0   Payload = 0   success
18.11.2023 14:07:09   [Insert]   Key = U   Payload = 0   success
18.11.2023 14:07:10   [Insert]   Key = :   Payload = 0   success
18.11.2023 14:07:11   [Insert]   Key = =   Payload = 0   success
18.11.2023 14:07:12   [Insert]   Key = H   Payload = 0   success
18.11.2023 14:07:13   [Insert]   Key = D   Payload = 0   success
18.11.2023 14:07:14   [Insert]   Key = D   Payload = 0   success
18.11.2023 14:07:15   [Insert]   Key = S   Payload = 0   success
18.11.2023 14:07:16   [Insert]   Key = Q   Payload = 0   success
18.11.2023 14:07:17   [Insert]   Key = ;   Payload = 0   success
18.11.2023 14:07:18   [Insert]   Key = :   Payload = 0   success
18.11.2023 14:07:19   [Insert]   Key = ^   Payload = 0   success
18.11.2023 14:07:20   [Insert]   Key = A   Payload = 0   success
18.11.2023 14:07:21   [Insert]   Key = S   Payload = 0   success
18.11.2023 14:07:22   [Insert]   Key = 0   Payload = 0   success
18.11.2023 14:07:23   [Insert]   Key = X   Payload = 0   success
18.11.2023 14:07:24   [Insert]   Key = \   Payload = 0   success
18.11.2023 14:07:25   [Insert]   Key = ]   Payload = 0   success
18.11.2023 14:07:26   [Insert]   Key = H   Payload = 0   success
18.11.2023 14:07:27   [Insert]   Key = C   Payload = 0   success
18.11.2023 14:07:28   [Insert]   Key = I   Payload = 0   success
18.11.2023 14:07:29   [Insert]   Key = J   Payload = 0   success
18.11.2023 14:07:30   [Insert]   Key = \   Payload = 0   success
18.11.2023 14:07:31   [Insert]   Key = 8   Payload = 0   success
18.11.2023 14:07:32   [Insert]   Key = 2   Payload = 0   success
18.11.2023 14:07:33   [Insert]   Key = E   Payload = 0   success
18.11.2023 14:07:34   [Insert]   Key = @   Payload = 0   success
18.11.2023 14:07:35   [Insert]   Key = L   Payload = 0   success
18.11.2023 14:07:36   [Insert]   Key = [   Payload = 0   success
18.11.2023 14:07:37   [Insert]   Key = 1   Payload = 0   success
18.11.2023 14:07:38   [Insert]   Key = R   Payload = 0   success
18.11.2023 14:07:39   [Insert]   Key = B   Payload = 0   success
18.11.2023 14:07:40   [Insert]   Key = >   Payload = 0   success
18.11.2023 14:07:41   [Insert]   Key = C   Payload = 0   success
18.11.2023 14:07:42   [Insert]   Key = 2   Payload = 0   success
18.11.2023 14:07:43   [Insert]   Key = 0   Payload = 0   success
18.11.2023 14:07:44   [Insert]   Key = U   Payload = 0   success
18.11.2023 14:07:45   [Insert]   Key = :   Payload = 0   success
18.11.2023 14:07:46   [Insert]   Key = J   Payload = 0   success
18.11.2023 14:07:47   [Insert]   Key = :   Payload = 0   success
18.11.2023 14:07:49   [Insert]   Key = 7   Payload = 0   success
18.11.2023 14:07:50   [Insert]   Key = D   Payload = 0   success
18.11.2023 14:07:51   [Insert]   Key = ?   Payload = 0   success
18.11.2023 14:07:52   [Insert]   Key = J   Payload = 0   success
18.11.2023 14:07:53   [Insert]   Key = K   Payload = 0   success
18.11.2023 14:07:54   [Insert]   Key = [   Payload = 0   success
18.11.2023 14:07:55   [Insert]   Key = 8   Payload = 0   success
18.11.2023 14:07:56   [Insert]   Key = >   Payload = 0   success
18.11.2023 14:08:04   [Insert]   Key = 9   Payload = 0   success
18.11.2023 14:08:06   [Insert]   Key = P   Payload = 0   success
18.11.2023 14:08:07   [Insert]   Key = T   Payload = 0   success
18.11.2023 14:08:08   [Insert]   Key = ?   Payload = 0   success
18.11.2023 14:08:09   [Insert]   Key = U   Payload = 0   success
18.11.2023 14:08:10   [Insert]   Key = K   Payload = 0   success
18.11.2023 14:08:11   [Insert]   Key = H   Payload = 0   success
18.11.2023 14:08:12   [Insert]   Key = I   Payload = 0   success
18.11.2023 14:08:13   [Insert]   Key = K   Payload = 0   success
18.11.2023 14:08:15   [Insert]   Key = M   Payload = 0   success
18.11.2023 14:08:16   [Insert]   Key = L   Payload = 0   success
18.11.2023 14:08:17   [Insert]   Key = G   Payload = 0   success
18.11.2023 14:08:18   [Insert]   Key = D   Payload = 0   success
18.11.2023 14:08:19   [Insert]   Key = 2   Payload = 0   success
18.11.2023 14:08:20   [Insert]   Key = <   Payload = 0   success
18.11.2023 14:08:21   [Insert]   Key = G   Payload = 0   success
18.11.2023 14:08:22   [Insert]   Key = ^   Payload = 0   success
18.11.2023 14:08:23   [Insert]   Key = U   Payload = 0   success
18.11.2023 14:08:24   [Insert]   Key = ;   Payload = 0   success
18.11.2023 14:08:25   [Insert]   Key = ]   Payload = 0   success
18.11.2023 14:08:26   [Insert]   Key = I   Payload = 0   success
18.11.2023 14:08:27   [Insert]   Key = >   Payload = 0   success
18.11.2023 14:08:28   [Insert]   Key = :   Payload = 0   success
18.11.2023 14:08:29   [Insert]   Key = 2   Payload = 0   success
18.11.2023 14:08:30   [Insert]   Key = @   Payload = 0   success
18.11.2023 14:08:31   [Insert]   Key = N   Payload = 0   success
18.11.2023 14:08:32   [Insert]   Key = J   Payload = 0   success
18.11.2023 14:08:33   [Insert]   Key = ;   Payload = 0   success
18.11.2023 14:08:34   [Insert]   Key = E   Payload = 0   success
18.11.2023 14:08:35   [Insert]   Key = ;   Payload = 0   success
18.11.2023 14:08:36   [Insert]   Key = _   Payload = 0   success
18.11.2023 14:08:37   [Insert]   Key = 3   Payload = 0   success
18.11.2023 14:08:38   [Insert]   Key = D   Payload = 0   success
18.11.2023 14:08:39   [Insert]   Key = X   Payload = 0   success
18.11.2023 14:08:40   [Insert]   Key = H   Payload = 0   success
18.11.2023 14:08:41   [Insert]   Key = V   Payload = 0   success
18.11.2023 14:08:42   [Insert]   Key = =   Payload = 0   success
18.11.2023 14:08:43   [Insert]   Key = X   Payload = 0   success
18.11.2023 14:08:44   [Insert]   Key = 1   Payload = 0   success
18.11.2023 14:08:45   [Insert]   Key = <   Payload = 0   success
18.11.2023 14:08:46   [Insert]   Key = M   Payload = 0   success
18.11.2023 14:08:47   [Insert]   Key = 0   Payload = 0   success
18.11.2023 14:08:48   [Insert]   Key = =   Payload = 0   success
18.11.2023 14:08:49   [Insert]   Key = 8   Payload = 0   success
18.11.2023 14:08:50   [Insert]   Key = L   Payload = 0   success
18.11.2023 14:08:51   [Insert]   Key = ?   Payload = 0   success
18.11.2023 14:08:52   [Insert]   Key = 7   Payload = 0   success
18.11.2023 14:08:53   [Insert]   Key = K   Payload = 0   success
18.11.2023 14:08:54   [Insert]   Key = 0   Payload = 0   success
18.11.2023 14:08:55   [Insert]   Key = 8   Payload = 0   success
18.11.2023 14:08:56   [Insert]   Key = W   Payload = 0   success
18.11.2023 14:08:57   [Insert]   Key = 3   Payload = 0   success
18.11.2023 14:08:58   [Insert]   Key = :   Payload = 0   success
18.11.2023 14:08:59   [Insert]   Key = 7   Payload = 0   success
18.11.2023 14:09:00   [Insert]   Key = H   Payload = 0   success
18.11.2023 14:09:01   [Insert]   Key = K   Payload = 0   success
18.11.2023 14:09:02   [Insert]   Key = 8   Payload = 0   success
18.11.2023 14:09:03   [Insert]   Key = =   Payload = 0   success
18.11.2023 14:09:04   [Insert]   Key = U   Payload = 0   success
18.11.2023 14:09:05   [Insert]   Key = 1   Payload = 0   success
18.11.2023 14:09:06   [Insert]   Key = 0   Payload = 0   success
18.11.2023 14:09:07   [Insert]   Key = :   Payload = 0   success
18.11.2023 14:09:08   [Insert]   Key = L   Payload = 0   success
18.11.2023 14:09:09   [Insert]   Key = [   Payload = 0   success
18.11.2023 14:09:10   [Insert]   Key = R   Payload = 0   success
18.11.2023 14:09:11   [Insert]   Key = 5   Payload = 0   success
18.11.2023 14:09:12   [Insert]   Key = X   Payload = 0   success
18.11.2023 14:09:13   [Insert]   Key = ;   Payload = 0   success
18.11.2023 14:09:14   [Insert]   Key = 4   Payload = 0   success
18.11.2023 14:09:15   [Insert]   Key = S   Payload = 0   success
18.11.2023 14:09:16   [Insert]   Key = 6   Payload = 0   success
18.11.2023 14:09:17   [Insert]   Key = F   Payload = 0   success
18.11.2023 14:09:18   [Insert]   Key = 0   Payload = 0   success
18.11.2023 14:09:19   [Insert]   Key = G   Payload = 0   success
18.11.2023 14:09:20   [Insert]   Key = S   Payload = 0   success
18.11.2023 14:09:21   [Insert]   Key = 6   Payload = 0   success
18.11.2023 14:09:22   [Insert]   Key = @   Payload = 0   success
18.11.2023 14:09:23   [Insert]   Key = J   Payload = 0   success
18.11.2023 14:09:24   [Insert]   Key = 7   Payload = 0   success
18.11.2023 14:09:25   [Insert]   Key = J   Payload = 0   success
18.11.2023 14:09:26   [Insert]   Key = 7   Payload = 0   success
18.11.2023 14:09:27   [Insert]   Key = U   Payload = 0   success
18.11.2023 14:09:28   [Insert]   Key = E   Payload = 0   success
18.11.2023 14:09:29   [Insert]   Key = C   Payload = 0   success
18.11.2023 14:09:30   [Insert]   Key = ;   Payload = 0   success
18.11.2023 14:09:31   [Insert]   Key = ^   Payload = 0   success
18.11.2023 14:09:32   [Insert]   Key = F   Payload = 0   success
18.11.2023 14:09:33   [Insert]   Key = A   Payload = 0   success
18.11.2023 14:09:34   [Insert]   Key = <   Payload = 0   success
18.11.2023 14:09:35   [Insert]   Key = A   Payload = 0   success
18.11.2023 14:09:36   [Insert]   Key = ^   Payload = 0   success
18.11.2023 14:09:37   [Insert]   Key = S   Payload = 0   success
18.11.2023 14:09:38   [Insert]   Key = Y   Payload = 0   success
18.11.2023 14:09:39   [Insert]   Key = G   Payload = 0   success
18.11.2023 14:09:40   [Insert]   Key = M   Payload = 0   success
18.11.2023 14:09:41   [Insert]   Key = M   Payload = 0   success
18.11.2023 14:09:42   [Insert]   Key = ?   Payload = 0   success
18.11.2023 14:09:43   [Insert]   Key = 9   Payload = 0   success
18.11.2023 14:09:44   [Insert]   Key = P   Payload = 0   success
18.11.2023 14:09:45   [Insert]   Key = ^   Payload = 0   success
18.11.2023 14:09:46   [Insert]   Key = 5   Payload = 0   success
18.11.2023 14:09:47   [Insert]   Key = 3   Payload = 0   success
18.11.2023 14:09:48   [Insert]   Key = <   Payload = 0   success
18.11.2023 14:09:49   [Insert]   Key = R   Payload = 0   success
18.11.2023 14:09:50   [Insert]   Key = R   Payload = 0   success
18.11.2023 14:09:51   [Insert]   Key = 4   Payload = 0   success
18.11.2023 14:09:52   [Insert]   Key = F   Payload = 0   success
18.11.2023 14:09:53   [Insert]   Key = 7   Payload = 0   success
18.11.2023 14:09:54   [Insert]   Key = C   Payload = 0   success
18.11.2023 14:09:55   [Insert]   Key = P   Payload = 0   success
18.11.2023 14:09:56   [Insert]   Key = =   Payload = 0   success
18.11.2023 14:09:57   [Insert]   Key = 7   Payload = 0   success
18.11.2023 14:09:58   [Insert]   Key = Q   Payload = 0   success
18.11.2023 14:09:59   [Insert]   Key = ;   Payload = 0   success
18.11.2023 14:10:00   [Insert]   Key = S   Payload = 0   success
18.11.2023 14:10:01   [Insert]   Key = A   Payload = 0   success
18.11.2023 14:10:03   [Insert]   Key = `   Payload = 0   success
18.11.2023 14:10:04   [Insert]   Key = I   Payload = 0   success
18.11.2023 14:10:05   [Insert]   Key = V   Payload = 0   success
18.11.2023 14:10:06   [Insert]   Key = G   Payload = 0   success
18.11.2023 14:10:07   [Insert]   Key = Z   Payload = 0   success
18.11.2023 14:10:08   [Insert]   Key = 4   Payload = 0   success
18.11.2023 14:10:09   [Insert]   Key = ;   Payload = 0   success
18.11.2023 14:10:10   [Insert]   Key = Y   Payload = 0   success
18.11.2023 14:10:11   [Insert]   Key = I   Payload = 0   success
18.11.2023 14:10:12   [Insert]   Key = 9   Payload = 0   success
18.11.2023 14:10:13   [Insert]   Key = I   Payload = 0   success
18.11.2023 14:10:14   [Insert]   Key = E   Payload = 0   success
18.11.2023 14:10:15   [Insert]   Key = D   Payload = 0   success
18.11.2023 14:10:16   [Insert]   Key = J   Payload = 0   success
18.11.2023 14:10:17   [Insert]   Key = R   Payload = 0   success
18.11.2023 14:10:18   [Insert]   Key = 5   Payload = 0   success
18.11.2023 14:10:19   [Insert]   Key = Q   Payload = 0   success
18.11.2023 14:10:20   [Insert]   Key = 0   Payload = 0   success
18.11.2023 14:10:21   [Insert]   Key = `   Payload = 0   success
18.11.2023 14:10:22   [Insert]   Key = M   Payload = 0   success
18.11.2023 14:10:23   [Insert]   Key = 1   Payload = 0   success
18.11.2023 14:10:24   [Insert]   Key = [   Payload = 0   success
18.11.2023 14:10:25   [Insert]   Key = R   Payload = 0   success
18.11.2023 14:10:26   [Insert]   Key = U   Payload = 0   success
18.11.2023 14:10:27   [Insert]   Key = R   Payload = 0   success
18.11.2023 14:10:28   [Insert]   Key = 6   Payload = 0   success
18.11.2023 14:10:29   [Insert]   Key = [   Payload = 0   success
18.11.2023 14:10:30   [Insert]   Key = J   Payload = 0   success
18.11.2023 14:10:31   [Insert]   Key = 5   Payload = 0   success
18.11.2023 14:10:32   [Insert]   Key = <   Payload = 0   success
18.11.2023 14:10:33   [Insert]   Key = `   Payload = 0   success
18.11.2023 14:10:34   [Insert]   Key = O   Payload = 0   success
18.11.2023 14:10:35   [Insert]   Key = 0   Payload = 0   success
18.11.2023 14:10:36   [Insert]   Key = =   Payload = 0   success
18.11.2023 14:10:37   [Insert]   Key = Y   Payload = 0   success
18.11.2023 14:10:38   [Insert]   Key = 5   Payload = 0   success
18.11.2023 14:10:39   [Insert]   Key = 5   Payload = 0   success
18.11.2023 14:10:40   [Insert]   Key = Z   Payload = 0   success
18.11.2023 14:10:41   [Insert]   Key = <   Payload = 0   success
18.11.2023 14:10:42   [Insert]   Key = ;   Payload = 0   success
18.11.2023 14:10:43   [Insert]   Key = K   Payload = 0   success
18.11.2023 14:10:44   [Insert]   Key = H   Payload = 0   success
18.11.2023 14:10:45   [Insert]   Key = L   Payload = 0   success
18.11.2023 14:10:46   [Insert]   Key = 2   Payload = 0   success
18.11.2023 14:10:47   [Insert]   Key = [   Payload = 0   success
18.11.2023 14:10:48   [Insert]   Key = ^   Payload = 0   success
18.11.2023 14:10:49   [Insert]   Key = G   Payload = 0   success
18.11.2023 14:10:50   [Insert]   Key = X   Payload = 0   success
18.11.2023 14:10:51   [Insert]   Key = =   Payload = 0   success
18.11.2023 14:10:52   [Insert]   Key = I   Payload = 0   success
18.11.2023 14:10:53   [Insert]   Key = F   Payload = 0   success
18.11.2023 14:10:54   [Insert]   Key = B   Payload = 0   success
18.11.2023 14:10:55   [Insert]   Key = :   Payload = 0   success
18.11.2023 14:10:56   [Insert]   Key = A   Payload = 0   success
18.11.2023 14:10:57   [Insert]   Key = P   Payload = 0   success
18.11.2023 14:10:58   [Insert]   Key = <   Payload = 0   success
18.11.2023 14:10:59   [Insert]   Key = ]   Payload = 0   success
18.11.2023 14:11:00   [Insert]   Key = C   Payload = 0   success
18.11.2023 14:11:01   [Insert]   Key = O   Payload = 0   success
18.11.2023 14:11:02   [Insert]   Key = X   Payload = 0   success
18.11.2023 14:11:03   [Insert]   Key = V   Payload = 0   success
18.11.2023 14:11:04   [Insert]   Key = S   Payload = 0   success
18.11.2023 14:11:05   [Insert]   Key = X   Payload = 0   success
18.11.2023 14:11:06   [Insert]   Key = _   Payload = 0   success
18.11.2023 14:11:07   [Insert]   Key = W   Payload = 0   success
18.11.2023 14:11:08   [Insert]   Key = X   Payload = 0   success
18.11.2023 14:11:09   [Insert]   Key = ]   Payload = 0   success
18.11.2023 14:11:10   [Insert]   Key = 3   Payload = 0   success
18.11.2023 14:11:11   [Insert]   Key = >   Payload = 0   success
18.11.2023 14:11:12   [Insert]   Key = 1   Payload = 0   success
18.11.2023 14:11:13   [Insert]   Key = X   Payload = 0   success
18.11.2023 14:11:14   [Insert]   Key = \   Payload = 0   success
18.11.2023 14:11:16   [Insert]   Key = 8   Payload = 0   success
18.11.2023 14:11:17   [Insert]   Key = S   Payload = 0   success
18.11.2023 14:11:18   [Insert]   Key = 9   Payload = 0   success
18.11.2023 14:11:19   [Insert]   Key = Z   Payload = 0   success
18.11.2023 14:11:20   [Insert]   Key = 5   Payload = 0   success
18.11.2023 14:11:21   [Insert]   Key = >   Payload = 0   success
18.11.2023 14:11:22   [Insert]   Key = O   Payload = 0   success
18.11.2023 14:11:23   [Insert]   Key = 3   Payload = 0   success
18.11.2023 14:11:24   [Insert]   Key = M   Payload = 0   success
18.11.2023 14:11:25   [Insert]   Key = I   Payload = 0   success
18.11.2023 14:11:26   [Insert]   Key = 8   Payload = 0   success
18.11.2023 14:11:27   [Insert]   Key = Z   Payload = 0   success
18.11.2023 14:11:28   [Insert]   Key = _   Payload = 0   success
18.11.2023 14:11:29   [Insert]   Key = a   Payload = 0   success
18.11.2023 14:11:30   [Insert]   Key = 6   Payload = 0   success
18.11.2023 14:11:31   [Insert]   Key = ;   Payload = 0   success
18.11.2023 14:11:32   [Insert]   Key = K   Payload = 0   success
18.11.2023 14:11:33   [Insert]   Key = A   Payload = 0   success
18.11.2023 14:11:34   [Insert]   Key = Y   Payload = 0   success
18.11.2023 14:11:35   [Insert]   Key = M   Payload = 0   success
18.11.2023 14:11:36   [Insert]   Key = X   Payload = 0   success
18.11.2023 14:11:37   [Insert]   Key = =   Payload = 0   success
18.11.2023 14:11:38   [Insert]   Key = H   Payload = 0   success
18.11.2023 14:11:39   [Insert]   Key = 1   Payload = 0   success
18.11.2023 14:11:40   [Insert]   Key = K   Payload = 0   success
18.11.2023 14:11:41   [Insert]   Key = ?   Payload = 0   success
18.11.2023 14:11:42   [Insert]   Key = Q   Payload = 0   success
18.11.2023 14:11:43   [Insert]   Key = =   Payload = 0   success
18.11.2023 14:11:44   [Insert]   Key = Z   Payload = 0   success
18.11.2023 14:11:45   [Insert]   Key = H   Payload = 0   success
18.11.2023 14:11:46   [Insert]   Key = 1   Payload = 0   success
18.11.2023 14:11:48   [Insert]   Key = Z   Payload = 0   success
18.11.2023 14:11:49   [Insert]   Key = 9   Payload = 0   success
18.11.2023 14:11:50   [Insert]   Key = D   Payload = 0   success
18.11.2023 14:11:51   [Insert]   Key = L   Payload = 0   success
18.11.2023 14:11:52   [Insert]   Key = K   Payload = 0   success
18.11.2023 14:11:53   [Insert]   Key = R   Payload = 0   success
18.11.2023 14:11:54   [Insert]   Key = I   Payload = 0   success
18.11.2023 14:11:55   [Insert]   Key = T   Payload = 0   success
18.11.2023 14:11:56   [Insert]   Key = `   Payload = 0   success
18.11.2023 14:11:57   [Insert]   Key = D   Payload = 0   success
18.11.2023 14:11:58   [Insert]   Key = U   Payload = 0   success
18.11.2023 14:11:59   [Insert]   Key = _   Payload = 0   success
18.11.2023 14:12:00   [Insert]   Key = 4   Payload = 0   success
18.11.2023 14:12:01   [Insert]   Key = 3   Payload = 0   success
18.11.2023 14:12:02   [Insert]   Key = E   Payload = 0   success
18.11.2023 14:12:03   [Insert]   Key = =   Payload = 0   success
18.11.2023 14:12:04   [Insert]   Key = 6   Payload = 0   success
18.11.2023 14:12:05   [Insert]   Key = =   Payload = 0   success
18.11.2023 14:12:06   [Insert]   Key = :   Payload = 0   success
18.11.2023 14:12:07   [Insert]   Key = E   Payload = 0   success
18.11.2023 14:12:08   [Insert]   Key = W   Payload = 0   success
18.11.2023 14:12:09   [Insert]   Key = X   Payload = 0   success
18.11.2023 14:12:10   [Insert]   Key = >   Payload = 0   success
18.11.2023 14:12:11   [Insert]   Key = Z   Payload = 0   success
18.11.2023 14:12:12   [Insert]   Key = C   Payload = 0   success
18.11.2023 14:12:13   [Insert]   Key = =   Payload = 0   success
18.11.2023 14:12:14   [Insert]   Key = Y   Payload = 0   success
18.11.2023 14:12:15   [Insert]   Key = 4   Payload = 0   success
18.11.2023 14:12:16   [Insert]   Key = B   Payload = 0   success
18.11.2023 14:12:17   [Insert]   Key = P   Payload = 0   success
18.11.2023 14:12:18   [Insert]   Key = 0   Payload = 0   success
18.11.2023 14:12:19   [Insert]   Key = 5   Payload = 0   success
18.11.2023 14:12:20   [Insert]   Key = I   Payload = 0   success
18.11.2023 14:12:21   [Insert]   Key = W   Payload = 0   success
18.11.2023 14:12:22   [Insert]   Key = 3   Payload = 0   success
18.11.2023 14:12:23   [Insert]   Key = F   Payload = 0   success
18.11.2023 14:12:24   [Insert]   Key = `   Payload = 0   success
18.11.2023 14:12:25   [Insert]   Key = _   Payload = 0   success
18.11.2023 14:12:26   [Insert]   Key = R   Payload = 0   success
18.11.2023 14:12:27   [Insert]   Key = `   Payload = 0   success
18.11.2023 14:12:28   [Insert]   Key = E   Payload = 0   success
18.11.2023 14:12:29   [Insert]   Key = >   Payload = 0   success
18.11.2023 14:12:30   [Insert]   Key = =   Payload = 0   success
18.11.2023 14:12:31   [Insert]   Key = I   Payload = 0   success
18.11.2023 14:12:32   [Insert]   Key = ]   Payload = 0   success
18.11.2023 14:12:33   [Insert]   Key = <   Payload = 0   success
18.11.2023 14:12:34   [Insert]   Key = ^   Payload = 0   success
18.11.2023 14:12:35   [Insert]   Key = L   Payload = 0   success
18.11.2023 14:12:36   [Insert]   Key = C   Payload = 0   success
18.11.2023 14:12:37   [Insert]   Key = <   Payload = 0   success
18.11.2023 14:12:38   [Insert]   Key = C   Payload = 0   success
18.11.2023 14:12:39   [Insert]   Key = S   Payload = 0   success
18.11.2023 14:12:40   [Insert]   Key = W   Payload = 0   success
18.11.2023 14:12:41   [Insert]   Key = \   Payload = 0   success
18.11.2023 14:12:42   [Insert]   Key = ?   Payload = 0   success
18.11.2023 14:12:43   [Insert]   Key = X   Payload = 0   success
18.11.2023 14:12:44   [Insert]   Key = ]   Payload = 0   success
18.11.2023 14:12:45   [Insert]   Key = 8   Payload = 0   success
18.11.2023 14:12:46   [Insert]   Key = B   Payload = 0   success
18.11.2023 14:12:47   [Insert]   Key = D   Payload = 0   success
18.11.2023 14:12:48   [Insert]   Key = 1   Payload = 0   success
18.11.2023 14:12:49   [Insert]   Key = G   Payload = 0   success
18.11.2023 14:12:50   [Insert]   Key = P   Payload = 0   success
18.11.2023 14:12:51   [Insert]   Key = F   Payload = 0   success
18.11.2023 14:12:52   [Insert]   Key = 2   Payload = 0   success
18.11.2023 14:12:53   [Insert]   Key = U   Payload = 0   success
18.11.2023 14:12:54   [Insert]   Key = D   Payload = 0   success
18.11.2023 14:12:55   [Insert]   Key = =   Payload = 0   success
18.11.2023 14:12:56   [Insert]   Key = 1   Payload = 0   success
18.11.2023 14:12:57   [Insert]   Key = 3   Payload = 0   success
18.11.2023 14:12:58   [Insert]   Key = G   Payload = 0   success
18.11.2023 14:12:59   [Insert]   Key = K   Payload = 0   success
18.11.2023 14:13:00   [Insert]   Key = 0   Payload = 0   success
18.11.2023 14:13:01   [Insert]   Key = C   Payload = 0   success
18.11.2023 14:13:02   [Insert]   Key = ?   Payload = 0   success
18.11.2023 14:13:03   [Insert]   Key = ?   Payload = 0   success
18.11.2023 14:13:04   [Insert]   Key = L   Payload = 0   success
18.11.2023 14:13:05   [Insert]   Key = [   Payload = 0   success
18.11.2023 14:13:06   [Insert]   Key = _   Payload = 0   success
18.11.2023 14:13:07   [Insert]   Key = V   Payload = 0   success
18.11.2023 14:13:08   [Insert]   Key = [   Payload = 0   success
18.11.2023 14:13:09   [Insert]   Key = U   Payload = 0   success
18.11.2023 14:13:10   [Insert]   Key = 9   Payload = 0   success
18.11.2023 14:13:11   [Insert]   Key = =   Payload = 0   success
18.11.2023 14:13:12   [Insert]   Key = a   Payload = 0   success
18.11.2023 14:13:13   [Insert]   Key = O   Payload = 0   success
18.11.2023 14:13:14   [Insert]   Key = V   Payload = 0   success
18.11.2023 14:13:15   [Insert]   Key = Z   Payload = 0   success
18.11.2023 14:13:16   [Insert]   Key = 8   Payload = 0   success
18.11.2023 14:13:17   [Insert]   Key = :   Payload = 0   success
18.11.2023 14:13:18   [Insert]   Key = E   Payload = 0   success
18.11.2023 14:13:19   [Insert]   Key = 8   Payload = 0   success
18.11.2023 14:13:20   [Insert]   Key = 4   Payload = 0   success
18.11.2023 14:13:21   [Insert]   Key = V   Payload = 0   success
18.11.2023 14:13:22   [Insert]   Key = ^   Payload = 0   success
18.11.2023 14:13:23   [Insert]   Key = X   Payload = 0   success
18.11.2023 14:13:24   [Insert]   Key = a   Payload = 0   success
18.11.2023 14:13:25   [Insert]   Key = [   Payload = 0   success
18.11.2023 14:13:26   [Insert]   Key = N   Payload = 0   success
18.11.2023 14:13:27   [Insert]   Key = D   Payload = 0   success
18.11.2023 14:13:28   [Insert]   Key = `   Payload = 0   success
18.11.2023 14:13:29   [Insert]   Key = A   Payload = 0   success
18.11.2023 14:13:30   [Insert]   Key = T   Payload = 0   success
18.11.2023 14:13:31   [Insert]   Key = Q   Payload = 0   success
18.11.2023 14:13:32   [Insert]   Key = S   Payload = 0   success
18.11.2023 14:13:33   [Insert]   Key = J   Payload = 0   success
18.11.2023 14:13:34   [Insert]   Key = S   Payload = 0   success
18.11.2023 14:13:35   [Insert]   Key = V   Payload = 0   success
18.11.2023 14:13:36   [Insert]   Key = 3   Payload = 0   success
18.11.2023 14:13:37   [Insert]   Key = M   Payload = 0   success
18.11.2023 14:13:38   [Insert]   Key = H   Payload = 0   success
18.11.2023 14:13:39   [Insert]   Key = `   Payload = 0   success
18.11.2023 14:13:41   [Insert]   Key = G   Payload = 0   success
18.11.2023 14:13:42   [Insert]   Key = 9   Payload = 0   success
18.11.2023 14:13:43   [Insert]   Key = 7   Payload = 0   success
18.11.2023 14:13:44   [Insert]   Key = @   Payload = 0   success
18.11.2023 14:13:45   [Insert]   Key = \   Payload = 0   success
18.11.2023 14:13:46   [Insert]   Key = 5   Payload = 0   success
18.11.2023 14:13:47   [Insert]   Key = B   Payload = 0   success
18.11.2023 14:13:48   [Insert]   Key = J   Payload = 0   success
18.11.2023 14:13:49   [Insert]   Key = ;   Payload = 0   success
18.11.2023 14:13:50   [Insert]   Key = I   Payload = 0   success
18.11.2023 14:13:51   [Insert]   Key = 5   Payload = 0   success
18.11.2023 14:13:52   [Insert]   Key = 1   Payload = 0   success
18.11.2023 14:13:53   [Insert]   Key = a   Payload = 0   success
18.11.2023 14:13:54   [Insert]   Key = ^   Payload = 0   success
18.11.2023 14:13:55   [Insert]   Key = R   Payload = 0   success
18.11.2023 14:13:56   [Insert]   Key = ?   Payload = 0   success
18.11.2023 14:13:57   [Insert]   Key = >   Payload = 0   success
18.11.2023 14:13:58   [Insert]   Key = Z   Payload = 0   success
18.11.2023 14:13:59   [Insert]   Key = I   Payload = 0   success
18.11.2023 14:14:00   [Insert]   Key = =   Payload = 0   success
18.11.2023 14:14:01   [Insert]   Key = Z   Payload = 0   success
18.11.2023 14:14:02   [Insert]   Key = ^   Payload = 0   success
18.11.2023 14:14:03   [Insert]   Key = `   Payload = 0   success
18.11.2023 14:14:04   [Insert]   Key = F   Payload = 0   success
18.11.2023 14:14:05   [Insert]   Key = J   Payload = 0   success
18.11.2023 14:14:06   [Insert]   Key = 6   Payload = 0   success
