16.11.2023 21:31:12   [Update]   Key = Y   oldPayload = -   newPayload = -   error
16.11.2023 21:31:13   [Update]   Key = A   oldPayload = -   newPayload = -   error
16.11.2023 21:31:14   [Update]   Key = R   oldPayload = -   newPayload = -   error
16.11.2023 21:31:15   [Update]   Key = 0   oldPayload = -   newPayload = -   error
16.11.2023 21:31:16   [Update]   Key = C   oldPayload = -   newPayload = -   error
16.11.2023 21:31:17   [Update]   Key = H   oldPayload = -   newPayload = -   error
16.11.2023 21:31:18   [Update]   Key = L   oldPayload = -   newPayload = -   error
16.11.2023 21:31:19   [Update]   Key = 8   oldPayload = -   newPayload = -   error
16.11.2023 21:31:20   [Update]   Key = <   oldPayload = -   newPayload = -   error
16.11.2023 21:31:21   [Update]   Key = >   oldPayload = -   newPayload = -   error
16.11.2023 21:31:22   [Update]   Key = 5   oldPayload = -   newPayload = -   error
16.11.2023 21:31:23   [Update]   Key = ]   oldPayload = -   newPayload = -   error
16.11.2023 21:31:24   [Update]   Key = O   oldPayload = -   newPayload = -   error
16.11.2023 21:31:25   [Update]   Key = K   oldPayload = -   newPayload = -   error
16.11.2023 21:31:26   [Update]   Key = ;   oldPayload = -   newPayload = -   error
16.11.2023 21:31:27   [Update]   Key = Y   oldPayload = -   newPayload = -   error
16.11.2023 21:31:28   [Update]   Key = ]   oldPayload = -   newPayload = -   error
16.11.2023 21:31:29   [Update]   Key = Z   oldPayload = -   newPayload = -   error
16.11.2023 21:31:30   [Update]   Key = K   oldPayload = -   newPayload = -   error
16.11.2023 21:31:31   [Update]   Key = T   oldPayload = -   newPayload = -   error
16.11.2023 21:31:32   [Update]   Key = Y   oldPayload = -   newPayload = -   error
16.11.2023 21:31:33   [Update]   Key = 4   oldPayload = -   newPayload = -   error
16.11.2023 21:31:34   [Update]   Key = 2   oldPayload = -   newPayload = -   error
16.11.2023 21:31:35   [Update]   Key = 3   oldPayload = -   newPayload = -   error
16.11.2023 21:31:36   [Update]   Key = Z   oldPayload = -   newPayload = -   error
16.11.2023 21:31:37   [Update]   Key = P   oldPayload = -   newPayload = -   error
16.11.2023 21:31:38   [Update]   Key = E   oldPayload = -   newPayload = -   error
16.11.2023 21:31:39   [Update]   Key = @   oldPayload = -   newPayload = -   error
16.11.2023 21:31:40   [Update]   Key = B   oldPayload = -   newPayload = -   error
16.11.2023 21:31:41   [Update]   Key = ]   oldPayload = -   newPayload = -   error
16.11.2023 21:31:42   [Update]   Key = _   oldPayload = -   newPayload = -   error
16.11.2023 21:31:43   [Update]   Key = J   oldPayload = -   newPayload = -   error
16.11.2023 21:31:44   [Update]   Key = E   oldPayload = -   newPayload = -   error
16.11.2023 21:31:45   [Update]   Key = V   oldPayload = -   newPayload = -   error
16.11.2023 21:31:46   [Update]   Key = C   oldPayload = -   newPayload = -   error
16.11.2023 21:31:47   [Update]   Key = <   oldPayload = -   newPayload = -   error
16.11.2023 21:31:48   [Update]   Key = A   oldPayload = -   newPayload = -   error
16.11.2023 21:31:49   [Update]   Key = a   oldPayload = -   newPayload = -   error
16.11.2023 21:31:50   [Update]   Key = S   oldPayload = -   newPayload = -   error
16.11.2023 21:31:51   [Update]   Key = \   oldPayload = -   newPayload = -   error
16.11.2023 21:31:52   [Update]   Key = 3   oldPayload = -   newPayload = -   error
16.11.2023 21:31:53   [Update]   Key = ;   oldPayload = -   newPayload = -   error
16.11.2023 21:31:55   [Update]   Key = F   oldPayload = -   newPayload = -   error
16.11.2023 21:31:56   [Update]   Key = Q   oldPayload = -   newPayload = -   error
16.11.2023 21:31:57   [Update]   Key = G   oldPayload = -   newPayload = -   error
17.11.2023 23:36:09   [Update]   Key = Y   oldPayload = -   newPayload = -   error
17.11.2023 23:36:10   [Update]   Key = A   oldPayload = -   newPayload = -   error
17.11.2023 23:36:11   [Update]   Key = R   oldPayload = -   newPayload = -   error
17.11.2023 23:36:12   [Update]   Key = 0   oldPayload = -   newPayload = -   error
17.11.2023 23:36:13   [Update]   Key = C   oldPayload = -   newPayload = -   error
17.11.2023 23:36:14   [Update]   Key = H   oldPayload = -   newPayload = -   error
17.11.2023 23:36:15   [Update]   Key = L   oldPayload = -   newPayload = -   error
17.11.2023 23:36:16   [Update]   Key = 8   oldPayload = -   newPayload = -   error
17.11.2023 23:36:17   [Update]   Key = <   oldPayload = -   newPayload = -   error
17.11.2023 23:36:18   [Update]   Key = >   oldPayload = -   newPayload = -   error
17.11.2023 23:36:19   [Update]   Key = 5   oldPayload = -   newPayload = -   error
18.11.2023 09:45:02   [Update]   Key = Y   oldPayload = -   newPayload = -   error
18.11.2023 09:45:03   [Update]   Key = A   oldPayload = -   newPayload = -   error
18.11.2023 09:45:04   [Update]   Key = R   oldPayload = -   newPayload = -   error
18.11.2023 09:45:05   [Update]   Key = 0   oldPayload = -   newPayload = -   error
18.11.2023 09:45:06   [Update]   Key = C   oldPayload = -   newPayload = -   error
18.11.2023 09:45:07   [Update]   Key = H   oldPayload = -   newPayload = -   error
18.11.2023 09:45:08   [Update]   Key = L   oldPayload = -   newPayload = -   error
18.11.2023 09:45:09   [Update]   Key = 8   oldPayload = -   newPayload = -   error
18.11.2023 09:45:10   [Update]   Key = <   oldPayload = -   newPayload = -   error
18.11.2023 09:45:11   [Update]   Key = >   oldPayload = -   newPayload = -   error
18.11.2023 09:45:12   [Update]   Key = 5   oldPayload = -   newPayload = -   error
18.11.2023 09:45:13   [Update]   Key = ]   oldPayload = -   newPayload = -   error
18.11.2023 09:45:14   [Update]   Key = O   oldPayload = -   newPayload = -   error
18.11.2023 09:45:15   [Update]   Key = K   oldPayload = -   newPayload = -   error
18.11.2023 09:45:16   [Update]   Key = ;   oldPayload = -   newPayload = -   error
18.11.2023 09:45:17   [Update]   Key = Y   oldPayload = -   newPayload = -   error
18.11.2023 09:45:18   [Update]   Key = ]   oldPayload = -   newPayload = -   error
18.11.2023 09:45:19   [Update]   Key = Z   oldPayload = -   newPayload = -   error
18.11.2023 09:55:06   [Update]   Key = Y   oldPayload = -   newPayload = -   error
18.11.2023 09:55:08   [Update]   Key = A   oldPayload = -   newPayload = -   error
18.11.2023 09:55:09   [Update]   Key = R   oldPayload = -   newPayload = -   error
18.11.2023 09:55:10   [Update]   Key = 0   oldPayload = -   newPayload = -   error
18.11.2023 09:55:11   [Update]   Key = C   oldPayload = -   newPayload = -   error
18.11.2023 09:55:12   [Update]   Key = H   oldPayload = -   newPayload = -   error
18.11.2023 09:55:13   [Update]   Key = L   oldPayload = -   newPayload = -   error
18.11.2023 09:55:14   [Update]   Key = 8   oldPayload = -   newPayload = -   error
18.11.2023 09:56:35   [Update]   Key = Y   oldPayload = -   newPayload = -   error
18.11.2023 09:56:36   [Update]   Key = A   oldPayload = -   newPayload = -   error
18.11.2023 09:56:37   [Update]   Key = R   oldPayload = -   newPayload = -   error
18.11.2023 09:56:38   [Update]   Key = 0   oldPayload = -   newPayload = -   error
18.11.2023 09:59:34   [Update]   Key = Y   oldPayload = -   newPayload = -   error
18.11.2023 09:59:35   [Update]   Key = A   oldPayload = -   newPayload = -   error
18.11.2023 09:59:36   [Update]   Key = R   oldPayload = -   newPayload = -   error
18.11.2023 09:59:37   [Update]   Key = 0   oldPayload = -   newPayload = -   error
18.11.2023 09:59:38   [Update]   Key = C   oldPayload = -   newPayload = -   error
18.11.2023 09:59:39   [Update]   Key = H   oldPayload = -   newPayload = -   error
18.11.2023 09:59:40   [Update]   Key = L   oldPayload = -   newPayload = -   error
18.11.2023 09:59:41   [Update]   Key = 8   oldPayload = -   newPayload = -   error
18.11.2023 09:59:42   [Update]   Key = <   oldPayload = -   newPayload = -   error
18.11.2023 09:59:43   [Update]   Key = >   oldPayload = -   newPayload = -   error
18.11.2023 09:59:44   [Update]   Key = 5   oldPayload = -   newPayload = -   error
18.11.2023 09:59:45   [Update]   Key = ]   oldPayload = -   newPayload = -   error
18.11.2023 09:59:46   [Update]   Key = O   oldPayload = -   newPayload = -   error
18.11.2023 09:59:47   [Update]   Key = K   oldPayload = -   newPayload = -   error
18.11.2023 09:59:48   [Update]   Key = ;   oldPayload = -   newPayload = -   error
18.11.2023 09:59:49   [Update]   Key = Y   oldPayload = -   newPayload = -   error
18.11.2023 09:59:50   [Update]   Key = ]   oldPayload = -   newPayload = -   error
18.11.2023 09:59:51   [Update]   Key = Z   oldPayload = -   newPayload = -   error
18.11.2023 09:59:52   [Update]   Key = K   oldPayload = -   newPayload = -   error
18.11.2023 09:59:53   [Update]   Key = T   oldPayload = -   newPayload = -   error
18.11.2023 09:59:54   [Update]   Key = Y   oldPayload = -   newPayload = -   error
18.11.2023 09:59:55   [Update]   Key = 4   oldPayload = -   newPayload = -   error
18.11.2023 09:59:56   [Update]   Key = 2   oldPayload = -   newPayload = -   error
18.11.2023 09:59:57   [Update]   Key = 3   oldPayload = -   newPayload = -   error
18.11.2023 09:59:58   [Update]   Key = Z   oldPayload = -   newPayload = -   error
18.11.2023 09:59:59   [Update]   Key = P   oldPayload = -   newPayload = -   error
18.11.2023 10:00:00   [Update]   Key = E   oldPayload = -   newPayload = -   error
18.11.2023 10:00:01   [Update]   Key = @   oldPayload = -   newPayload = -   error
18.11.2023 10:00:02   [Update]   Key = B   oldPayload = -   newPayload = -   error
18.11.2023 10:00:03   [Update]   Key = ]   oldPayload = -   newPayload = -   error
18.11.2023 10:00:04   [Update]   Key = _   oldPayload = -   newPayload = -   error
18.11.2023 10:00:06   [Update]   Key = J   oldPayload = -   newPayload = -   error
18.11.2023 10:00:07   [Update]   Key = E   oldPayload = -   newPayload = -   error
18.11.2023 10:00:08   [Update]   Key = V   oldPayload = -   newPayload = -   error
18.11.2023 10:00:09   [Update]   Key = C   oldPayload = -   newPayload = -   error
18.11.2023 10:00:10   [Update]   Key = <   oldPayload = -   newPayload = -   error
18.11.2023 10:00:11   [Update]   Key = A   oldPayload = -   newPayload = -   error
18.11.2023 10:00:12   [Update]   Key = a   oldPayload = -   newPayload = -   error
18.11.2023 10:00:13   [Update]   Key = S   oldPayload = -   newPayload = -   error
18.11.2023 10:00:14   [Update]   Key = \   oldPayload = -   newPayload = -   error
18.11.2023 10:00:15   [Update]   Key = 3   oldPayload = -   newPayload = -   error
18.11.2023 10:00:16   [Update]   Key = ;   oldPayload = -   newPayload = -   error
18.11.2023 10:00:17   [Update]   Key = F   oldPayload = -   newPayload = -   error
18.11.2023 10:00:18   [Update]   Key = Q   oldPayload = -   newPayload = -   error
18.11.2023 10:00:19   [Update]   Key = G   oldPayload = -   newPayload = -   error
18.11.2023 10:00:20   [Update]   Key = >   oldPayload = -   newPayload = -   error
18.11.2023 10:00:21   [Update]   Key = Y   oldPayload = -   newPayload = -   error
18.11.2023 10:00:22   [Update]   Key = ;   oldPayload = -   newPayload = -   error
18.11.2023 10:00:23   [Update]   Key = 3   oldPayload = -   newPayload = -   error
18.11.2023 10:00:24   [Update]   Key = B   oldPayload = -   newPayload = -   error
18.11.2023 10:00:25   [Update]   Key = _   oldPayload = -   newPayload = -   error
18.11.2023 10:00:26   [Update]   Key = \   oldPayload = -   newPayload = -   error
18.11.2023 10:00:27   [Update]   Key = <   oldPayload = -   newPayload = -   error
18.11.2023 10:00:28   [Update]   Key = 7   oldPayload = -   newPayload = -   error
18.11.2023 10:00:29   [Update]   Key = U   oldPayload = -   newPayload = -   error
18.11.2023 10:00:30   [Update]   Key = 9   oldPayload = -   newPayload = -   error
18.11.2023 10:00:31   [Update]   Key = G   oldPayload = -   newPayload = -   error
18.11.2023 10:00:32   [Update]   Key = Y   oldPayload = -   newPayload = -   error
18.11.2023 10:00:33   [Update]   Key = M   oldPayload = -   newPayload = -   error
18.11.2023 10:00:34   [Update]   Key = L   oldPayload = -   newPayload = -   error
18.11.2023 10:00:35   [Update]   Key = @   oldPayload = -   newPayload = -   error
18.11.2023 10:00:36   [Update]   Key = S   oldPayload = -   newPayload = -   error
18.11.2023 10:00:37   [Update]   Key = X   oldPayload = -   newPayload = -   error
18.11.2023 10:00:38   [Update]   Key = Z   oldPayload = -   newPayload = -   error
18.11.2023 10:00:39   [Update]   Key = V   oldPayload = -   newPayload = -   error
18.11.2023 10:00:40   [Update]   Key = 6   oldPayload = -   newPayload = -   error
18.11.2023 10:00:41   [Update]   Key = X   oldPayload = -   newPayload = -   error
18.11.2023 10:07:52   [Update]   Key = Y   oldPayload = 0   newPayload = 1   success
18.11.2023 10:07:53   [Update]   Key = A   oldPayload = 0   newPayload = 1   success
18.11.2023 10:07:54   [Update]   Key = R   oldPayload = 0   newPayload = 1   success
18.11.2023 10:07:55   [Update]   Key = 0   oldPayload = 0   newPayload = 1   success
18.11.2023 10:07:56   [Update]   Key = C   oldPayload = 0   newPayload = 1   success
18.11.2023 10:07:57   [Update]   Key = H   oldPayload = 0   newPayload = 1   success
18.11.2023 10:07:58   [Update]   Key = L   oldPayload = 0   newPayload = 1   success
18.11.2023 10:07:59   [Update]   Key = 8   oldPayload = 0   newPayload = 1   success
18.11.2023 10:08:00   [Update]   Key = <   oldPayload = 0   newPayload = 1   success
18.11.2023 10:08:01   [Update]   Key = >   oldPayload = 0   newPayload = 1   success
18.11.2023 10:08:02   [Update]   Key = 5   oldPayload = 0   newPayload = 1   success
18.11.2023 10:08:03   [Update]   Key = ]   oldPayload = 0   newPayload = 1   success
18.11.2023 10:08:04   [Update]   Key = O   oldPayload = 0   newPayload = 1   success
18.11.2023 10:08:05   [Update]   Key = K   oldPayload = 0   newPayload = 1   success
18.11.2023 10:08:06   [Update]   Key = ;   oldPayload = 0   newPayload = 1   success
18.11.2023 10:08:07   [Update]   Key = Y   oldPayload = 1   newPayload = 2   success
18.11.2023 10:08:08   [Update]   Key = ]   oldPayload = 1   newPayload = 2   success
18.11.2023 10:08:09   [Update]   Key = Z   oldPayload = 0   newPayload = 1   success
18.11.2023 10:08:10   [Update]   Key = K   oldPayload = 1   newPayload = 2   success
18.11.2023 10:08:11   [Update]   Key = T   oldPayload = 0   newPayload = 1   success
18.11.2023 10:08:12   [Update]   Key = Y   oldPayload = 2   newPayload = 3   success
18.11.2023 10:08:13   [Update]   Key = 4   oldPayload = 0   newPayload = 1   success
18.11.2023 10:08:15   [Update]   Key = 2   oldPayload = 0   newPayload = 1   success
18.11.2023 10:08:16   [Update]   Key = 3   oldPayload = 0   newPayload = 1   success
18.11.2023 10:08:17   [Update]   Key = Z   oldPayload = 1   newPayload = 2   success
18.11.2023 10:08:18   [Update]   Key = P   oldPayload = 0   newPayload = 1   success
18.11.2023 10:08:19   [Update]   Key = E   oldPayload = 0   newPayload = 1   success
18.11.2023 10:08:20   [Update]   Key = @   oldPayload = 0   newPayload = 1   success
18.11.2023 10:08:21   [Update]   Key = B   oldPayload = 0   newPayload = 1   success
18.11.2023 10:08:22   [Update]   Key = ]   oldPayload = 2   newPayload = 3   success
18.11.2023 10:08:23   [Update]   Key = _   oldPayload = 0   newPayload = 1   success
18.11.2023 10:08:24   [Update]   Key = J   oldPayload = 0   newPayload = 1   success
18.11.2023 10:08:25   [Update]   Key = E   oldPayload = 1   newPayload = 2   success
18.11.2023 10:08:26   [Update]   Key = V   oldPayload = 0   newPayload = 1   success
18.11.2023 10:08:27   [Update]   Key = C   oldPayload = 1   newPayload = 2   success
18.11.2023 10:08:28   [Update]   Key = <   oldPayload = 1   newPayload = 2   success
18.11.2023 10:08:29   [Update]   Key = A   oldPayload = 1   newPayload = 2   success
18.11.2023 10:08:30   [Update]   Key = a   oldPayload = 0   newPayload = 1   success
18.11.2023 10:08:31   [Update]   Key = S   oldPayload = 0   newPayload = 1   success
18.11.2023 10:08:32   [Update]   Key = \   oldPayload = 0   newPayload = 1   success
18.11.2023 10:08:33   [Update]   Key = 3   oldPayload = 1   newPayload = 2   success
18.11.2023 10:08:34   [Update]   Key = ;   oldPayload = 1   newPayload = 2   success
18.11.2023 10:08:35   [Update]   Key = F   oldPayload = 0   newPayload = 1   success
18.11.2023 10:08:36   [Update]   Key = Q   oldPayload = 0   newPayload = 1   success
18.11.2023 10:08:37   [Update]   Key = G   oldPayload = 0   newPayload = 1   success
18.11.2023 10:08:38   [Update]   Key = >   oldPayload = 1   newPayload = 2   success
18.11.2023 10:08:39   [Update]   Key = Y   oldPayload = 3   newPayload = 4   success
18.11.2023 10:08:40   [Update]   Key = ;   oldPayload = 2   newPayload = 3   success
18.11.2023 10:08:41   [Update]   Key = 3   oldPayload = 2   newPayload = 3   success
18.11.2023 10:08:42   [Update]   Key = B   oldPayload = 1   newPayload = 2   success
18.11.2023 10:11:45   [Update]   Key = Y   oldPayload = 4   newPayload = 5   success
18.11.2023 10:11:46   [Update]   Key = A   oldPayload = 2   newPayload = 3   success
18.11.2023 10:11:47   [Update]   Key = R   oldPayload = 1   newPayload = 2   success
18.11.2023 10:11:48   [Update]   Key = 0   oldPayload = 1   newPayload = 2   success
18.11.2023 10:11:49   [Update]   Key = C   oldPayload = 2   newPayload = 3   success
18.11.2023 10:11:50   [Update]   Key = H   oldPayload = 1   newPayload = 2   success
18.11.2023 10:11:51   [Update]   Key = L   oldPayload = 1   newPayload = 2   success
18.11.2023 10:11:52   [Update]   Key = 8   oldPayload = 1   newPayload = 2   success
18.11.2023 10:11:53   [Update]   Key = <   oldPayload = 2   newPayload = 3   success
18.11.2023 10:11:54   [Update]   Key = >   oldPayload = 2   newPayload = 3   success
18.11.2023 10:11:55   [Update]   Key = 5   oldPayload = 1   newPayload = 2   success
18.11.2023 12:58:25   [Update]   Key = Y   oldPayload = 0   newPayload = 1   success
18.11.2023 12:58:26   [Update]   Key = A   oldPayload = 0   newPayload = 1   success
18.11.2023 12:58:27   [Update]   Key = R   oldPayload = 0   newPayload = 1   success
18.11.2023 12:58:28   [Update]   Key = 0   oldPayload = 0   newPayload = 1   success
18.11.2023 12:58:29   [Update]   Key = C   oldPayload = 0   newPayload = 1   success
18.11.2023 12:58:30   [Update]   Key = H   oldPayload = 0   newPayload = 1   success
18.11.2023 12:58:31   [Update]   Key = L   oldPayload = 0   newPayload = 1   success
18.11.2023 12:58:32   [Update]   Key = 8   oldPayload = 0   newPayload = 1   success
18.11.2023 12:58:33   [Update]   Key = <   oldPayload = 0   newPayload = 1   success
18.11.2023 14:00:17   [Update]   Key = Y   oldPayload = 0   newPayload = 1   success
18.11.2023 14:00:18   [Update]   Key = A   oldPayload = -   newPayload = -   error
18.11.2023 14:00:19   [Update]   Key = R   oldPayload = -   newPayload = -   error
18.11.2023 14:00:20   [Update]   Key = 0   oldPayload = -   newPayload = -   error
18.11.2023 14:00:21   [Update]   Key = C   oldPayload = -   newPayload = -   error
18.11.2023 14:00:22   [Update]   Key = H   oldPayload = -   newPayload = -   error
18.11.2023 14:00:23   [Update]   Key = L   oldPayload = -   newPayload = -   error
18.11.2023 14:00:24   [Update]   Key = 8   oldPayload = -   newPayload = -   error
18.11.2023 14:00:25   [Update]   Key = <   oldPayload = -   newPayload = -   error
18.11.2023 14:00:26   [Update]   Key = >   oldPayload = -   newPayload = -   error
18.11.2023 14:00:27   [Update]   Key = 5   oldPayload = -   newPayload = -   error
18.11.2023 14:00:28   [Update]   Key = ]   oldPayload = 0   newPayload = 1   success
18.11.2023 14:00:29   [Update]   Key = O   oldPayload = -   newPayload = -   error
18.11.2023 14:00:30   [Update]   Key = K   oldPayload = -   newPayload = -   error
18.11.2023 14:00:31   [Update]   Key = ;   oldPayload = -   newPayload = -   error
18.11.2023 14:00:32   [Update]   Key = Y   oldPayload = -   newPayload = -   error
18.11.2023 14:00:33   [Update]   Key = ]   oldPayload = 1   newPayload = 2   success
18.11.2023 14:00:34   [Update]   Key = Z   oldPayload = -   newPayload = -   error
18.11.2023 14:00:35   [Update]   Key = K   oldPayload = -   newPayload = -   error
18.11.2023 14:00:36   [Update]   Key = T   oldPayload = -   newPayload = -   error
18.11.2023 14:00:38   [Update]   Key = Y   oldPayload = -   newPayload = -   error
18.11.2023 14:00:39   [Update]   Key = 4   oldPayload = -   newPayload = -   error
18.11.2023 14:00:40   [Update]   Key = 2   oldPayload = -   newPayload = -   error
18.11.2023 14:00:41   [Update]   Key = 3   oldPayload = 0   newPayload = 1   success
18.11.2023 14:00:42   [Update]   Key = Z   oldPayload = -   newPayload = -   error
18.11.2023 14:00:43   [Update]   Key = P   oldPayload = -   newPayload = -   error
18.11.2023 14:00:44   [Update]   Key = E   oldPayload = 0   newPayload = 1   success
18.11.2023 14:00:45   [Update]   Key = @   oldPayload = -   newPayload = -   error
18.11.2023 14:00:46   [Update]   Key = B   oldPayload = 0   newPayload = 1   success
18.11.2023 14:00:47   [Update]   Key = ]   oldPayload = -   newPayload = -   error
18.11.2023 14:00:48   [Update]   Key = _   oldPayload = 0   newPayload = 1   success
18.11.2023 14:00:49   [Update]   Key = J   oldPayload = 0   newPayload = 1   success
18.11.2023 14:00:50   [Update]   Key = E   oldPayload = 1   newPayload = 2   success
18.11.2023 14:00:51   [Update]   Key = V   oldPayload = 0   newPayload = 1   success
18.11.2023 14:00:52   [Update]   Key = C   oldPayload = 0   newPayload = 1   success
18.11.2023 14:00:53   [Update]   Key = <   oldPayload = 0   newPayload = 1   success
18.11.2023 14:00:54   [Update]   Key = A   oldPayload = 0   newPayload = 1   success
18.11.2023 14:00:55   [Update]   Key = a   oldPayload = 0   newPayload = 1   success
18.11.2023 14:00:56   [Update]   Key = S   oldPayload = 0   newPayload = 1   success
18.11.2023 14:00:57   [Update]   Key = \   oldPayload = 0   newPayload = 1   success
18.11.2023 14:00:58   [Update]   Key = 3   oldPayload = 1   newPayload = 2   success
18.11.2023 14:00:59   [Update]   Key = ;   oldPayload = 0   newPayload = 1   success
18.11.2023 14:01:00   [Update]   Key = F   oldPayload = 0   newPayload = 1   success
18.11.2023 14:01:01   [Update]   Key = Q   oldPayload = 0   newPayload = 1   success
18.11.2023 14:01:02   [Update]   Key = G   oldPayload = 0   newPayload = 1   success
18.11.2023 14:01:03   [Update]   Key = >   oldPayload = 0   newPayload = 1   success
18.11.2023 14:01:04   [Update]   Key = Y   oldPayload = 0   newPayload = 1   success
18.11.2023 14:01:05   [Update]   Key = ;   oldPayload = 1   newPayload = 2   success
18.11.2023 14:01:06   [Update]   Key = 3   oldPayload = 2   newPayload = 3   success
18.11.2023 14:01:07   [Update]   Key = B   oldPayload = 1   newPayload = 2   success
18.11.2023 14:01:08   [Update]   Key = _   oldPayload = 1   newPayload = 2   success
18.11.2023 14:01:09   [Update]   Key = \   oldPayload = 1   newPayload = 2   success
18.11.2023 14:01:10   [Update]   Key = <   oldPayload = 1   newPayload = 2   success
18.11.2023 14:01:11   [Update]   Key = 7   oldPayload = 0   newPayload = 1   success
18.11.2023 14:01:12   [Update]   Key = U   oldPayload = 0   newPayload = 1   success
18.11.2023 14:01:13   [Update]   Key = 9   oldPayload = 0   newPayload = 1   success
18.11.2023 14:01:14   [Update]   Key = G   oldPayload = 1   newPayload = 2   success
18.11.2023 14:01:15   [Update]   Key = Y   oldPayload = 1   newPayload = 2   success
18.11.2023 14:01:16   [Update]   Key = M   oldPayload = 0   newPayload = 1   success
18.11.2023 14:01:17   [Update]   Key = L   oldPayload = 0   newPayload = 1   success
18.11.2023 14:01:18   [Update]   Key = @   oldPayload = 0   newPayload = 1   success
18.11.2023 14:01:19   [Update]   Key = S   oldPayload = 1   newPayload = 2   success
18.11.2023 14:01:20   [Update]   Key = X   oldPayload = 0   newPayload = 1   success
18.11.2023 14:01:21   [Update]   Key = Z   oldPayload = 0   newPayload = 1   success
18.11.2023 14:01:22   [Update]   Key = V   oldPayload = 1   newPayload = 2   success
18.11.2023 14:01:23   [Update]   Key = 6   oldPayload = 0   newPayload = 1   success
18.11.2023 14:01:24   [Update]   Key = X   oldPayload = 1   newPayload = 2   success
18.11.2023 14:01:25   [Update]   Key = Z   oldPayload = 1   newPayload = 2   success
18.11.2023 14:01:26   [Update]   Key = >   oldPayload = 1   newPayload = 2   success
18.11.2023 14:01:27   [Update]   Key = `   oldPayload = 0   newPayload = 1   success
18.11.2023 14:01:28   [Update]   Key = ^   oldPayload = 0   newPayload = 1   success
18.11.2023 14:01:29   [Update]   Key = 5   oldPayload = 0   newPayload = 1   success
18.11.2023 14:01:30   [Update]   Key = X   oldPayload = 2   newPayload = 3   success
18.11.2023 14:01:31   [Update]   Key = M   oldPayload = 1   newPayload = 2   success
18.11.2023 14:01:32   [Update]   Key = D   oldPayload = 0   newPayload = 1   success
18.11.2023 14:01:33   [Update]   Key = 0   oldPayload = 0   newPayload = 1   success
18.11.2023 14:01:34   [Update]   Key = 6   oldPayload = 1   newPayload = 2   success
18.11.2023 14:01:35   [Update]   Key = 1   oldPayload = 0   newPayload = 1   success
18.11.2023 14:01:36   [Update]   Key = [   oldPayload = 0   newPayload = 1   success
18.11.2023 14:01:37   [Update]   Key = `   oldPayload = 1   newPayload = 2   success
18.11.2023 14:01:38   [Update]   Key = M   oldPayload = 2   newPayload = 3   success
18.11.2023 14:01:39   [Update]   Key = G   oldPayload = 2   newPayload = 3   success
18.11.2023 14:01:40   [Update]   Key = R   oldPayload = 0   newPayload = 1   success
18.11.2023 14:01:41   [Update]   Key = 4   oldPayload = 0   newPayload = 1   success
18.11.2023 14:01:42   [Update]   Key = 6   oldPayload = 2   newPayload = 3   success
18.11.2023 14:01:43   [Update]   Key = X   oldPayload = 3   newPayload = 4   success
18.11.2023 14:01:44   [Update]   Key = @   oldPayload = 1   newPayload = 2   success
18.11.2023 14:01:45   [Update]   Key = J   oldPayload = 1   newPayload = 2   success
18.11.2023 14:01:46   [Update]   Key = O   oldPayload = 0   newPayload = 1   success
18.11.2023 14:01:47   [Update]   Key = 8   oldPayload = 0   newPayload = 1   success
18.11.2023 14:01:48   [Update]   Key = \   oldPayload = 2   newPayload = 3   success
18.11.2023 14:01:49   [Update]   Key = W   oldPayload = 0   newPayload = 1   success
18.11.2023 14:01:50   [Update]   Key = J   oldPayload = 2   newPayload = 3   success
18.11.2023 14:01:51   [Update]   Key = G   oldPayload = 3   newPayload = 4   success
18.11.2023 14:01:52   [Update]   Key = U   oldPayload = 1   newPayload = 2   success
18.11.2023 14:01:53   [Update]   Key = V   oldPayload = 2   newPayload = 3   success
18.11.2023 14:01:54   [Update]   Key = B   oldPayload = 2   newPayload = 3   success
18.11.2023 14:01:55   [Update]   Key = P   oldPayload = 0   newPayload = 1   success
18.11.2023 14:01:56   [Update]   Key = M   oldPayload = 3   newPayload = 4   success
18.11.2023 14:01:57   [Update]   Key = Y   oldPayload = 2   newPayload = 3   success
18.11.2023 14:01:58   [Update]   Key = Q   oldPayload = 1   newPayload = 2   success
18.11.2023 14:01:59   [Update]   Key = ?   oldPayload = 0   newPayload = 1   success
18.11.2023 14:02:00   [Update]   Key = W   oldPayload = 1   newPayload = 2   success
18.11.2023 14:02:01   [Update]   Key = 8   oldPayload = 1   newPayload = 2   success
18.11.2023 14:02:02   [Update]   Key = 4   oldPayload = 1   newPayload = 2   success
18.11.2023 14:02:03   [Update]   Key = N   oldPayload = 0   newPayload = 1   success
18.11.2023 14:02:04   [Update]   Key = K   oldPayload = 0   newPayload = 1   success
18.11.2023 14:02:05   [Update]   Key = 6   oldPayload = 3   newPayload = 4   success
18.11.2023 14:02:06   [Update]   Key = G   oldPayload = 4   newPayload = 5   success
18.11.2023 14:02:07   [Update]   Key = T   oldPayload = 0   newPayload = 1   success
18.11.2023 14:02:08   [Update]   Key = E   oldPayload = 2   newPayload = 3   success
18.11.2023 14:02:09   [Update]   Key = ]   oldPayload = 0   newPayload = 1   success
18.11.2023 14:02:10   [Update]   Key = H   oldPayload = 0   newPayload = 1   success
18.11.2023 14:02:11   [Update]   Key = F   oldPayload = 1   newPayload = 2   success
18.11.2023 14:02:12   [Update]   Key = D   oldPayload = 1   newPayload = 2   success
18.11.2023 14:02:13   [Update]   Key = M   oldPayload = 4   newPayload = 5   success
18.11.2023 14:02:14   [Update]   Key = K   oldPayload = 1   newPayload = 2   success
18.11.2023 14:02:15   [Update]   Key = G   oldPayload = 5   newPayload = 6   success
18.11.2023 14:02:16   [Update]   Key = _   oldPayload = 2   newPayload = 3   success
18.11.2023 14:02:17   [Update]   Key = <   oldPayload = 2   newPayload = 3   success
18.11.2023 14:02:18   [Update]   Key = T   oldPayload = 1   newPayload = 2   success
18.11.2023 14:02:19   [Update]   Key = X   oldPayload = 4   newPayload = 5   success
18.11.2023 14:02:20   [Update]   Key = ;   oldPayload = 2   newPayload = 3   success
18.11.2023 14:02:21   [Update]   Key = T   oldPayload = 2   newPayload = 3   success
18.11.2023 14:02:22   [Update]   Key = 5   oldPayload = 1   newPayload = 2   success
18.11.2023 14:02:23   [Update]   Key = A   oldPayload = 1   newPayload = 2   success
18.11.2023 14:02:24   [Update]   Key = 5   oldPayload = 2   newPayload = 3   success
18.11.2023 14:02:25   [Update]   Key = H   oldPayload = 1   newPayload = 2   success
18.11.2023 14:02:26   [Update]   Key = O   oldPayload = 1   newPayload = 2   success
18.11.2023 14:02:27   [Update]   Key = 2   oldPayload = 0   newPayload = 1   success
18.11.2023 14:02:28   [Update]   Key = 0   oldPayload = 1   newPayload = 2   success
18.11.2023 14:02:29   [Update]   Key = 0   oldPayload = 2   newPayload = 3   success
18.11.2023 14:02:30   [Update]   Key = Y   oldPayload = 3   newPayload = 4   success
18.11.2023 14:02:31   [Update]   Key = H   oldPayload = 2   newPayload = 3   success
18.11.2023 14:02:32   [Update]   Key = @   oldPayload = 2   newPayload = 3   success
18.11.2023 14:02:33   [Update]   Key = N   oldPayload = 1   newPayload = 2   success
18.11.2023 14:02:34   [Update]   Key = 7   oldPayload = 1   newPayload = 2   success
18.11.2023 14:02:35   [Update]   Key = Y   oldPayload = 4   newPayload = 5   success
18.11.2023 14:02:37   [Update]   Key = 7   oldPayload = 2   newPayload = 3   success
18.11.2023 14:02:38   [Update]   Key = U   oldPayload = 2   newPayload = 3   success
18.11.2023 14:02:39   [Update]   Key = 7   oldPayload = 3   newPayload = 4   success
18.11.2023 14:02:40   [Update]   Key = U   oldPayload = 3   newPayload = 4   success
18.11.2023 14:02:41   [Update]   Key = 3   oldPayload = 3   newPayload = 4   success
18.11.2023 14:02:42   [Update]   Key = Q   oldPayload = 2   newPayload = 3   success
18.11.2023 14:02:43   [Update]   Key = ]   oldPayload = 1   newPayload = 2   success
18.11.2023 14:02:44   [Update]   Key = 9   oldPayload = 1   newPayload = 2   success
18.11.2023 14:02:45   [Update]   Key = 9   oldPayload = 2   newPayload = 3   success
18.11.2023 14:02:46   [Update]   Key = 8   oldPayload = 2   newPayload = 3   success
18.11.2023 14:02:47   [Update]   Key = E   oldPayload = 3   newPayload = 4   success
18.11.2023 14:02:48   [Update]   Key = V   oldPayload = 3   newPayload = 4   success
18.11.2023 14:02:49   [Update]   Key = F   oldPayload = 2   newPayload = 3   success
18.11.2023 14:02:50   [Update]   Key = ^   oldPayload = 1   newPayload = 2   success
18.11.2023 14:02:51   [Update]   Key = 6   oldPayload = 4   newPayload = 5   success
18.11.2023 14:02:52   [Update]   Key = N   oldPayload = 2   newPayload = 3   success
18.11.2023 14:02:53   [Update]   Key = =   oldPayload = 0   newPayload = 1   success
18.11.2023 14:02:54   [Update]   Key = B   oldPayload = 3   newPayload = 4   success
18.11.2023 14:02:55   [Update]   Key = 0   oldPayload = 3   newPayload = 4   success
18.11.2023 14:02:56   [Update]   Key = Y   oldPayload = 5   newPayload = 6   success
18.11.2023 14:02:57   [Update]   Key = <   oldPayload = 3   newPayload = 4   success
18.11.2023 14:02:58   [Update]   Key = 5   oldPayload = 3   newPayload = 4   success
18.11.2023 14:02:59   [Update]   Key = :   oldPayload = 0   newPayload = 1   success
18.11.2023 14:03:00   [Update]   Key = 9   oldPayload = 3   newPayload = 4   success
18.11.2023 14:03:01   [Update]   Key = H   oldPayload = 3   newPayload = 4   success
18.11.2023 14:03:02   [Update]   Key = U   oldPayload = 4   newPayload = 5   success
18.11.2023 14:03:03   [Update]   Key = `   oldPayload = 2   newPayload = 3   success
18.11.2023 14:03:04   [Update]   Key = Q   oldPayload = 3   newPayload = 4   success
18.11.2023 14:03:05   [Update]   Key = ]   oldPayload = 2   newPayload = 3   success
18.11.2023 14:03:06   [Update]   Key = Y   oldPayload = 6   newPayload = 7   success
18.11.2023 14:03:07   [Update]   Key = 2   oldPayload = 1   newPayload = 2   success
18.11.2023 14:03:08   [Update]   Key = 0   oldPayload = 4   newPayload = 5   success
18.11.2023 14:03:09   [Update]   Key = Y   oldPayload = 7   newPayload = 8   success
18.11.2023 14:03:10   [Update]   Key = T   oldPayload = 3   newPayload = 4   success
18.11.2023 14:03:11   [Update]   Key = H   oldPayload = 4   newPayload = 5   success
18.11.2023 14:03:12   [Update]   Key = D   oldPayload = 2   newPayload = 3   success
18.11.2023 14:03:13   [Update]   Key = ^   oldPayload = 2   newPayload = 3   success
18.11.2023 14:03:14   [Update]   Key = E   oldPayload = 4   newPayload = 5   success
18.11.2023 14:03:15   [Update]   Key = `   oldPayload = 3   newPayload = 4   success
18.11.2023 14:03:16   [Update]   Key = a   oldPayload = 1   newPayload = 2   success
18.11.2023 14:03:17   [Update]   Key = B   oldPayload = 4   newPayload = 5   success
18.11.2023 14:03:18   [Update]   Key = R   oldPayload = 1   newPayload = 2   success
18.11.2023 14:03:19   [Update]   Key = O   oldPayload = 2   newPayload = 3   success
18.11.2023 14:03:20   [Update]   Key = R   oldPayload = 2   newPayload = 3   success
18.11.2023 14:03:21   [Update]   Key = 3   oldPayload = 4   newPayload = 5   success
18.11.2023 14:03:22   [Update]   Key = a   oldPayload = 2   newPayload = 3   success
18.11.2023 14:03:23   [Update]   Key = B   oldPayload = 5   newPayload = 6   success
18.11.2023 14:03:24   [Update]   Key = V   oldPayload = 4   newPayload = 5   success
18.11.2023 14:03:25   [Update]   Key = 0   oldPayload = 5   newPayload = 6   success
18.11.2023 14:03:26   [Update]   Key = V   oldPayload = 5   newPayload = 6   success
18.11.2023 14:03:27   [Update]   Key = K   oldPayload = 2   newPayload = 3   success
18.11.2023 14:03:28   [Update]   Key = A   oldPayload = 2   newPayload = 3   success
18.11.2023 14:03:29   [Update]   Key = L   oldPayload = 1   newPayload = 2   success
18.11.2023 14:03:30   [Update]   Key = [   oldPayload = 1   newPayload = 2   success
18.11.2023 14:03:31   [Update]   Key = `   oldPayload = 4   newPayload = 5   success
18.11.2023 14:03:32   [Update]   Key = Q   oldPayload = 4   newPayload = 5   success
18.11.2023 14:03:33   [Update]   Key = 7   oldPayload = 4   newPayload = 5   success
18.11.2023 14:03:34   [Update]   Key = E   oldPayload = 5   newPayload = 6   success
18.11.2023 14:03:35   [Update]   Key = :   oldPayload = 1   newPayload = 2   success
18.11.2023 14:03:36   [Update]   Key = A   oldPayload = 3   newPayload = 4   success
18.11.2023 14:03:37   [Update]   Key = =   oldPayload = 1   newPayload = 2   success
18.11.2023 14:03:38   [Update]   Key = >   oldPayload = 2   newPayload = 3   success
18.11.2023 14:03:39   [Update]   Key = 9   oldPayload = 4   newPayload = 5   success
18.11.2023 14:03:40   [Update]   Key = @   oldPayload = 3   newPayload = 4   success
18.11.2023 14:03:41   [Update]   Key = S   oldPayload = 2   newPayload = 3   success
18.11.2023 14:03:42   [Update]   Key = 1   oldPayload = 1   newPayload = 2   success
18.11.2023 14:03:43   [Update]   Key = 0   oldPayload = 6   newPayload = 7   success
18.11.2023 14:03:44   [Update]   Key = a   oldPayload = 3   newPayload = 4   success
18.11.2023 14:03:45   [Update]   Key = C   oldPayload = 1   newPayload = 2   success
18.11.2023 14:03:46   [Update]   Key = 6   oldPayload = 5   newPayload = 6   success
18.11.2023 14:03:47   [Update]   Key = `   oldPayload = 5   newPayload = 6   success
18.11.2023 14:03:48   [Update]   Key = 3   oldPayload = 5   newPayload = 6   success
18.11.2023 14:03:49   [Update]   Key = H   oldPayload = 5   newPayload = 6   success
18.11.2023 14:03:50   [Update]   Key = 8   oldPayload = 3   newPayload = 4   success
18.11.2023 14:03:51   [Update]   Key = \   oldPayload = 3   newPayload = 4   success
18.11.2023 14:03:52   [Update]   Key = 9   oldPayload = 5   newPayload = 6   success
18.11.2023 14:03:53   [Update]   Key = W   oldPayload = 2   newPayload = 3   success
18.11.2023 14:03:54   [Update]   Key = 2   oldPayload = 2   newPayload = 3   success
18.11.2023 14:03:55   [Update]   Key = ]   oldPayload = 3   newPayload = 4   success
18.11.2023 14:03:56   [Update]   Key = S   oldPayload = 3   newPayload = 4   success
18.11.2023 14:03:57   [Update]   Key = [   oldPayload = 2   newPayload = 3   success
18.11.2023 14:03:58   [Update]   Key = [   oldPayload = 3   newPayload = 4   success
18.11.2023 14:03:59   [Update]   Key = G   oldPayload = 6   newPayload = 7   success
18.11.2023 14:04:00   [Update]   Key = U   oldPayload = 5   newPayload = 6   success
18.11.2023 14:04:01   [Update]   Key = >   oldPayload = 3   newPayload = 4   success
18.11.2023 14:04:02   [Update]   Key = 3   oldPayload = 6   newPayload = 7   success
18.11.2023 14:04:03   [Update]   Key = `   oldPayload = 6   newPayload = 7   success
18.11.2023 14:04:04   [Update]   Key = 0   oldPayload = 7   newPayload = 8   success
18.11.2023 14:04:05   [Update]   Key = 8   oldPayload = 4   newPayload = 5   success
18.11.2023 14:04:06   [Update]   Key = B   oldPayload = 6   newPayload = 7   success
18.11.2023 14:04:07   [Update]   Key = N   oldPayload = 3   newPayload = 4   success
18.11.2023 14:04:08   [Update]   Key = ^   oldPayload = 3   newPayload = 4   success
18.11.2023 14:04:09   [Update]   Key = `   oldPayload = 7   newPayload = 8   success
18.11.2023 14:04:10   [Update]   Key = O   oldPayload = 3   newPayload = 4   success
18.11.2023 14:04:11   [Update]   Key = W   oldPayload = 3   newPayload = 4   success
18.11.2023 14:04:12   [Update]   Key = `   oldPayload = 8   newPayload = 9   success
18.11.2023 14:04:13   [Update]   Key = 9   oldPayload = 6   newPayload = 7   success
18.11.2023 14:04:14   [Update]   Key = 7   oldPayload = 5   newPayload = 6   success
18.11.2023 14:04:15   [Update]   Key = F   oldPayload = 3   newPayload = 4   success
18.11.2023 14:04:16   [Update]   Key = F   oldPayload = 4   newPayload = 5   success
18.11.2023 14:04:17   [Update]   Key = V   oldPayload = 6   newPayload = 7   success
18.11.2023 14:04:18   [Update]   Key = Z   oldPayload = 2   newPayload = 3   success
18.11.2023 14:04:19   [Update]   Key = V   oldPayload = 7   newPayload = 8   success
18.11.2023 14:04:20   [Update]   Key = M   oldPayload = 5   newPayload = 6   success
18.11.2023 14:04:21   [Update]   Key = X   oldPayload = 5   newPayload = 6   success
18.11.2023 14:04:22   [Update]   Key = 7   oldPayload = 6   newPayload = 7   success
18.11.2023 14:04:23   [Update]   Key = 8   oldPayload = 5   newPayload = 6   success
18.11.2023 14:04:24   [Update]   Key = Y   oldPayload = 8   newPayload = 9   success
18.11.2023 14:04:25   [Update]   Key = ?   oldPayload = 1   newPayload = 2   success
18.11.2023 14:04:26   [Update]   Key = V   oldPayload = 8   newPayload = 9   success
18.11.2023 14:04:27   [Update]   Key = 6   oldPayload = 6   newPayload = 7   success
18.11.2023 14:04:28   [Update]   Key = ;   oldPayload = 3   newPayload = 4   success
18.11.2023 14:04:29   [Update]   Key = 2   oldPayload = 3   newPayload = 4   success
18.11.2023 14:04:30   [Update]   Key = R   oldPayload = 3   newPayload = 4   success
18.11.2023 14:04:31   [Update]   Key = F   oldPayload = 5   newPayload = 6   success
18.11.2023 14:04:32   [Update]   Key = 5   oldPayload = 4   newPayload = 5   success
18.11.2023 14:04:33   [Update]   Key = L   oldPayload = 2   newPayload = 3   success
18.11.2023 14:04:34   [Update]   Key = ^   oldPayload = 4   newPayload = 5   success
18.11.2023 14:04:35   [Update]   Key = <   oldPayload = 4   newPayload = 5   success
18.11.2023 14:04:36   [Update]   Key = T   oldPayload = 4   newPayload = 5   success
18.11.2023 14:04:37   [Update]   Key = I   oldPayload = 0   newPayload = 1   success
18.11.2023 14:04:38   [Update]   Key = Q   oldPayload = 5   newPayload = 6   success
18.11.2023 14:04:39   [Update]   Key = C   oldPayload = 2   newPayload = 3   success
18.11.2023 14:04:40   [Update]   Key = Z   oldPayload = 3   newPayload = 4   success
18.11.2023 14:04:41   [Update]   Key = \   oldPayload = 4   newPayload = 5   success
18.11.2023 14:04:42   [Update]   Key = @   oldPayload = 4   newPayload = 5   success
18.11.2023 14:04:43   [Update]   Key = O   oldPayload = 4   newPayload = 5   success
18.11.2023 14:04:44   [Update]   Key = `   oldPayload = 9   newPayload = 10   success
18.11.2023 14:04:45   [Update]   Key = F   oldPayload = 6   newPayload = 7   success
18.11.2023 14:04:46   [Update]   Key = 1   oldPayload = 2   newPayload = 3   success
18.11.2023 14:04:47   [Update]   Key = E   oldPayload = 6   newPayload = 7   success
18.11.2023 14:04:48   [Update]   Key = a   oldPayload = 4   newPayload = 5   success
18.11.2023 14:04:49   [Update]   Key = 7   oldPayload = 7   newPayload = 8   success
18.11.2023 14:04:50   [Update]   Key = J   oldPayload = 3   newPayload = 4   success
18.11.2023 14:04:51   [Update]   Key = Z   oldPayload = 4   newPayload = 5   success
18.11.2023 14:04:53   [Update]   Key = W   oldPayload = 4   newPayload = 5   success
18.11.2023 14:04:54   [Update]   Key = I   oldPayload = 1   newPayload = 2   success
18.11.2023 14:04:55   [Update]   Key = <   oldPayload = 5   newPayload = 6   success
18.11.2023 14:04:56   [Update]   Key = 0   oldPayload = 8   newPayload = 9   success
18.11.2023 14:04:57   [Update]   Key = :   oldPayload = 2   newPayload = 3   success
18.11.2023 14:04:58   [Update]   Key = 3   oldPayload = 7   newPayload = 8   success
18.11.2023 14:04:59   [Update]   Key = C   oldPayload = 3   newPayload = 4   success
18.11.2023 14:05:00   [Update]   Key = ;   oldPayload = 4   newPayload = 5   success
18.11.2023 14:05:01   [Update]   Key = V   oldPayload = 9   newPayload = 10   success
18.11.2023 14:05:02   [Update]   Key = 1   oldPayload = 3   newPayload = 4   success
18.11.2023 14:05:03   [Update]   Key = W   oldPayload = 5   newPayload = 6   success
18.11.2023 14:05:04   [Update]   Key = 5   oldPayload = 5   newPayload = 6   success
18.11.2023 14:05:05   [Update]   Key = G   oldPayload = 7   newPayload = 8   success
18.11.2023 14:05:06   [Update]   Key = 2   oldPayload = 4   newPayload = 5   success
18.11.2023 14:05:07   [Update]   Key = S   oldPayload = 4   newPayload = 5   success
18.11.2023 14:05:08   [Update]   Key = P   oldPayload = 1   newPayload = 2   success
18.11.2023 14:05:09   [Update]   Key = S   oldPayload = 5   newPayload = 6   success
18.11.2023 14:05:10   [Update]   Key = V   oldPayload = 10   newPayload = 11   success
18.11.2023 14:05:11   [Update]   Key = J   oldPayload = 4   newPayload = 5   success
18.11.2023 14:05:12   [Update]   Key = A   oldPayload = 4   newPayload = 5   success
18.11.2023 14:05:13   [Update]   Key = 7   oldPayload = 8   newPayload = 9   success
18.11.2023 14:05:14   [Update]   Key = P   oldPayload = 2   newPayload = 3   success
18.11.2023 14:05:15   [Update]   Key = P   oldPayload = 3   newPayload = 4   success
18.11.2023 14:05:16   [Update]   Key = C   oldPayload = 4   newPayload = 5   success
18.11.2023 14:05:17   [Update]   Key = 4   oldPayload = 2   newPayload = 3   success
18.11.2023 14:05:18   [Update]   Key = E   oldPayload = 7   newPayload = 8   success
18.11.2023 14:05:19   [Update]   Key = W   oldPayload = 6   newPayload = 7   success
18.11.2023 14:05:20   [Update]   Key = J   oldPayload = 5   newPayload = 6   success
18.11.2023 14:05:21   [Update]   Key = M   oldPayload = 6   newPayload = 7   success
18.11.2023 14:05:22   [Update]   Key = B   oldPayload = 7   newPayload = 8   success
18.11.2023 14:05:23   [Update]   Key = Z   oldPayload = 5   newPayload = 6   success
18.11.2023 14:05:24   [Update]   Key = I   oldPayload = 2   newPayload = 3   success
18.11.2023 14:05:25   [Update]   Key = 5   oldPayload = 6   newPayload = 7   success
18.11.2023 14:05:26   [Update]   Key = R   oldPayload = 4   newPayload = 5   success
18.11.2023 14:05:27   [Update]   Key = a   oldPayload = 5   newPayload = 6   success
18.11.2023 14:05:28   [Update]   Key = Y   oldPayload = 9   newPayload = 10   success
18.11.2023 14:05:29   [Update]   Key = <   oldPayload = 6   newPayload = 7   success
18.11.2023 14:05:30   [Update]   Key = ]   oldPayload = 4   newPayload = 5   success
18.11.2023 14:05:31   [Update]   Key = :   oldPayload = 3   newPayload = 4   success
18.11.2023 14:05:32   [Update]   Key = B   oldPayload = 8   newPayload = 9   success
18.11.2023 14:05:33   [Update]   Key = 3   oldPayload = 8   newPayload = 9   success
18.11.2023 14:05:34   [Update]   Key = W   oldPayload = 7   newPayload = 8   success
18.11.2023 14:05:35   [Update]   Key = G   oldPayload = 8   newPayload = 9   success
18.11.2023 14:05:36   [Update]   Key = M   oldPayload = 7   newPayload = 8   success
18.11.2023 14:05:37   [Update]   Key = ^   oldPayload = 5   newPayload = 6   success
18.11.2023 14:05:38   [Update]   Key = U   oldPayload = 6   newPayload = 7   success
18.11.2023 14:05:39   [Update]   Key = M   oldPayload = 8   newPayload = 9   success
18.11.2023 14:05:40   [Update]   Key = a   oldPayload = 6   newPayload = 7   success
18.11.2023 14:05:41   [Update]   Key = U   oldPayload = 7   newPayload = 8   success
18.11.2023 14:05:42   [Update]   Key = @   oldPayload = 5   newPayload = 6   success
18.11.2023 14:05:43   [Update]   Key = a   oldPayload = 7   newPayload = 8   success
18.11.2023 14:05:44   [Update]   Key = [   oldPayload = 4   newPayload = 5   success
18.11.2023 14:05:45   [Update]   Key = ]   oldPayload = 5   newPayload = 6   success
18.11.2023 14:05:46   [Update]   Key = _   oldPayload = 3   newPayload = 4   success
18.11.2023 14:05:48   [Update]   Key = @   oldPayload = 6   newPayload = 7   success
18.11.2023 14:05:49   [Update]   Key = T   oldPayload = 5   newPayload = 6   success
18.11.2023 14:05:50   [Update]   Key = 5   oldPayload = 7   newPayload = 8   success
18.11.2023 14:05:51   [Update]   Key = V   oldPayload = 11   newPayload = 12   success
18.11.2023 14:05:52   [Update]   Key = P   oldPayload = 4   newPayload = 5   success
18.11.2023 14:05:53   [Update]   Key = 5   oldPayload = 8   newPayload = 9   success
18.11.2023 14:05:54   [Update]   Key = R   oldPayload = 5   newPayload = 6   success
18.11.2023 14:05:55   [Update]   Key = >   oldPayload = 4   newPayload = 5   success
18.11.2023 14:05:56   [Update]   Key = 1   oldPayload = 4   newPayload = 5   success
18.11.2023 14:05:57   [Update]   Key = @   oldPayload = 7   newPayload = 8   success
18.11.2023 14:05:58   [Update]   Key = E   oldPayload = 8   newPayload = 9   success
18.11.2023 14:05:59   [Update]   Key = T   oldPayload = 6   newPayload = 7   success
18.11.2023 14:06:00   [Update]   Key = =   oldPayload = 2   newPayload = 3   success
18.11.2023 14:06:01   [Update]   Key = =   oldPayload = 3   newPayload = 4   success
18.11.2023 14:06:02   [Update]   Key = 5   oldPayload = 9   newPayload = 10   success
18.11.2023 14:06:03   [Update]   Key = S   oldPayload = 6   newPayload = 7   success
18.11.2023 14:06:04   [Update]   Key = 3   oldPayload = 9   newPayload = 10   success
18.11.2023 14:06:05   [Update]   Key = <   oldPayload = 7   newPayload = 8   success
18.11.2023 14:06:06   [Update]   Key = 8   oldPayload = 6   newPayload = 7   success
18.11.2023 14:06:07   [Update]   Key = P   oldPayload = 5   newPayload = 6   success
18.11.2023 14:06:08   [Update]   Key = ]   oldPayload = 6   newPayload = 7   success
18.11.2023 14:06:09   [Update]   Key = =   oldPayload = 4   newPayload = 5   success
18.11.2023 14:06:10   [Update]   Key = 6   oldPayload = 7   newPayload = 8   success
18.11.2023 14:06:11   [Update]   Key = E   oldPayload = 9   newPayload = 10   success
18.11.2023 14:06:12   [Update]   Key = 8   oldPayload = 7   newPayload = 8   success
18.11.2023 14:06:13   [Update]   Key = ^   oldPayload = 6   newPayload = 7   success
18.11.2023 14:06:14   [Update]   Key = P   oldPayload = 6   newPayload = 7   success
18.11.2023 14:06:15   [Update]   Key = O   oldPayload = 5   newPayload = 6   success
18.11.2023 14:06:16   [Update]   Key = \   oldPayload = 5   newPayload = 6   success
18.11.2023 14:06:17   [Update]   Key = ^   oldPayload = 7   newPayload = 8   success
18.11.2023 14:06:18   [Update]   Key = F   oldPayload = 7   newPayload = 8   success
18.11.2023 14:06:19   [Update]   Key = M   oldPayload = 9   newPayload = 10   success
18.11.2023 14:06:20   [Update]   Key = ;   oldPayload = 5   newPayload = 6   success
18.11.2023 14:06:21   [Update]   Key = S   oldPayload = 7   newPayload = 8   success
18.11.2023 14:06:22   [Update]   Key = 0   oldPayload = 9   newPayload = 10   success
18.11.2023 14:06:23   [Update]   Key = G   oldPayload = 9   newPayload = 10   success
18.11.2023 14:06:24   [Update]   Key = @   oldPayload = 8   newPayload = 9   success
18.11.2023 14:06:25   [Update]   Key = \   oldPayload = 6   newPayload = 7   success
18.11.2023 14:06:26   [Update]   Key = 9   oldPayload = 7   newPayload = 8   success
18.11.2023 14:06:27   [Update]   Key = Z   oldPayload = 6   newPayload = 7   success
18.11.2023 14:06:28   [Update]   Key = W   oldPayload = 8   newPayload = 9   success
18.11.2023 14:06:29   [Update]   Key = 3   oldPayload = 10   newPayload = 11   success
18.11.2023 14:06:30   [Update]   Key = H   oldPayload = 6   newPayload = 7   success
18.11.2023 14:06:31   [Update]   Key = 4   oldPayload = 3   newPayload = 4   success
18.11.2023 14:06:32   [Update]   Key = :   oldPayload = 4   newPayload = 5   success
18.11.2023 14:06:33   [Update]   Key = ]   oldPayload = 7   newPayload = 8   success
18.11.2023 14:06:34   [Update]   Key = a   oldPayload = 8   newPayload = 9   success
18.11.2023 14:06:35   [Update]   Key = T   oldPayload = 7   newPayload = 8   success
18.11.2023 14:06:36   [Update]   Key = =   oldPayload = 5   newPayload = 6   success
18.11.2023 14:06:37   [Update]   Key = H   oldPayload = 7   newPayload = 8   success
18.11.2023 14:06:38   [Update]   Key = F   oldPayload = 8   newPayload = 9   success
18.11.2023 14:06:39   [Update]   Key = B   oldPayload = 9   newPayload = 10   success
18.11.2023 14:06:40   [Update]   Key = B   oldPayload = 10   newPayload = 11   success
18.11.2023 14:06:41   [Update]   Key = U   oldPayload = 8   newPayload = 9   success
18.11.2023 14:06:42   [Update]   Key = 5   oldPayload = 10   newPayload = 11   success
18.11.2023 14:06:43   [Update]   Key = 8   oldPayload = 8   newPayload = 9   success
18.11.2023 14:06:44   [Update]   Key = Y   oldPayload = 10   newPayload = 11   success
18.11.2023 14:06:45   [Update]   Key = 2   oldPayload = 5   newPayload = 6   success
18.11.2023 14:06:46   [Update]   Key = I   oldPayload = 3   newPayload = 4   success
18.11.2023 14:06:47   [Update]   Key = K   oldPayload = 3   newPayload = 4   success
18.11.2023 14:06:48   [Update]   Key = >   oldPayload = 5   newPayload = 6   success
18.11.2023 14:06:49   [Update]   Key = >   oldPayload = 6   newPayload = 7   success
18.11.2023 14:06:50   [Update]   Key = H   oldPayload = 8   newPayload = 9   success
18.11.2023 14:06:51   [Update]   Key = R   oldPayload = 6   newPayload = 7   success
18.11.2023 14:06:52   [Update]   Key = H   oldPayload = 9   newPayload = 10   success
18.11.2023 14:06:53   [Update]   Key = F   oldPayload = 9   newPayload = 10   success
18.11.2023 14:06:54   [Update]   Key = 9   oldPayload = 8   newPayload = 9   success
18.11.2023 14:06:55   [Update]   Key = Q   oldPayload = 6   newPayload = 7   success
18.11.2023 14:06:56   [Update]   Key = D   oldPayload = 3   newPayload = 4   success
18.11.2023 14:06:57   [Update]   Key = U   oldPayload = 9   newPayload = 10   success
18.11.2023 14:06:58   [Update]   Key = _   oldPayload = 4   newPayload = 5   success
18.11.2023 14:06:59   [Update]   Key = B   oldPayload = 11   newPayload = 12   success
18.11.2023 14:07:00   [Update]   Key = K   oldPayload = 4   newPayload = 5   success
18.11.2023 14:07:01   [Update]   Key = G   oldPayload = 10   newPayload = 11   success
18.11.2023 14:07:02   [Update]   Key = D   oldPayload = 4   newPayload = 5   success
18.11.2023 14:07:03   [Update]   Key = =   oldPayload = 6   newPayload = 7   success
18.11.2023 14:07:04   [Update]   Key = B   oldPayload = 12   newPayload = 13   success
18.11.2023 14:07:05   [Update]   Key = Z   oldPayload = 7   newPayload = 8   success
18.11.2023 14:07:06   [Update]   Key = S   oldPayload = 8   newPayload = 9   success
18.11.2023 14:07:07   [Update]   Key = 2   oldPayload = 6   newPayload = 7   success
18.11.2023 14:07:08   [Update]   Key = N   oldPayload = 4   newPayload = 5   success
18.11.2023 14:07:09   [Update]   Key = =   oldPayload = 7   newPayload = 8   success
18.11.2023 14:07:10   [Update]   Key = K   oldPayload = 5   newPayload = 6   success
18.11.2023 14:07:11   [Update]   Key = 2   oldPayload = 7   newPayload = 8   success
18.11.2023 14:07:12   [Update]   Key = a   oldPayload = 9   newPayload = 10   success
18.11.2023 14:07:13   [Update]   Key = K   oldPayload = 6   newPayload = 7   success
18.11.2023 14:07:14   [Update]   Key = I   oldPayload = 4   newPayload = 5   success
18.11.2023 14:07:15   [Update]   Key = [   oldPayload = 5   newPayload = 6   success
18.11.2023 14:07:16   [Update]   Key = H   oldPayload = 10   newPayload = 11   success
18.11.2023 14:07:17   [Update]   Key = G   oldPayload = 11   newPayload = 12   success
18.11.2023 14:07:18   [Update]   Key = F   oldPayload = 10   newPayload = 11   success
18.11.2023 14:07:19   [Update]   Key = ;   oldPayload = 6   newPayload = 7   success
18.11.2023 14:07:20   [Update]   Key = O   oldPayload = 6   newPayload = 7   success
18.11.2023 14:07:21   [Update]   Key = 3   oldPayload = 11   newPayload = 12   success
18.11.2023 14:07:22   [Update]   Key = P   oldPayload = 7   newPayload = 8   success
18.11.2023 14:07:23   [Update]   Key = 5   oldPayload = 11   newPayload = 12   success
18.11.2023 14:07:24   [Update]   Key = [   oldPayload = 6   newPayload = 7   success
18.11.2023 14:07:25   [Update]   Key = I   oldPayload = 5   newPayload = 6   success
18.11.2023 14:07:26   [Update]   Key = O   oldPayload = 7   newPayload = 8   success
18.11.2023 14:07:27   [Update]   Key = Z   oldPayload = 8   newPayload = 9   success
18.11.2023 14:07:28   [Update]   Key = Z   oldPayload = 9   newPayload = 10   success
18.11.2023 14:07:29   [Update]   Key = F   oldPayload = 11   newPayload = 12   success
18.11.2023 14:07:30   [Update]   Key = T   oldPayload = 8   newPayload = 9   success
18.11.2023 14:07:31   [Update]   Key = >   oldPayload = 7   newPayload = 8   success
18.11.2023 14:07:32   [Update]   Key = 0   oldPayload = 10   newPayload = 11   success
18.11.2023 14:07:33   [Update]   Key = U   oldPayload = 10   newPayload = 11   success
18.11.2023 14:07:34   [Update]   Key = :   oldPayload = 5   newPayload = 6   success
18.11.2023 14:07:35   [Update]   Key = =   oldPayload = 8   newPayload = 9   success
18.11.2023 14:07:36   [Update]   Key = H   oldPayload = 11   newPayload = 12   success
18.11.2023 14:07:37   [Update]   Key = D   oldPayload = 5   newPayload = 6   success
18.11.2023 14:07:38   [Update]   Key = D   oldPayload = 6   newPayload = 7   success
18.11.2023 14:07:39   [Update]   Key = S   oldPayload = 9   newPayload = 10   success
18.11.2023 14:07:40   [Update]   Key = Q   oldPayload = 7   newPayload = 8   success
18.11.2023 14:07:41   [Update]   Key = ;   oldPayload = 7   newPayload = 8   success
18.11.2023 14:07:42   [Update]   Key = :   oldPayload = 6   newPayload = 7   success
18.11.2023 14:07:43   [Update]   Key = ^   oldPayload = 8   newPayload = 9   success
18.11.2023 14:07:44   [Update]   Key = A   oldPayload = 5   newPayload = 6   success
18.11.2023 14:07:45   [Update]   Key = S   oldPayload = 10   newPayload = 11   success
18.11.2023 14:07:46   [Update]   Key = 0   oldPayload = 11   newPayload = 12   success
18.11.2023 14:07:47   [Update]   Key = X   oldPayload = 6   newPayload = 7   success
18.11.2023 14:07:49   [Update]   Key = \   oldPayload = 7   newPayload = 8   success
18.11.2023 14:07:50   [Update]   Key = ]   oldPayload = 8   newPayload = 9   success
18.11.2023 14:07:52   [Update]   Key = H   oldPayload = 12   newPayload = 13   success
18.11.2023 14:07:53   [Update]   Key = C   oldPayload = 5   newPayload = 6   success
18.11.2023 14:07:54   [Update]   Key = I   oldPayload = 6   newPayload = 7   success
18.11.2023 14:07:55   [Update]   Key = J   oldPayload = 6   newPayload = 7   success
18.11.2023 14:07:56   [Update]   Key = \   oldPayload = 8   newPayload = 9   success
18.11.2023 14:08:04   [Update]   Key = 8   oldPayload = 9   newPayload = 10   success
18.11.2023 14:08:06   [Update]   Key = 2   oldPayload = 8   newPayload = 9   success
18.11.2023 14:08:07   [Update]   Key = E   oldPayload = 10   newPayload = 11   success
18.11.2023 14:08:08   [Update]   Key = @   oldPayload = 9   newPayload = 10   success
18.11.2023 14:08:09   [Update]   Key = L   oldPayload = 3   newPayload = 4   success
18.11.2023 14:08:10   [Update]   Key = [   oldPayload = 7   newPayload = 8   success
18.11.2023 14:08:11   [Update]   Key = 1   oldPayload = 5   newPayload = 6   success
18.11.2023 14:08:12   [Update]   Key = R   oldPayload = 7   newPayload = 8   success
18.11.2023 14:08:13   [Update]   Key = B   oldPayload = 13   newPayload = 14   success
18.11.2023 14:08:15   [Update]   Key = >   oldPayload = 8   newPayload = 9   success
18.11.2023 14:08:16   [Update]   Key = C   oldPayload = 6   newPayload = 7   success
18.11.2023 14:08:17   [Update]   Key = 2   oldPayload = 9   newPayload = 10   success
18.11.2023 14:08:18   [Update]   Key = 0   oldPayload = 12   newPayload = 13   success
18.11.2023 14:08:19   [Update]   Key = U   oldPayload = 11   newPayload = 12   success
18.11.2023 14:08:20   [Update]   Key = :   oldPayload = 7   newPayload = 8   success
18.11.2023 14:08:21   [Update]   Key = J   oldPayload = 7   newPayload = 8   success
18.11.2023 14:08:22   [Update]   Key = :   oldPayload = 8   newPayload = 9   success
18.11.2023 14:08:23   [Update]   Key = 7   oldPayload = 9   newPayload = 10   success
18.11.2023 14:08:24   [Update]   Key = D   oldPayload = 7   newPayload = 8   success
18.11.2023 14:08:25   [Update]   Key = ?   oldPayload = 2   newPayload = 3   success
18.11.2023 14:08:26   [Update]   Key = J   oldPayload = 8   newPayload = 9   success
18.11.2023 14:08:27   [Update]   Key = K   oldPayload = 7   newPayload = 8   success
18.11.2023 14:08:28   [Update]   Key = [   oldPayload = 8   newPayload = 9   success
18.11.2023 14:08:29   [Update]   Key = 8   oldPayload = 10   newPayload = 11   success
18.11.2023 14:08:30   [Update]   Key = >   oldPayload = 9   newPayload = 10   success
18.11.2023 14:08:31   [Update]   Key = 9   oldPayload = 9   newPayload = 10   success
18.11.2023 14:08:32   [Update]   Key = P   oldPayload = 8   newPayload = 9   success
18.11.2023 14:08:33   [Update]   Key = T   oldPayload = 9   newPayload = 10   success
18.11.2023 14:08:34   [Update]   Key = ?   oldPayload = 3   newPayload = 4   success
18.11.2023 14:08:35   [Update]   Key = U   oldPayload = 12   newPayload = 13   success
18.11.2023 14:08:36   [Update]   Key = K   oldPayload = 8   newPayload = 9   success
18.11.2023 14:08:37   [Update]   Key = H   oldPayload = 13   newPayload = 14   success
18.11.2023 14:08:38   [Update]   Key = I   oldPayload = 7   newPayload = 8   success
18.11.2023 14:08:39   [Update]   Key = K   oldPayload = 9   newPayload = 10   success
18.11.2023 14:08:40   [Update]   Key = M   oldPayload = 10   newPayload = 11   success
18.11.2023 14:08:41   [Update]   Key = L   oldPayload = 4   newPayload = 5   success
18.11.2023 14:08:42   [Update]   Key = G   oldPayload = 12   newPayload = 13   success
18.11.2023 14:08:43   [Update]   Key = D   oldPayload = 8   newPayload = 9   success
18.11.2023 14:08:44   [Update]   Key = 2   oldPayload = 10   newPayload = 11   success
18.11.2023 14:08:45   [Update]   Key = <   oldPayload = 8   newPayload = 9   success
18.11.2023 14:08:46   [Update]   Key = G   oldPayload = 13   newPayload = 14   success
18.11.2023 14:08:47   [Update]   Key = ^   oldPayload = 9   newPayload = 10   success
18.11.2023 14:08:48   [Update]   Key = U   oldPayload = 13   newPayload = 14   success
18.11.2023 14:08:49   [Update]   Key = ;   oldPayload = 8   newPayload = 9   success
18.11.2023 14:08:50   [Update]   Key = ]   oldPayload = 9   newPayload = 10   success
18.11.2023 14:08:51   [Update]   Key = I   oldPayload = 8   newPayload = 9   success
18.11.2023 14:08:52   [Update]   Key = >   oldPayload = 10   newPayload = 11   success
18.11.2023 14:08:53   [Update]   Key = :   oldPayload = 9   newPayload = 10   success
18.11.2023 14:08:54   [Update]   Key = 2   oldPayload = 11   newPayload = 12   success
18.11.2023 14:08:55   [Update]   Key = @   oldPayload = 10   newPayload = 11   success
18.11.2023 14:08:56   [Update]   Key = N   oldPayload = 5   newPayload = 6   success
18.11.2023 14:08:57   [Update]   Key = J   oldPayload = 9   newPayload = 10   success
18.11.2023 14:08:58   [Update]   Key = ;   oldPayload = 9   newPayload = 10   success
18.11.2023 14:08:59   [Update]   Key = E   oldPayload = 11   newPayload = 12   success
18.11.2023 14:09:00   [Update]   Key = ;   oldPayload = 10   newPayload = 11   success
18.11.2023 14:09:01   [Update]   Key = _   oldPayload = 5   newPayload = 6   success
18.11.2023 14:09:02   [Update]   Key = 3   oldPayload = 12   newPayload = 13   success
18.11.2023 14:09:03   [Update]   Key = D   oldPayload = 9   newPayload = 10   success
18.11.2023 14:09:04   [Update]   Key = X   oldPayload = 7   newPayload = 8   success
18.11.2023 14:09:05   [Update]   Key = H   oldPayload = 14   newPayload = 15   success
18.11.2023 14:09:06   [Update]   Key = V   oldPayload = 12   newPayload = 13   success
18.11.2023 14:09:07   [Update]   Key = =   oldPayload = 9   newPayload = 10   success
18.11.2023 14:09:08   [Update]   Key = X   oldPayload = 8   newPayload = 9   success
18.11.2023 14:09:09   [Update]   Key = 1   oldPayload = 6   newPayload = 7   success
18.11.2023 14:09:10   [Update]   Key = <   oldPayload = 9   newPayload = 10   success
18.11.2023 14:09:11   [Update]   Key = M   oldPayload = 11   newPayload = 12   success
18.11.2023 14:09:12   [Update]   Key = 0   oldPayload = 13   newPayload = 14   success
18.11.2023 14:09:13   [Update]   Key = =   oldPayload = 10   newPayload = 11   success
18.11.2023 14:09:14   [Update]   Key = 8   oldPayload = 11   newPayload = 12   success
18.11.2023 14:09:15   [Update]   Key = L   oldPayload = 5   newPayload = 6   success
18.11.2023 14:09:16   [Update]   Key = ?   oldPayload = 4   newPayload = 5   success
18.11.2023 14:09:17   [Update]   Key = 7   oldPayload = 10   newPayload = 11   success
18.11.2023 14:09:18   [Update]   Key = K   oldPayload = 10   newPayload = 11   success
18.11.2023 14:09:19   [Update]   Key = 0   oldPayload = 14   newPayload = 15   success
18.11.2023 14:09:20   [Update]   Key = 8   oldPayload = 12   newPayload = 13   success
18.11.2023 14:09:21   [Update]   Key = W   oldPayload = 9   newPayload = 10   success
18.11.2023 14:09:22   [Update]   Key = 3   oldPayload = 13   newPayload = 14   success
18.11.2023 14:09:23   [Update]   Key = :   oldPayload = 10   newPayload = 11   success
18.11.2023 14:09:24   [Update]   Key = 7   oldPayload = 11   newPayload = 12   success
18.11.2023 14:09:25   [Update]   Key = H   oldPayload = 15   newPayload = 16   success
18.11.2023 14:09:26   [Update]   Key = K   oldPayload = 11   newPayload = 12   success
18.11.2023 14:09:27   [Update]   Key = 8   oldPayload = 13   newPayload = 14   success
18.11.2023 14:09:28   [Update]   Key = =   oldPayload = 11   newPayload = 12   success
18.11.2023 14:09:29   [Update]   Key = U   oldPayload = 14   newPayload = 15   success
18.11.2023 14:09:30   [Update]   Key = 1   oldPayload = 7   newPayload = 8   success
18.11.2023 14:09:31   [Update]   Key = 0   oldPayload = 15   newPayload = 16   success
18.11.2023 14:09:32   [Update]   Key = :   oldPayload = 11   newPayload = 12   success
18.11.2023 14:09:33   [Update]   Key = L   oldPayload = 6   newPayload = 7   success
18.11.2023 14:09:34   [Update]   Key = [   oldPayload = 9   newPayload = 10   success
18.11.2023 14:09:35   [Update]   Key = R   oldPayload = 8   newPayload = 9   success
18.11.2023 14:09:36   [Update]   Key = 5   oldPayload = 12   newPayload = 13   success
18.11.2023 14:09:37   [Update]   Key = X   oldPayload = 9   newPayload = 10   success
18.11.2023 14:09:38   [Update]   Key = ;   oldPayload = 11   newPayload = 12   success
18.11.2023 14:09:39   [Update]   Key = 4   oldPayload = 4   newPayload = 5   success
18.11.2023 14:09:40   [Update]   Key = S   oldPayload = 11   newPayload = 12   success
18.11.2023 14:09:41   [Update]   Key = 6   oldPayload = 8   newPayload = 9   success
18.11.2023 14:09:42   [Update]   Key = F   oldPayload = 12   newPayload = 13   success
18.11.2023 14:09:43   [Update]   Key = 0   oldPayload = 16   newPayload = 17   success
18.11.2023 14:09:44   [Update]   Key = G   oldPayload = 14   newPayload = 15   success
18.11.2023 14:09:45   [Update]   Key = S   oldPayload = 12   newPayload = 13   success
18.11.2023 14:09:46   [Update]   Key = 6   oldPayload = 9   newPayload = 10   success
18.11.2023 14:09:47   [Update]   Key = @   oldPayload = 11   newPayload = 12   success
18.11.2023 14:09:48   [Update]   Key = J   oldPayload = 10   newPayload = 11   success
18.11.2023 14:09:49   [Update]   Key = 7   oldPayload = 12   newPayload = 13   success
18.11.2023 14:09:50   [Update]   Key = J   oldPayload = 11   newPayload = 12   success
18.11.2023 14:09:51   [Update]   Key = 7   oldPayload = 13   newPayload = 14   success
18.11.2023 14:09:52   [Update]   Key = U   oldPayload = 15   newPayload = 16   success
18.11.2023 14:09:53   [Update]   Key = E   oldPayload = 12   newPayload = 13   success
18.11.2023 14:09:54   [Update]   Key = C   oldPayload = 7   newPayload = 8   success
18.11.2023 14:09:55   [Update]   Key = ;   oldPayload = 12   newPayload = 13   success
18.11.2023 14:09:56   [Update]   Key = ^   oldPayload = 10   newPayload = 11   success
18.11.2023 14:09:57   [Update]   Key = F   oldPayload = 13   newPayload = 14   success
18.11.2023 14:09:58   [Update]   Key = A   oldPayload = 6   newPayload = 7   success
18.11.2023 14:09:59   [Update]   Key = <   oldPayload = 10   newPayload = 11   success
18.11.2023 14:10:00   [Update]   Key = A   oldPayload = 7   newPayload = 8   success
18.11.2023 14:10:02   [Update]   Key = ^   oldPayload = 11   newPayload = 12   success
18.11.2023 14:10:03   [Update]   Key = S   oldPayload = 13   newPayload = 14   success
18.11.2023 14:10:04   [Update]   Key = Y   oldPayload = 11   newPayload = 12   success
18.11.2023 14:10:05   [Update]   Key = G   oldPayload = 15   newPayload = 16   success
18.11.2023 14:10:06   [Update]   Key = M   oldPayload = 12   newPayload = 13   success
18.11.2023 14:10:07   [Update]   Key = M   oldPayload = 13   newPayload = 14   success
18.11.2023 14:10:08   [Update]   Key = ?   oldPayload = 5   newPayload = 6   success
18.11.2023 14:10:09   [Update]   Key = 9   oldPayload = 10   newPayload = 11   success
18.11.2023 14:10:10   [Update]   Key = P   oldPayload = 9   newPayload = 10   success
18.11.2023 14:10:11   [Update]   Key = ^   oldPayload = 12   newPayload = 13   success
18.11.2023 14:10:12   [Update]   Key = 5   oldPayload = 13   newPayload = 14   success
18.11.2023 14:10:13   [Update]   Key = 3   oldPayload = 14   newPayload = 15   success
18.11.2023 14:10:14   [Update]   Key = <   oldPayload = 11   newPayload = 12   success
18.11.2023 14:10:15   [Update]   Key = R   oldPayload = 9   newPayload = 10   success
18.11.2023 14:10:16   [Update]   Key = R   oldPayload = 10   newPayload = 11   success
18.11.2023 14:10:17   [Update]   Key = 4   oldPayload = 5   newPayload = 6   success
18.11.2023 14:10:18   [Update]   Key = F   oldPayload = 14   newPayload = 15   success
18.11.2023 14:10:19   [Update]   Key = 7   oldPayload = 14   newPayload = 15   success
18.11.2023 14:10:20   [Update]   Key = C   oldPayload = 8   newPayload = 9   success
18.11.2023 14:10:21   [Update]   Key = P   oldPayload = 10   newPayload = 11   success
18.11.2023 14:10:22   [Update]   Key = =   oldPayload = 12   newPayload = 13   success
18.11.2023 14:10:23   [Update]   Key = 7   oldPayload = 15   newPayload = 16   success
18.11.2023 14:10:24   [Update]   Key = Q   oldPayload = 8   newPayload = 9   success
18.11.2023 14:10:25   [Update]   Key = ;   oldPayload = 13   newPayload = 14   success
18.11.2023 14:10:26   [Update]   Key = S   oldPayload = 14   newPayload = 15   success
18.11.2023 14:10:27   [Update]   Key = A   oldPayload = 8   newPayload = 9   success
18.11.2023 14:10:28   [Update]   Key = `   oldPayload = 10   newPayload = 11   success
18.11.2023 14:10:29   [Update]   Key = I   oldPayload = 9   newPayload = 10   success
18.11.2023 14:10:30   [Update]   Key = V   oldPayload = 13   newPayload = 14   success
18.11.2023 14:10:31   [Update]   Key = G   oldPayload = 16   newPayload = 17   success
18.11.2023 14:10:32   [Update]   Key = Z   oldPayload = 10   newPayload = 11   success
18.11.2023 14:10:33   [Update]   Key = 4   oldPayload = 6   newPayload = 7   success
18.11.2023 14:10:34   [Update]   Key = ;   oldPayload = 14   newPayload = 15   success
18.11.2023 14:10:35   [Update]   Key = Y   oldPayload = 12   newPayload = 13   success
18.11.2023 14:10:36   [Update]   Key = I   oldPayload = 10   newPayload = 11   success
18.11.2023 14:10:37   [Update]   Key = 9   oldPayload = 11   newPayload = 12   success
18.11.2023 14:10:38   [Update]   Key = I   oldPayload = 11   newPayload = 12   success
18.11.2023 14:10:39   [Update]   Key = E   oldPayload = 13   newPayload = 14   success
18.11.2023 14:10:40   [Update]   Key = D   oldPayload = 10   newPayload = 11   success
18.11.2023 14:10:41   [Update]   Key = J   oldPayload = 12   newPayload = 13   success
18.11.2023 14:10:42   [Update]   Key = R   oldPayload = 11   newPayload = 12   success
18.11.2023 14:10:43   [Update]   Key = 5   oldPayload = 14   newPayload = 15   success
18.11.2023 14:10:44   [Update]   Key = Q   oldPayload = 9   newPayload = 10   success
18.11.2023 14:10:45   [Update]   Key = 0   oldPayload = 17   newPayload = 18   success
18.11.2023 14:10:46   [Update]   Key = `   oldPayload = 11   newPayload = 12   success
18.11.2023 14:10:47   [Update]   Key = M   oldPayload = 14   newPayload = 15   success
18.11.2023 14:10:48   [Update]   Key = 1   oldPayload = 8   newPayload = 9   success
18.11.2023 14:10:49   [Update]   Key = [   oldPayload = 10   newPayload = 11   success
18.11.2023 14:10:50   [Update]   Key = R   oldPayload = 12   newPayload = 13   success
18.11.2023 14:10:51   [Update]   Key = U   oldPayload = 16   newPayload = 17   success
18.11.2023 14:10:52   [Update]   Key = R   oldPayload = 13   newPayload = 14   success
18.11.2023 14:10:53   [Update]   Key = 6   oldPayload = 10   newPayload = 11   success
18.11.2023 14:10:54   [Update]   Key = [   oldPayload = 11   newPayload = 12   success
18.11.2023 14:10:55   [Update]   Key = J   oldPayload = 13   newPayload = 14   success
18.11.2023 14:10:56   [Update]   Key = 5   oldPayload = 15   newPayload = 16   success
18.11.2023 14:10:57   [Update]   Key = <   oldPayload = 12   newPayload = 13   success
18.11.2023 14:10:58   [Update]   Key = `   oldPayload = 12   newPayload = 13   success
18.11.2023 14:10:59   [Update]   Key = O   oldPayload = 8   newPayload = 9   success
18.11.2023 14:11:00   [Update]   Key = 0   oldPayload = 18   newPayload = 19   success
18.11.2023 14:11:01   [Update]   Key = =   oldPayload = 13   newPayload = 14   success
18.11.2023 14:11:02   [Update]   Key = Y   oldPayload = 13   newPayload = 14   success
18.11.2023 14:11:03   [Update]   Key = 5   oldPayload = 16   newPayload = 17   success
18.11.2023 14:11:04   [Update]   Key = 5   oldPayload = 17   newPayload = 18   success
18.11.2023 14:11:05   [Update]   Key = Z   oldPayload = 11   newPayload = 12   success
18.11.2023 14:11:06   [Update]   Key = <   oldPayload = 13   newPayload = 14   success
18.11.2023 14:11:07   [Update]   Key = ;   oldPayload = 15   newPayload = 16   success
18.11.2023 14:11:08   [Update]   Key = K   oldPayload = 12   newPayload = 13   success
18.11.2023 14:11:09   [Update]   Key = H   oldPayload = 16   newPayload = 17   success
18.11.2023 14:11:10   [Update]   Key = L   oldPayload = 7   newPayload = 8   success
18.11.2023 14:11:11   [Update]   Key = 2   oldPayload = 12   newPayload = 13   success
18.11.2023 14:11:12   [Update]   Key = [   oldPayload = 12   newPayload = 13   success
18.11.2023 14:11:13   [Update]   Key = ^   oldPayload = 13   newPayload = 14   success
18.11.2023 14:11:14   [Update]   Key = G   oldPayload = 17   newPayload = 18   success
18.11.2023 14:11:16   [Update]   Key = X   oldPayload = 10   newPayload = 11   success
18.11.2023 14:11:17   [Update]   Key = =   oldPayload = 14   newPayload = 15   success
18.11.2023 14:11:18   [Update]   Key = I   oldPayload = 12   newPayload = 13   success
18.11.2023 14:11:19   [Update]   Key = F   oldPayload = 15   newPayload = 16   success
18.11.2023 14:11:20   [Update]   Key = B   oldPayload = 14   newPayload = 15   success
18.11.2023 14:11:21   [Update]   Key = :   oldPayload = 12   newPayload = 13   success
18.11.2023 14:11:22   [Update]   Key = A   oldPayload = 9   newPayload = 10   success
18.11.2023 14:11:23   [Update]   Key = P   oldPayload = 11   newPayload = 12   success
18.11.2023 14:11:24   [Update]   Key = <   oldPayload = 14   newPayload = 15   success
18.11.2023 14:11:25   [Update]   Key = ]   oldPayload = 10   newPayload = 11   success
18.11.2023 14:11:26   [Update]   Key = C   oldPayload = 9   newPayload = 10   success
18.11.2023 14:11:27   [Update]   Key = O   oldPayload = 9   newPayload = 10   success
18.11.2023 14:11:28   [Update]   Key = X   oldPayload = 11   newPayload = 12   success
18.11.2023 14:11:29   [Update]   Key = V   oldPayload = 14   newPayload = 15   success
18.11.2023 14:11:30   [Update]   Key = S   oldPayload = 15   newPayload = 16   success
18.11.2023 14:11:31   [Update]   Key = X   oldPayload = 12   newPayload = 13   success
18.11.2023 14:11:32   [Update]   Key = _   oldPayload = 6   newPayload = 7   success
18.11.2023 14:11:33   [Update]   Key = W   oldPayload = 10   newPayload = 11   success
18.11.2023 14:11:34   [Update]   Key = X   oldPayload = 13   newPayload = 14   success
18.11.2023 14:11:35   [Update]   Key = ]   oldPayload = 11   newPayload = 12   success
18.11.2023 14:11:36   [Update]   Key = 3   oldPayload = 15   newPayload = 16   success
18.11.2023 14:11:37   [Update]   Key = >   oldPayload = 11   newPayload = 12   success
18.11.2023 14:11:38   [Update]   Key = 1   oldPayload = 9   newPayload = 10   success
18.11.2023 14:11:39   [Update]   Key = X   oldPayload = 14   newPayload = 15   success
18.11.2023 14:11:40   [Update]   Key = \   oldPayload = 9   newPayload = 10   success
18.11.2023 14:11:41   [Update]   Key = 8   oldPayload = 14   newPayload = 15   success
18.11.2023 14:11:42   [Update]   Key = S   oldPayload = 16   newPayload = 17   success
18.11.2023 14:11:43   [Update]   Key = 9   oldPayload = 12   newPayload = 13   success
18.11.2023 14:11:44   [Update]   Key = Z   oldPayload = 12   newPayload = 13   success
18.11.2023 14:11:45   [Update]   Key = 5   oldPayload = 18   newPayload = 19   success
18.11.2023 14:11:46   [Update]   Key = >   oldPayload = 12   newPayload = 13   success
18.11.2023 14:11:48   [Update]   Key = O   oldPayload = 10   newPayload = 11   success
18.11.2023 14:11:49   [Update]   Key = 3   oldPayload = 16   newPayload = 17   success
18.11.2023 14:11:50   [Update]   Key = M   oldPayload = 15   newPayload = 16   success
18.11.2023 14:11:51   [Update]   Key = I   oldPayload = 13   newPayload = 14   success
18.11.2023 14:11:52   [Update]   Key = 8   oldPayload = 15   newPayload = 16   success
18.11.2023 14:11:53   [Update]   Key = Z   oldPayload = 13   newPayload = 14   success
18.11.2023 14:11:54   [Update]   Key = _   oldPayload = 7   newPayload = 8   success
18.11.2023 14:11:55   [Update]   Key = a   oldPayload = 10   newPayload = 11   success
18.11.2023 14:11:56   [Update]   Key = 6   oldPayload = 11   newPayload = 12   success
18.11.2023 14:11:57   [Update]   Key = ;   oldPayload = 16   newPayload = 17   success
18.11.2023 14:11:58   [Update]   Key = K   oldPayload = 13   newPayload = 14   success
18.11.2023 14:11:59   [Update]   Key = A   oldPayload = 10   newPayload = 11   success
18.11.2023 14:12:00   [Update]   Key = Y   oldPayload = 14   newPayload = 15   success
18.11.2023 14:12:01   [Update]   Key = M   oldPayload = 16   newPayload = 17   success
18.11.2023 14:12:02   [Update]   Key = X   oldPayload = 15   newPayload = 16   success
18.11.2023 14:12:03   [Update]   Key = =   oldPayload = 15   newPayload = 16   success
18.11.2023 14:12:04   [Update]   Key = H   oldPayload = 17   newPayload = 18   success
18.11.2023 14:12:05   [Update]   Key = 1   oldPayload = 10   newPayload = 11   success
18.11.2023 14:12:06   [Update]   Key = K   oldPayload = 14   newPayload = 15   success
18.11.2023 14:12:07   [Update]   Key = ?   oldPayload = 6   newPayload = 7   success
18.11.2023 14:12:08   [Update]   Key = Q   oldPayload = 10   newPayload = 11   success
18.11.2023 14:12:09   [Update]   Key = =   oldPayload = 16   newPayload = 17   success
18.11.2023 14:12:10   [Update]   Key = Z   oldPayload = 14   newPayload = 15   success
18.11.2023 14:12:11   [Update]   Key = H   oldPayload = 18   newPayload = 19   success
18.11.2023 14:12:12   [Update]   Key = 1   oldPayload = 11   newPayload = 12   success
18.11.2023 14:12:13   [Update]   Key = Z   oldPayload = 15   newPayload = 16   success
18.11.2023 14:12:14   [Update]   Key = 9   oldPayload = 13   newPayload = 14   success
18.11.2023 14:12:15   [Update]   Key = D   oldPayload = 11   newPayload = 12   success
18.11.2023 14:12:16   [Update]   Key = L   oldPayload = 8   newPayload = 9   success
18.11.2023 14:12:17   [Update]   Key = K   oldPayload = 15   newPayload = 16   success
18.11.2023 14:12:18   [Update]   Key = R   oldPayload = 14   newPayload = 15   success
18.11.2023 14:12:19   [Update]   Key = I   oldPayload = 14   newPayload = 15   success
18.11.2023 14:12:20   [Update]   Key = T   oldPayload = 10   newPayload = 11   success
18.11.2023 14:12:21   [Update]   Key = `   oldPayload = 13   newPayload = 14   success
18.11.2023 14:12:22   [Update]   Key = D   oldPayload = 12   newPayload = 13   success
18.11.2023 14:12:23   [Update]   Key = U   oldPayload = 17   newPayload = 18   success
18.11.2023 14:12:24   [Update]   Key = _   oldPayload = 8   newPayload = 9   success
18.11.2023 14:12:25   [Update]   Key = 4   oldPayload = 7   newPayload = 8   success
18.11.2023 14:12:26   [Update]   Key = 3   oldPayload = 17   newPayload = 18   success
18.11.2023 14:12:27   [Update]   Key = E   oldPayload = 14   newPayload = 15   success
18.11.2023 14:12:28   [Update]   Key = =   oldPayload = 17   newPayload = 18   success
18.11.2023 14:12:29   [Update]   Key = 6   oldPayload = 12   newPayload = 13   success
18.11.2023 14:12:30   [Update]   Key = =   oldPayload = 18   newPayload = 19   success
18.11.2023 14:12:31   [Update]   Key = :   oldPayload = 13   newPayload = 14   success
18.11.2023 14:12:32   [Update]   Key = E   oldPayload = 15   newPayload = 16   success
18.11.2023 14:12:33   [Update]   Key = W   oldPayload = 11   newPayload = 12   success
18.11.2023 14:12:34   [Update]   Key = X   oldPayload = 16   newPayload = 17   success
18.11.2023 14:12:35   [Update]   Key = >   oldPayload = 13   newPayload = 14   success
18.11.2023 14:12:36   [Update]   Key = Z   oldPayload = 16   newPayload = 17   success
18.11.2023 14:12:37   [Update]   Key = C   oldPayload = 10   newPayload = 11   success
18.11.2023 14:12:38   [Update]   Key = =   oldPayload = 19   newPayload = 20   success
18.11.2023 14:12:39   [Update]   Key = Y   oldPayload = 15   newPayload = 16   success
18.11.2023 14:12:40   [Update]   Key = 4   oldPayload = 8   newPayload = 9   success
18.11.2023 14:12:41   [Update]   Key = B   oldPayload = 15   newPayload = 16   success
18.11.2023 14:12:42   [Update]   Key = P   oldPayload = 12   newPayload = 13   success
18.11.2023 14:12:43   [Update]   Key = 0   oldPayload = 19   newPayload = 20   success
18.11.2023 14:12:44   [Update]   Key = 5   oldPayload = 19   newPayload = 20   success
18.11.2023 14:12:45   [Update]   Key = I   oldPayload = 15   newPayload = 16   success
18.11.2023 14:12:46   [Update]   Key = W   oldPayload = 12   newPayload = 13   success
18.11.2023 14:12:47   [Update]   Key = 3   oldPayload = 18   newPayload = 19   success
18.11.2023 14:12:48   [Update]   Key = F   oldPayload = 16   newPayload = 17   success
18.11.2023 14:12:49   [Update]   Key = `   oldPayload = 14   newPayload = 15   success
18.11.2023 14:12:50   [Update]   Key = _   oldPayload = 9   newPayload = 10   success
18.11.2023 14:12:51   [Update]   Key = R   oldPayload = 15   newPayload = 16   success
18.11.2023 14:12:52   [Update]   Key = `   oldPayload = 15   newPayload = 16   success
18.11.2023 14:12:53   [Update]   Key = E   oldPayload = 16   newPayload = 17   success
18.11.2023 14:12:54   [Update]   Key = >   oldPayload = 14   newPayload = 15   success
18.11.2023 14:12:55   [Update]   Key = =   oldPayload = 20   newPayload = 21   success
18.11.2023 14:12:56   [Update]   Key = I   oldPayload = 16   newPayload = 17   success
18.11.2023 14:12:57   [Update]   Key = ]   oldPayload = 12   newPayload = 13   success
18.11.2023 14:12:58   [Update]   Key = <   oldPayload = 15   newPayload = 16   success
18.11.2023 14:12:59   [Update]   Key = ^   oldPayload = 14   newPayload = 15   success
18.11.2023 14:13:00   [Update]   Key = L   oldPayload = 9   newPayload = 10   success
18.11.2023 14:13:01   [Update]   Key = C   oldPayload = 11   newPayload = 12   success
18.11.2023 14:13:02   [Update]   Key = <   oldPayload = 16   newPayload = 17   success
18.11.2023 14:13:03   [Update]   Key = C   oldPayload = 12   newPayload = 13   success
18.11.2023 14:13:04   [Update]   Key = S   oldPayload = 17   newPayload = 18   success
18.11.2023 14:13:05   [Update]   Key = W   oldPayload = 13   newPayload = 14   success
18.11.2023 14:13:06   [Update]   Key = \   oldPayload = 10   newPayload = 11   success
18.11.2023 14:13:07   [Update]   Key = ?   oldPayload = 7   newPayload = 8   success
18.11.2023 14:13:08   [Update]   Key = X   oldPayload = 17   newPayload = 18   success
18.11.2023 14:13:09   [Update]   Key = ]   oldPayload = 13   newPayload = 14   success
18.11.2023 14:13:10   [Update]   Key = 8   oldPayload = 16   newPayload = 17   success
18.11.2023 14:13:11   [Update]   Key = B   oldPayload = 16   newPayload = 17   success
18.11.2023 14:13:12   [Update]   Key = D   oldPayload = 13   newPayload = 14   success
18.11.2023 14:13:13   [Update]   Key = 1   oldPayload = 12   newPayload = 13   success
18.11.2023 14:13:14   [Update]   Key = G   oldPayload = 18   newPayload = 19   success
18.11.2023 14:13:15   [Update]   Key = P   oldPayload = 13   newPayload = 14   success
18.11.2023 14:13:16   [Update]   Key = F   oldPayload = 17   newPayload = 18   success
18.11.2023 14:13:17   [Update]   Key = 2   oldPayload = 13   newPayload = 14   success
18.11.2023 14:13:18   [Update]   Key = U   oldPayload = 18   newPayload = 19   success
18.11.2023 14:13:19   [Update]   Key = D   oldPayload = 14   newPayload = 15   success
18.11.2023 14:13:20   [Update]   Key = =   oldPayload = 21   newPayload = 22   success
18.11.2023 14:13:21   [Update]   Key = 1   oldPayload = 13   newPayload = 14   success
18.11.2023 14:13:22   [Update]   Key = 3   oldPayload = 19   newPayload = 20   success
18.11.2023 14:13:23   [Update]   Key = G   oldPayload = 19   newPayload = 20   success
18.11.2023 14:13:24   [Update]   Key = K   oldPayload = 16   newPayload = 17   success
18.11.2023 14:13:25   [Update]   Key = 0   oldPayload = 20   newPayload = 21   success
18.11.2023 14:13:26   [Update]   Key = C   oldPayload = 13   newPayload = 14   success
18.11.2023 14:13:27   [Update]   Key = ?   oldPayload = 8   newPayload = 9   success
18.11.2023 14:13:28   [Update]   Key = ?   oldPayload = 9   newPayload = 10   success
18.11.2023 14:13:29   [Update]   Key = L   oldPayload = 10   newPayload = 11   success
18.11.2023 14:13:30   [Update]   Key = [   oldPayload = 13   newPayload = 14   success
18.11.2023 14:13:31   [Update]   Key = _   oldPayload = 10   newPayload = 11   success
18.11.2023 14:13:32   [Update]   Key = V   oldPayload = 15   newPayload = 16   success
18.11.2023 14:13:33   [Update]   Key = [   oldPayload = 14   newPayload = 15   success
18.11.2023 14:13:34   [Update]   Key = U   oldPayload = 19   newPayload = 20   success
18.11.2023 14:13:35   [Update]   Key = 9   oldPayload = 14   newPayload = 15   success
18.11.2023 14:13:36   [Update]   Key = =   oldPayload = 22   newPayload = 23   success
18.11.2023 14:13:37   [Update]   Key = a   oldPayload = 11   newPayload = 12   success
18.11.2023 14:13:38   [Update]   Key = O   oldPayload = 11   newPayload = 12   success
18.11.2023 14:13:39   [Update]   Key = V   oldPayload = 16   newPayload = 17   success
18.11.2023 14:13:40   [Update]   Key = Z   oldPayload = 17   newPayload = 18   success
18.11.2023 14:13:41   [Update]   Key = 8   oldPayload = 17   newPayload = 18   success
18.11.2023 14:13:42   [Update]   Key = :   oldPayload = 14   newPayload = 15   success
18.11.2023 14:13:43   [Update]   Key = E   oldPayload = 17   newPayload = 18   success
18.11.2023 14:13:44   [Update]   Key = 8   oldPayload = 18   newPayload = 19   success
18.11.2023 14:13:45   [Update]   Key = 4   oldPayload = 9   newPayload = 10   success
18.11.2023 14:13:47   [Update]   Key = V   oldPayload = 17   newPayload = 18   success
18.11.2023 14:13:48   [Update]   Key = ^   oldPayload = 15   newPayload = 16   success
18.11.2023 14:13:49   [Update]   Key = X   oldPayload = 18   newPayload = 19   success
18.11.2023 14:13:50   [Update]   Key = a   oldPayload = 12   newPayload = 13   success
18.11.2023 14:13:51   [Update]   Key = [   oldPayload = 15   newPayload = 16   success
18.11.2023 14:13:52   [Update]   Key = N   oldPayload = 6   newPayload = 7   success
18.11.2023 14:13:53   [Update]   Key = D   oldPayload = 15   newPayload = 16   success
18.11.2023 14:13:54   [Update]   Key = `   oldPayload = 16   newPayload = 17   success
18.11.2023 14:13:55   [Update]   Key = A   oldPayload = 11   newPayload = 12   success
18.11.2023 14:13:56   [Update]   Key = T   oldPayload = 11   newPayload = 12   success
18.11.2023 14:13:57   [Update]   Key = Q   oldPayload = 11   newPayload = 12   success
18.11.2023 14:13:58   [Update]   Key = S   oldPayload = 18   newPayload = 19   success
18.11.2023 14:13:59   [Update]   Key = J   oldPayload = 14   newPayload = 15   success
18.11.2023 14:14:00   [Update]   Key = S   oldPayload = 19   newPayload = 20   success
18.11.2023 14:14:01   [Update]   Key = V   oldPayload = 18   newPayload = 19   success
18.11.2023 14:14:02   [Update]   Key = 3   oldPayload = 20   newPayload = 21   success
18.11.2023 14:14:03   [Update]   Key = M   oldPayload = 17   newPayload = 18   success
18.11.2023 14:14:04   [Update]   Key = H   oldPayload = 19   newPayload = 20   success
18.11.2023 14:14:05   [Update]   Key = `   oldPayload = 17   newPayload = 18   success
18.11.2023 14:14:06   [Update]   Key = G   oldPayload = 20   newPayload = 21   success
18.11.2023 14:14:07   [Update]   Key = 9   oldPayload = 15   newPayload = 16   success
18.11.2023 14:14:08   [Update]   Key = 7   oldPayload = 16   newPayload = 17   success
24.11.2023 22:56:52   [Update]   Key = Y   oldPayload = -   newPayload = -   error
24.11.2023 22:56:53   [Update]   Key = A   oldPayload = -   newPayload = -   error
24.11.2023 22:56:54   [Update]   Key = R   oldPayload = -   newPayload = -   error
24.11.2023 22:56:55   [Update]   Key = 0   oldPayload = -   newPayload = -   error
24.11.2023 22:56:56   [Update]   Key = C   oldPayload = -   newPayload = -   error
24.11.2023 22:56:57   [Update]   Key = H   oldPayload = -   newPayload = -   error
24.11.2023 22:56:58   [Update]   Key = L   oldPayload = -   newPayload = -   error
24.11.2023 22:56:59   [Update]   Key = 8   oldPayload = -   newPayload = -   error
24.11.2023 22:57:00   [Update]   Key = <   oldPayload = -   newPayload = -   error
24.11.2023 22:57:01   [Update]   Key = >   oldPayload = -   newPayload = -   error
24.11.2023 22:57:03   [Update]   Key = 5   oldPayload = -   newPayload = -   error
24.11.2023 22:57:04   [Update]   Key = ]   oldPayload = -   newPayload = -   error
24.11.2023 22:57:05   [Update]   Key = O   oldPayload = -   newPayload = -   error
24.11.2023 22:57:06   [Update]   Key = K   oldPayload = -   newPayload = -   error
24.11.2023 22:57:07   [Update]   Key = ;   oldPayload = -   newPayload = -   error
24.11.2023 22:57:08   [Update]   Key = Y   oldPayload = -   newPayload = -   error
24.11.2023 22:57:09   [Update]   Key = ]   oldPayload = -   newPayload = -   error
