e:\уник\сп\lab_14\os14_htcom\x64\debug\os14_htcom.pch
e:\уник\сп\lab_14\os14_htcom\x64\debug\vc143.pdb
e:\уник\сп\lab_14\os14_htcom\x64\debug\vc143.idb
e:\уник\сп\lab_14\os14_htcom\x64\debug\pch.obj
e:\уник\сп\lab_14\os14_htcom\x64\debug\registry.obj
e:\уник\сп\lab_14\os14_htcom\x64\debug\exportfunctions.obj
e:\уник\сп\lab_14\os14_htcom\x64\debug\dllmain.obj
e:\уник\сп\lab_14\os14_htcom\x64\debug\componentht.obj
e:\уник\сп\lab_14\os14_htcom\x64\debug\classfactory.obj
e:\уник\сп\lab_14\os14_htcom\x64\debug\os14_htcom.ilk
e:\уник\сп\lab_14\x64\debug\os14_htcom.dll
e:\уник\сп\lab_14\x64\debug\os14_htcom.pdb
e:\уник\сп\lab_14\x64\debug\os14_htcom.lib
e:\уник\сп\lab_14\x64\debug\os14_htcom.exp
e:\уник\сп\lab_14\os14_htcom\x64\debug\os14_htcom.tlog\cl.command.1.tlog
e:\уник\сп\lab_14\os14_htcom\x64\debug\os14_htcom.tlog\cl.items.tlog
e:\уник\сп\lab_14\os14_htcom\x64\debug\os14_htcom.tlog\cl.read.1.tlog
e:\уник\сп\lab_14\os14_htcom\x64\debug\os14_htcom.tlog\cl.write.1.tlog
e:\уник\сп\lab_14\os14_htcom\x64\debug\os14_htcom.tlog\link.command.1.tlog
e:\уник\сп\lab_14\os14_htcom\x64\debug\os14_htcom.tlog\link.read.1.tlog
e:\уник\сп\lab_14\os14_htcom\x64\debug\os14_htcom.tlog\link.write.1.tlog
e:\уник\сп\lab_14\os14_htcom\x64\debug\os14_htcom.tlog\link.write.2u.tlog
