e:\уник\сп\os_lab13\lab4-ht-com-dll\os13_htcom\x64\debug\os13_htcom.pch
e:\уник\сп\os_lab13\lab4-ht-com-dll\os13_htcom\x64\debug\vc143.pdb
e:\уник\сп\os_lab13\lab4-ht-com-dll\os13_htcom\x64\debug\vc143.idb
e:\уник\сп\os_lab13\lab4-ht-com-dll\os13_htcom\x64\debug\pch.obj
e:\уник\сп\os_lab13\lab4-ht-com-dll\os13_htcom\x64\debug\registry.obj
e:\уник\сп\os_lab13\lab4-ht-com-dll\os13_htcom\x64\debug\exportfunctions.obj
e:\уник\сп\os_lab13\lab4-ht-com-dll\os13_htcom\x64\debug\dllmain.obj
e:\уник\сп\os_lab13\lab4-ht-com-dll\os13_htcom\x64\debug\componentht.obj
e:\уник\сп\os_lab13\lab4-ht-com-dll\os13_htcom\x64\debug\classfactory.obj
e:\уник\сп\os_lab13\lab4-ht-com-dll\os13_htcom\x64\debug\os13_htcom.ilk
e:\уник\сп\os_lab13\lab4-ht-com-dll\x64\debug\os13_htcom.dll
e:\уник\сп\os_lab13\lab4-ht-com-dll\x64\debug\os13_htcom.pdb
e:\уник\сп\os_lab13\lab4-ht-com-dll\x64\debug\os13_htcom.lib
e:\уник\сп\os_lab13\lab4-ht-com-dll\x64\debug\os13_htcom.exp
e:\уник\сп\os_lab13\lab4-ht-com-dll\os13_htcom\x64\debug\os13_htcom.tlog\cl.command.1.tlog
e:\уник\сп\os_lab13\lab4-ht-com-dll\os13_htcom\x64\debug\os13_htcom.tlog\cl.items.tlog
e:\уник\сп\os_lab13\lab4-ht-com-dll\os13_htcom\x64\debug\os13_htcom.tlog\cl.read.1.tlog
e:\уник\сп\os_lab13\lab4-ht-com-dll\os13_htcom\x64\debug\os13_htcom.tlog\cl.write.1.tlog
e:\уник\сп\os_lab13\lab4-ht-com-dll\os13_htcom\x64\debug\os13_htcom.tlog\link.command.1.tlog
e:\уник\сп\os_lab13\lab4-ht-com-dll\os13_htcom\x64\debug\os13_htcom.tlog\link.read.1.tlog
e:\уник\сп\os_lab13\lab4-ht-com-dll\os13_htcom\x64\debug\os13_htcom.tlog\link.write.1.tlog
e:\уник\сп\os_lab13\lab4-ht-com-dll\os13_htcom\x64\debug\os13_htcom.tlog\link.write.2u.tlog
