e:\os11_dll\os11_htapi\x64\debug\os11_htapi.pch
e:\os11_dll\os11_htapi\x64\debug\vc143.pdb
e:\os11_dll\os11_htapi\x64\debug\vc143.idb
e:\os11_dll\os11_htapi\x64\debug\pch.obj
e:\os11_dll\os11_htapi\x64\debug\ht.obj
e:\os11_dll\os11_htapi\x64\debug\element.obj
e:\os11_dll\os11_htapi\x64\debug\dllmain.obj
e:\os11_dll\os11_htapi\x64\debug\os11_htapi.ilk
e:\os11_dll\x64\debug\os11_htapi.dll
e:\os11_dll\x64\debug\os11_htapi.pdb
e:\os11_dll\x64\debug\os11_htapi.lib
e:\os11_dll\x64\debug\os11_htapi.exp
e:\os11_dll\os11_htapi\x64\debug\os11_htapi.tlog\cl.command.1.tlog
e:\os11_dll\os11_htapi\x64\debug\os11_htapi.tlog\cl.items.tlog
e:\os11_dll\os11_htapi\x64\debug\os11_htapi.tlog\cl.read.1.tlog
e:\os11_dll\os11_htapi\x64\debug\os11_htapi.tlog\cl.write.1.tlog
e:\os11_dll\os11_htapi\x64\debug\os11_htapi.tlog\link.command.1.tlog
e:\os11_dll\os11_htapi\x64\debug\os11_htapi.tlog\link.read.1.tlog
e:\os11_dll\os11_htapi\x64\debug\os11_htapi.tlog\link.write.1.tlog
e:\os11_dll\os11_htapi\x64\debug\os11_htapi.tlog\link.write.2u.tlog
