d:\15\lab6-ht-service-user-com-dll\os15_htcom\x64\debug\os15_htcom.pch
d:\15\lab6-ht-service-user-com-dll\os15_htcom\x64\debug\vc143.pdb
d:\15\lab6-ht-service-user-com-dll\os15_htcom\x64\debug\vc143.idb
d:\15\lab6-ht-service-user-com-dll\os15_htcom\x64\debug\pch.obj
d:\15\lab6-ht-service-user-com-dll\os15_htcom\x64\debug\registry.obj
d:\15\lab6-ht-service-user-com-dll\os15_htcom\x64\debug\exportfunctions.obj
d:\15\lab6-ht-service-user-com-dll\os15_htcom\x64\debug\dllmain.obj
d:\15\lab6-ht-service-user-com-dll\os15_htcom\x64\debug\componentht.obj
d:\15\lab6-ht-service-user-com-dll\os15_htcom\x64\debug\classfactory.obj
d:\15\lab6-ht-service-user-com-dll\os15_htcom\x64\debug\os15_htcom.ilk
d:\15\lab6-ht-service-user-com-dll\x64\debug\os15_htcom.dll
d:\15\lab6-ht-service-user-com-dll\x64\debug\os15_htcom.pdb
d:\15\lab6-ht-service-user-com-dll\x64\debug\os15_htcom.lib
d:\15\lab6-ht-service-user-com-dll\x64\debug\os15_htcom.exp
d:\15\lab6-ht-service-user-com-dll\os15_htcom\x64\debug\os15_htcom.tlog\cl.command.1.tlog
d:\15\lab6-ht-service-user-com-dll\os15_htcom\x64\debug\os15_htcom.tlog\cl.items.tlog
d:\15\lab6-ht-service-user-com-dll\os15_htcom\x64\debug\os15_htcom.tlog\cl.read.1.tlog
d:\15\lab6-ht-service-user-com-dll\os15_htcom\x64\debug\os15_htcom.tlog\cl.write.1.tlog
d:\15\lab6-ht-service-user-com-dll\os15_htcom\x64\debug\os15_htcom.tlog\link.command.1.tlog
d:\15\lab6-ht-service-user-com-dll\os15_htcom\x64\debug\os15_htcom.tlog\link.read.1.tlog
d:\15\lab6-ht-service-user-com-dll\os15_htcom\x64\debug\os15_htcom.tlog\link.write.1.tlog
d:\15\lab6-ht-service-user-com-dll\os15_htcom\x64\debug\os15_htcom.tlog\link.write.2u.tlog
